This is pdfTeX, Version 3.14159265-2.6-1.40.21 (TeX Live 2020) (preloaded format=pdflatex 2020.4.21)  22 AUG 2020 19:05
entering extended mode
 restricted \write18 enabled.
 %&-line parsing enabled.
**index.tex
(./index.tex
LaTeX2e <2020-02-02> patch level 5
L3 programming layer <2020-03-06>
(/usr/local/texlive/2020/texmf-dist/tex/latex/base/report.cls
Document Class: report 2019/12/20 v1.4l Standard LaTeX document class
(/usr/local/texlive/2020/texmf-dist/tex/latex/base/size10.clo
File: size10.clo 2019/12/20 v1.4l Standard LaTeX file (size option)
)
\c@part=\count167
\c@chapter=\count168
\c@section=\count169
\c@subsection=\count170
\c@subsubsection=\count171
\c@paragraph=\count172
\c@subparagraph=\count173
\c@figure=\count174
\c@table=\count175
\abovecaptionskip=\skip47
\belowcaptionskip=\skip48
\bibindent=\dimen134
)
(/usr/local/texlive/2020/texmf-dist/tex/latex/base/inputenc.sty
Package: inputenc 2018/08/11 v1.3c Input encoding file
\inpenc@prehook=\toks15
\inpenc@posthook=\toks16
)
(/usr/local/texlive/2020/texmf-dist/tex/generic/babel/babel.sty
Package: babel 2020/03/22 3.42 The Babel package

(/usr/local/texlive/2020/texmf-dist/tex/generic/babel/switch.def
File: switch.def 2020/03/22 3.42 Babel switching mechanism
)
(/usr/local/texlive/2020/texmf-dist/tex/generic/babel-german/german.ldf
Language: german 2018/12/08 v2.11 German support for babel (pre-1996 orthograph
y)

(/usr/local/texlive/2020/texmf-dist/tex/generic/babel-german/germanb.ldf
Language: germanb 2018/12/08 v2.11 German support for babel (pre-1996 orthograp
hy)

(/usr/local/texlive/2020/texmf-dist/tex/generic/babel/babel.def
File: babel.def 2020/03/22 3.42 Babel common definitions
\babel@savecnt=\count176
\U@D=\dimen135

(/usr/local/texlive/2020/texmf-dist/tex/generic/babel/txtbabel.def)
\bbl@readstream=\read2
\bbl@dirlevel=\count177
)
Package babel Info: Making " an active character on input line 135.
)))
(/usr/local/texlive/2020/texmf-dist/tex/latex/amsfonts/amssymb.sty
Package: amssymb 2013/01/14 v3.01 AMS font symbols

(/usr/local/texlive/2020/texmf-dist/tex/latex/amsfonts/amsfonts.sty
Package: amsfonts 2013/01/14 v3.01 Basic AMSFonts support
\@emptytoks=\toks17
\symAMSa=\mathgroup4
\symAMSb=\mathgroup5
LaTeX Font Info:    Redeclaring math symbol \hbar on input line 98.
LaTeX Font Info:    Overwriting math alphabet `\mathfrak' in version `bold'
(Font)                  U/euf/m/n --> U/euf/b/n on input line 106.
))
(/usr/local/texlive/2020/texmf-dist/tex/latex/amsmath/amsmath.sty
Package: amsmath 2020/01/20 v2.17e AMS math features
\@mathmargin=\skip49

For additional information on amsmath, use the `?' option.
(/usr/local/texlive/2020/texmf-dist/tex/latex/amsmath/amstext.sty
Package: amstext 2000/06/29 v2.01 AMS text

(/usr/local/texlive/2020/texmf-dist/tex/latex/amsmath/amsgen.sty
File: amsgen.sty 1999/11/30 v2.0 generic functions
\@emptytoks=\toks18
\ex@=\dimen136
))
(/usr/local/texlive/2020/texmf-dist/tex/latex/amsmath/amsbsy.sty
Package: amsbsy 1999/11/29 v1.2d Bold Symbols
\pmbraise@=\dimen137
)
(/usr/local/texlive/2020/texmf-dist/tex/latex/amsmath/amsopn.sty
Package: amsopn 2016/03/08 v2.02 operator names
)
\inf@bad=\count178
LaTeX Info: Redefining \frac on input line 227.
\uproot@=\count179
\leftroot@=\count180
LaTeX Info: Redefining \overline on input line 389.
\classnum@=\count181
\DOTSCASE@=\count182
LaTeX Info: Redefining \ldots on input line 486.
LaTeX Info: Redefining \dots on input line 489.
LaTeX Info: Redefining \cdots on input line 610.
\Mathstrutbox@=\box45
\strutbox@=\box46
\big@size=\dimen138
LaTeX Font Info:    Redeclaring font encoding OML on input line 733.
LaTeX Font Info:    Redeclaring font encoding OMS on input line 734.
\macc@depth=\count183
\c@MaxMatrixCols=\count184
\dotsspace@=\muskip16
\c@parentequation=\count185
\dspbrk@lvl=\count186
\tag@help=\toks19
\row@=\count187
\column@=\count188
\maxfields@=\count189
\andhelp@=\toks20
\eqnshift@=\dimen139
\alignsep@=\dimen140
\tagshift@=\dimen141
\tagwidth@=\dimen142
\totwidth@=\dimen143
\lineht@=\dimen144
\@envbody=\toks21
\multlinegap=\skip50
\multlinetaggap=\skip51
\mathdisplay@stack=\toks22
LaTeX Info: Redefining \[ on input line 2859.
LaTeX Info: Redefining \] on input line 2860.
)
(/usr/local/texlive/2020/texmf-dist/tex/latex/cancel/cancel.sty
Package: cancel 2013/04/12 v2.2 Cancel math terms
)
(/usr/local/texlive/2020/texmf-dist/tex/latex/tools/enumerate.sty
Package: enumerate 2015/07/23 v3.00 enumerate extensions (DPC)
\@enLab=\toks23
)
(/usr/local/texlive/2020/texmf-dist/tex/latex/esint/esint.sty
Package: esint 
\symlargesymbolsA=\mathgroup6
)
(/usr/local/texlive/2020/texmf-dist/tex/latex/base/fontenc.sty
Package: fontenc 2020/02/11 v2.0o Standard LaTeX package
)
(/usr/local/texlive/2020/texmf-dist/tex/latex/psnfss/charter.sty
Package: charter 2005/04/12 PSNFSS-v9.2a (P.Dyballa) 
)
(/usr/local/texlive/2020/texmf-dist/tex/latex/float/float.sty
Package: float 2001/11/08 v1.3d Float enhancements (AL)
\c@float@type=\count190
\float@exts=\toks24
\float@box=\box47
\@float@everytoks=\toks25
\@floatcapt=\box48
)
(/usr/local/texlive/2020/texmf-dist/tex/latex/caption/caption.sty
Package: caption 2020/01/03 v3.4h Customizing captions (AR)

(/usr/local/texlive/2020/texmf-dist/tex/latex/caption/caption3.sty
Package: caption3 2020/01/03 v1.8h caption3 kernel (AR)
Package caption3 Info: TeX engine: e-TeX on input line 61.

(/usr/local/texlive/2020/texmf-dist/tex/latex/graphics/keyval.sty
Package: keyval 2014/10/28 v1.15 key=value parser (DPC)
\KV@toks@=\toks26
)
\captionmargin=\dimen145
\captionmargin@=\dimen146
\captionwidth=\dimen147
\caption@tempdima=\dimen148
\caption@indent=\dimen149
\caption@parindent=\dimen150
\caption@hangindent=\dimen151
Package caption Info: Standard document class detected.
)
(/usr/local/texlive/2020/texmf-dist/tex/latex/newfloat/newfloat.sty
Package: newfloat 2019/09/02 v1.1l Defining new floating environments (AR)
Package newfloat Info: Document class `report' detected.
)
\c@caption@flags=\count191
\c@continuedfloat=\count192
Package caption Info: float package is loaded.
)
(/usr/local/texlive/2020/texmf-dist/tex/latex/comment/comment.sty
\CommentStream=\write3

Excluding comment 'comment')
(/usr/local/texlive/2020/texmf-dist/tex/latex/graphics/graphicx.sty
Package: graphicx 2019/11/30 v1.2a Enhanced LaTeX Graphics (DPC,SPQR)

(/usr/local/texlive/2020/texmf-dist/tex/latex/graphics/graphics.sty
Package: graphics 2019/11/30 v1.4a Standard LaTeX Graphics (DPC,SPQR)

(/usr/local/texlive/2020/texmf-dist/tex/latex/graphics/trig.sty
Package: trig 2016/01/03 v1.10 sin cos tan (DPC)
)
(/usr/local/texlive/2020/texmf-dist/tex/latex/graphics-cfg/graphics.cfg
File: graphics.cfg 2016/06/04 v1.11 sample graphics configuration
)
Package graphics Info: Driver file: pdftex.def on input line 105.

(/usr/local/texlive/2020/texmf-dist/tex/latex/graphics-def/pdftex.def
File: pdftex.def 2018/01/08 v1.0l Graphics/color driver for pdftex
))
\Gin@req@height=\dimen152
\Gin@req@width=\dimen153
)
(/usr/local/texlive/2020/texmf-dist/tex/latex/xcolor/xcolor.sty
Package: xcolor 2016/05/11 v2.12 LaTeX color extensions (UK)

(/usr/local/texlive/2020/texmf-dist/tex/latex/graphics-cfg/color.cfg
File: color.cfg 2016/01/02 v1.6 sample color configuration
)
Package xcolor Info: Driver file: pdftex.def on input line 225.
Package xcolor Info: Model `cmy' substituted by `cmy0' on input line 1348.
Package xcolor Info: Model `hsb' substituted by `rgb' on input line 1352.
Package xcolor Info: Model `RGB' extended on input line 1364.
Package xcolor Info: Model `HTML' substituted by `rgb' on input line 1366.
Package xcolor Info: Model `Hsb' substituted by `hsb' on input line 1367.
Package xcolor Info: Model `tHsb' substituted by `hsb' on input line 1368.
Package xcolor Info: Model `HSB' substituted by `hsb' on input line 1369.
Package xcolor Info: Model `Gray' substituted by `gray' on input line 1370.
Package xcolor Info: Model `wave' substituted by `hsb' on input line 1371.
)
(/usr/local/texlive/2020/texmf-dist/tex/latex/wrapfig/wrapfig.sty
\wrapoverhang=\dimen154
\WF@size=\dimen155
\c@WF@wrappedlines=\count193
\WF@box=\box49
\WF@everypar=\toks27
Package: wrapfig 2003/01/31  v 3.6
)
(/usr/local/texlive/2020/texmf-dist/tex/latex/sectsty/sectsty.sty
Package: sectsty 2002/02/25 v2.0.2 Commands to change all sectional heading sty
les


LaTeX Warning: Command \underbar  has changed.
               Check if current package is valid.


LaTeX Warning: Command \underline  has changed.
               Check if current package is valid.

) (/usr/local/texlive/2020/texmf-dist/tex/latex/listings/listings.sty
\lst@mode=\count194
\lst@gtempboxa=\box50
\lst@token=\toks28
\lst@length=\count195
\lst@currlwidth=\dimen156
\lst@column=\count196
\lst@pos=\count197
\lst@lostspace=\dimen157
\lst@width=\dimen158
\lst@newlines=\count198
\lst@lineno=\count199
\lst@maxwidth=\dimen159

(/usr/local/texlive/2020/texmf-dist/tex/latex/listings/lstmisc.sty
File: lstmisc.sty 2020/03/24 1.8d (Carsten Heinz)
\c@lstnumber=\count266
\lst@skipnumbers=\count267
\lst@framebox=\box51
)
(/usr/local/texlive/2020/texmf-dist/tex/latex/listings/listings.cfg
File: listings.cfg 2020/03/24 1.8d listings configuration
))
Package: listings 2020/03/24 1.8d (Carsten Heinz)

(/usr/local/texlive/2020/texmf-dist/tex/latex/listings/lstlang1.sty
File: lstlang1.sty 2020/03/24 1.8d listings language file
)
(/usr/local/texlive/2020/texmf-dist/tex/latex/listings/lstlang1.sty
File: lstlang1.sty 2020/03/24 1.8d listings language file
)
(/usr/local/texlive/2020/texmf-dist/tex/latex/listings/lstmisc.sty
File: lstmisc.sty 2020/03/24 1.8d (Carsten Heinz)
)
(/usr/local/texlive/2020/texmf-dist/tex/latex/l3backend/l3backend-pdfmode.def
File: l3backend-pdfmode.def 2020-03-12 L3 backend support: PDF mode
\l__kernel_color_stack_int=\count268
\l__pdf_internal_box=\box52
)
(./index.aux)
\openout1 = `index.aux'.

LaTeX Font Info:    Checking defaults for OML/cmm/m/it on input line 73.
LaTeX Font Info:    ... okay on input line 73.
LaTeX Font Info:    Checking defaults for OMS/cmsy/m/n on input line 73.
LaTeX Font Info:    ... okay on input line 73.
LaTeX Font Info:    Checking defaults for OT1/cmr/m/n on input line 73.
LaTeX Font Info:    ... okay on input line 73.
LaTeX Font Info:    Checking defaults for T1/cmr/m/n on input line 73.
LaTeX Font Info:    ... okay on input line 73.
LaTeX Font Info:    Checking defaults for TS1/cmr/m/n on input line 73.
LaTeX Font Info:    ... okay on input line 73.
LaTeX Font Info:    Checking defaults for OMX/cmex/m/n on input line 73.
LaTeX Font Info:    ... okay on input line 73.
LaTeX Font Info:    Checking defaults for U/cmr/m/n on input line 73.
LaTeX Font Info:    ... okay on input line 73.
LaTeX Font Info:    Trying to load font information for T1+bch on input line 73
.
 (/usr/local/texlive/2020/texmf-dist/tex/latex/psnfss/t1bch.fd
File: t1bch.fd 2004/10/18 font definitions for T1/bch.
)
Package caption Info: Begin \AtBeginDocument code.
Package caption Info: listings package is loaded.
Package caption Info: wrapfig package is loaded.
Package caption Info: End \AtBeginDocument code.
Package newfloat Info: `float' package detected.
Package newfloat Info: `wrapfig' package detected.

(/usr/local/texlive/2020/texmf-dist/tex/context/base/mkii/supp-pdf.mkii
[Loading MPS to PDF converter (version 2006.09.02).]
\scratchcounter=\count269
\scratchdimen=\dimen160
\scratchbox=\box53
\nofMPsegments=\count270
\nofMParguments=\count271
\everyMPshowfont=\toks29
\MPscratchCnt=\count272
\MPscratchDim=\dimen161
\MPnumerator=\count273
\makeMPintoPDFobject=\count274
\everyMPtoPDFconversion=\toks30
) (/usr/local/texlive/2020/texmf-dist/tex/latex/epstopdf-pkg/epstopdf-base.sty
Package: epstopdf-base 2020-01-24 v2.11 Base part for package epstopdf
Package epstopdf-base Info: Redefining graphics rule for `.eps' on input line 4
85.

(/usr/local/texlive/2020/texmf-dist/tex/latex/latexconfig/epstopdf-sys.cfg
File: epstopdf-sys.cfg 2010/07/13 v1.3 Configuration of (r)epstopdf for TeX Liv
e
))
\c@lstlisting=\count275

(../section/01section.tex
Kapitel 1.
(../subsection/01subsection.tex
Underfull \hbox (badness 10000) in paragraph at lines 2--11

 []


Underfull \hbox (badness 10000) in paragraph at lines 2--11

 []


Underfull \hbox (badness 10000) in paragraph at lines 2--11

 []


Underfull \hbox (badness 10000) in paragraph at lines 2--11

 []

LaTeX Font Info:    Trying to load font information for U+msa on input line 12.

(/usr/local/texlive/2020/texmf-dist/tex/latex/amsfonts/umsa.fd
File: umsa.fd 2013/01/14 v3.01 AMS symbols A
)
LaTeX Font Info:    Trying to load font information for U+msb on input line 12.


(/usr/local/texlive/2020/texmf-dist/tex/latex/amsfonts/umsb.fd
File: umsb.fd 2013/01/14 v3.01 AMS symbols B
)
LaTeX Font Info:    Trying to load font information for U+esint on input line 1
2.

(/usr/local/texlive/2020/texmf-dist/tex/latex/esint/uesint.fd
File: uesint.fd 
)
LaTeX Font Info:    Trying to load font information for T1+cmtt on input line 1
2.

(/usr/local/texlive/2020/texmf-dist/tex/latex/base/t1cmtt.fd
File: t1cmtt.fd 2019/12/16 v2.5j Standard LaTeX font definitions
)
LaTeX Font Info:    Font shape `T1/cmtt/bx/n' in size <10> not available
(Font)              Font shape `T1/cmtt/m/n' tried instead on input line 12.

Underfull \hbox (badness 10000) in paragraph at lines 12--23

 []


Underfull \hbox (badness 10000) in paragraph at lines 12--23

 []


Underfull \hbox (badness 10000) in paragraph at lines 12--23

 []


Underfull \hbox (badness 10000) in paragraph at lines 12--23

 []


Underfull \hbox (badness 10000) in paragraph at lines 12--23

 []

[1


{/usr/local/texlive/2020/texmf-var/fonts/map/pdftex/updmap/pdftex.map}]
Overfull \hbox (10.2852pt too wide) in paragraph at lines 25--31
\T1/bch/m/n/10 le ``\T1/cmtt/m/n/10 data.m\T1/bch/m/n/10 '' an-ge-zeigt. Je-der
 Funk-ti-on in MAT-LAB bein-hal-tet einen Help-Abschnitt,
 []


Underfull \hbox (badness 10000) in paragraph at lines 25--31

 []


Underfull \hbox (badness 10000) in paragraph at lines 25--31

 []


Underfull \hbox (badness 10000) in paragraph at lines 25--31

 []


Underfull \hbox (badness 10000) in paragraph at lines 25--31

 []

[2]
Underfull \hbox (badness 10000) in paragraph at lines 32--41

 []


Underfull \hbox (badness 10000) in paragraph at lines 32--41

 []


Underfull \hbox (badness 10000) in paragraph at lines 32--41

 []


Underfull \hbox (badness 10000) in paragraph at lines 32--41

 []


Underfull \hbox (badness 10000) in paragraph at lines 42--45

 []

[3]
Underfull \hbox (badness 10000) in paragraph at lines 48--51

 []


Underfull \hbox (badness 10000) in paragraph at lines 55--74

 []


Underfull \hbox (badness 10000) in paragraph at lines 55--74

 []


Underfull \hbox (badness 10000) in paragraph at lines 55--74

 []


Underfull \hbox (badness 10000) in paragraph at lines 55--74

 []


Underfull \hbox (badness 10000) in paragraph at lines 55--74

 []


Underfull \hbox (badness 10000) in paragraph at lines 55--74

 []


Underfull \hbox (badness 10000) in paragraph at lines 55--74

 []


Underfull \hbox (badness 10000) in paragraph at lines 55--74

 []


Underfull \hbox (badness 10000) in paragraph at lines 55--74

 []

[4]
Underfull \hbox (badness 10000) in paragraph at lines 75--86

 []


Underfull \hbox (badness 10000) in paragraph at lines 75--86

 []


Underfull \hbox (badness 10000) in paragraph at lines 75--86

 []


Underfull \hbox (badness 10000) in paragraph at lines 75--86

 []


Underfull \hbox (badness 10000) in paragraph at lines 75--86

 []

[5]
Underfull \hbox (badness 10000) in paragraph at lines 87--100

 []


Underfull \hbox (badness 10000) in paragraph at lines 87--100

 []


Underfull \hbox (badness 10000) in paragraph at lines 87--100

 []


Underfull \hbox (badness 10000) in paragraph at lines 87--100

 []


Underfull \hbox (badness 10000) in paragraph at lines 87--100

 []


Underfull \hbox (badness 10000) in paragraph at lines 87--100

 []

[6]
Overfull \hbox (3.22818pt too wide) in paragraph at lines 104--105
\T1/bch/m/n/10 Der Be-fehl [][][] be-rech-net die Ex-po-nen-ti-al-funk-ti-on vo
n \T1/cmtt/m/n/10 x\T1/bch/m/n/10 . Der Be-fehl [][][]
 []

(/usr/local/texlive/2020/texmf-dist/tex/latex/listings/lstlang1.sty
File: lstlang1.sty 2020/03/24 1.8d listings language file
)
(../../BEISPIELE/bsp1.m
LaTeX Font Info:    Font shape `T1/cmtt/bx/n' in size <8> not available
(Font)              Font shape `T1/cmtt/m/n' tried instead on input line 1.
 [7]))) (../section/02section.tex [8]
Kapitel 2.
(../subsection/02subsection.tex
Underfull \hbox (badness 10000) in paragraph at lines 3--18

 []


Underfull \hbox (badness 10000) in paragraph at lines 3--18

 []


Underfull \hbox (badness 10000) in paragraph at lines 3--18

 []


Overfull \hbox (0.6085pt too wide) in paragraph at lines 3--18
\T1/bch/m/n/10 ein-ge-bet-tet. Die Ko-ef-fi-zi-en-ten aus-ser-halb der Dia-go-n
a-le sind Null. Der [][][]
 []


Underfull \hbox (badness 10000) in paragraph at lines 3--18

 []


Underfull \hbox (badness 10000) in paragraph at lines 3--18

 []


Underfull \hbox (badness 10000) in paragraph at lines 3--18

 []


Underfull \hbox (badness 10000) in paragraph at lines 3--18

 []

[9

]
Underfull \hbox (badness 10000) in paragraph at lines 19--24

 []


Underfull \hbox (badness 10000) in paragraph at lines 19--24

 []

[10]
Underfull \hbox (badness 10000) in paragraph at lines 31--35

 []


Underfull \hbox (badness 10000) in paragraph at lines 41--47

 []


Underfull \hbox (badness 10000) in paragraph at lines 41--47

 []

[11]
Underfull \hbox (badness 10000) in paragraph at lines 53--63

 []


Underfull \hbox (badness 10000) in paragraph at lines 53--63

 []


Underfull \hbox (badness 10000) in paragraph at lines 53--63

 []


Underfull \hbox (badness 10000) in paragraph at lines 53--63

 []


Overfull \hbox (16.19133pt too wide) in paragraph at lines 65--69
\T1/bch/m/n/10 Die Spur ei-ner Ma-trix \T1/cmtt/m/n/10 A \T1/bch/m/n/10 ist die
 Sum-me der Dia-go-nal-ele-men-te. Der Be-fehl [][][]
 []


Underfull \hbox (badness 10000) in paragraph at lines 65--69

 []


Underfull \hbox (badness 10000) in paragraph at lines 70--73

 []

[12] (../../BEISPIELE/bsp2.m))) (../section/03section.tex [13]
Kapitel 3.
(../subsection/03subsection.tex
Underfull \hbox (badness 10000) in paragraph at lines 3--28

 []


Underfull \hbox (badness 10000) in paragraph at lines 3--28

 []


Underfull \hbox (badness 10000) in paragraph at lines 3--28

 []


Underfull \hbox (badness 10000) in paragraph at lines 3--28

 []


Underfull \hbox (badness 10000) in paragraph at lines 3--28

 []


Underfull \hbox (badness 10000) in paragraph at lines 3--28

 []


Underfull \hbox (badness 10000) in paragraph at lines 3--28

 []


Underfull \hbox (badness 10000) in paragraph at lines 3--28

 []


Underfull \hbox (badness 10000) in paragraph at lines 3--28

 []


Underfull \hbox (badness 10000) in paragraph at lines 3--28

 []


Overfull \hbox (5.07797pt too wide) in paragraph at lines 3--28
\T1/bch/m/n/10 ga-rith-mi-schen Ko-or-di-na-ten-sy-stem (Ba-sis 10). Der Be-feh
l []\T1/cmtt/m/n/10 loglog(x,y),log10(y)[]
 []


Underfull \hbox (badness 10000) in paragraph at lines 3--28

 []


Underfull \hbox (badness 10000) in paragraph at lines 3--28

 []

[14

]
Underfull \hbox (badness 10000) in paragraph at lines 29--38

 []


Underfull \hbox (badness 10000) in paragraph at lines 29--38

 []


Underfull \hbox (badness 10000) in paragraph at lines 29--38

 []


Underfull \hbox (badness 10000) in paragraph at lines 29--38

 []

[15]
Underfull \hbox (badness 10000) in paragraph at lines 39--42

 []

[16]
Underfull \hbox (badness 10000) in paragraph at lines 44--50

 []


Overfull \hbox (12.25803pt too wide) in paragraph at lines 44--50
\T1/bch/m/n/10 ten der Ach-sen an-zu-ge-hen. Da-ge-gen ver-wen-det der Be-fehl 
[]\T1/cmtt/m/n/10 text(x,y,'text,'sc')[]
 []


Underfull \hbox (badness 10000) in paragraph at lines 44--50

 []


Overfull \hbox (6.11307pt too wide) in paragraph at lines 51--54
\T1/bch/m/n/10 Der Be-fehl []\T1/cmtt/m/n/10 print[-ddevice][-options]$\OML/cmm
/m/it/10 <$\T1/cmtt/m/n/10 filenmae$\OML/cmm/m/it/10 >$[] \T1/bch/m/n/10 spei-c
hert die ak-tu-el-le Gra-
 []


Underfull \hbox (badness 10000) in paragraph at lines 51--54

 []


Underfull \hbox (badness 10000) in paragraph at lines 56--65

 []


Underfull \hbox (badness 10000) in paragraph at lines 56--65

 []


Underfull \hbox (badness 10000) in paragraph at lines 56--65

 []


Underfull \hbox (badness 10000) in paragraph at lines 56--65

 []

[17]
Underfull \hbox (badness 10000) in paragraph at lines 66--71

 []


Overfull \hbox (1.1318pt too wide) in paragraph at lines 66--71
\T1/bch/m/n/10 Nor-mal-ob-jek-tiv und 60 Grad ei-nem Weit-win-kel-ob-jek-tiv. B
ei []\T1/cmtt/m/n/10 T=viewmtx(az, el,
 []


Underfull \hbox (badness 10000) in paragraph at lines 66--71

 []


Overfull \hbox (10.70546pt too wide) in paragraph at lines 66--71
[][][] \T1/bch/m/n/10 ak-ti-viert in der ak-tu-el-len Gra-phik die Maus ge-steu
-er-te 3D-Rotation.
 []

[18]
Overfull \hbox (0.31053pt too wide) in paragraph at lines 72--73
\T1/bch/m/n/10 In ei-nem 3D-Plot be-zieht sie sich auf die Wer-te der \T1/cmtt/
m/n/10 z\T1/bch/m/n/10 -Achse. []\T1/cmtt/m/n/10 colorbar('horiz')[]
 []


Underfull \hbox (badness 10000) in paragraph at lines 74--85

 []


Underfull \hbox (badness 10000) in paragraph at lines 74--85

 []


Underfull \hbox (badness 10000) in paragraph at lines 74--85

 []


Underfull \hbox (badness 10000) in paragraph at lines 74--85

 []


Underfull \hbox (badness 10000) in paragraph at lines 74--85

 []


Overfull \hbox (5.6459pt too wide) in paragraph at lines 74--85
\T1/bch/m/n/10 wen-det für den Kon-tur-plot \T1/cmtt/m/n/10 N \T1/bch/m/n/10 Hö
-hen-li-ni-en. []\T1/cmtt/m/n/10 contour(Z,v)[] \T1/bch/m/n/10 und []\T1/cmtt/m
/n/10 contour(x,y,Z,v)[]
 []

[19] (../../BEISPIELE/bsp3.m) (../../BEISPIELE/bsp3a.m [20])
(../../BEISPIELE/bsp3b.m) (../../BEISPIELE/bsp3c.m) (../../BEISPIELE/bsp3d.m)
(../../BEISPIELE/bsp3e.m) [21] (../../BEISPIELE/bsp3f.m)
(../../BEISPIELE/bsp3g.m) (../../BEISPIELE/bsp3h.m) (../../BEISPIELE/bsp3i.m)
(../../BEISPIELE/bsp3j.m [22]) (../../BEISPIELE/bsp3k.m)
(../../BEISPIELE/bsp3l.m) (../../BEISPIELE/bsp3m.m) (../../BEISPIELE/bsp3n.m)
(../../BEISPIELE/bsp3o.m) (../../BEISPIELE/bsp3p.m [23])
(../../BEISPIELE/bsp3q.m))) (../section/04section.tex [24]
Kapitel 4.
(../subsection/04subsection.tex
Underfull \hbox (badness 10000) in paragraph at lines 1--4

 []


Overfull \hbox (6.43047pt too wide) in paragraph at lines 7--8
[]\T1/cmtt/m/n/10 while \T1/bch/m/n/10 re-pe-tiert so-lan-ge ei-ne von ei-ner l
o-gi-schen Be-din-gung ab-hän-gi-ge Schlau-
 []


Underfull \hbox (badness 10000) in paragraph at lines 11--28

 []


Underfull \hbox (badness 10000) in paragraph at lines 11--28

 []


Underfull \hbox (badness 10000) in paragraph at lines 11--28

 []


Underfull \hbox (badness 10000) in paragraph at lines 11--28

 []

[25

] (../../PROJEKTE/bspif/bspif.m)
Underfull \hbox (badness 10000) in paragraph at lines 29--40

 []


Underfull \hbox (badness 10000) in paragraph at lines 29--40

 []

(../../PROJEKTE/bspfor/bspfor.m) (../../PROJEKTE/bspfor/bspfor2.m [26])
Underfull \hbox (badness 10000) in paragraph at lines 42--51

 []


Underfull \hbox (badness 10000) in paragraph at lines 42--51

 []

(../../PROJEKTE/bspwhile/bspwhile.m)
Underfull \hbox (badness 10000) in paragraph at lines 52--67

 []


Underfull \hbox (badness 10000) in paragraph at lines 52--67

 []

(../../PROJEKTE/bspswitch/bspswitch.m [27])
(../../PROJEKTE/bspswitch/bspswitch2.m)
Underfull \hbox (badness 10000) in paragraph at lines 70--89

 []


Underfull \hbox (badness 10000) in paragraph at lines 70--89

 []


Underfull \hbox (badness 10000) in paragraph at lines 70--89

 []


Underfull \hbox (badness 10000) in paragraph at lines 70--89

 []


Underfull \hbox (badness 10000) in paragraph at lines 70--89

 []


Underfull \hbox (badness 10000) in paragraph at lines 70--89

 []


Underfull \hbox (badness 10000) in paragraph at lines 70--89

 []


Underfull \hbox (badness 10000) in paragraph at lines 70--89

 []


Underfull \hbox (badness 10000) in paragraph at lines 70--89

 []

[28] (../../PROJEKTE/functions/botta.m)
Underfull \hbox (badness 10000) in paragraph at lines 90--93

 []

(../../PROJEKTE/bspnargin/bspnargin.m)
Underfull \hbox (badness 10000) in paragraph at lines 94--97

 []


Overfull \hbox (1.31914pt too wide) in paragraph at lines 94--97
[]\T1/cmtt/m/n/10 nargout('fname')[] \T1/bch/m/n/10 gibt die An-zahl der de-fi-
nier-ten Aus-ga-be-ar-gu-men-te der Funk-
 []

[29] (../../PROJEKTE/bspnargout/bspnargout.m)
Underfull \hbox (badness 10000) in paragraph at lines 98--101

 []

(../../PROJEKTE/bspglobal/bspglobal.m)
Underfull \hbox (badness 10000) in paragraph at lines 103--112

 []


Underfull \hbox (badness 10000) in paragraph at lines 103--112

 []


Underfull \hbox (badness 10000) in paragraph at lines 103--112

 []


Underfull \hbox (badness 10000) in paragraph at lines 103--112

 []

[30])) [31] (../section/01ubung.tex
Kapitel 5.
(../ubungen/01ubungen.tex

LaTeX Warning: The counter will not be printed.
             The label is: $\bullet $ on input line 2.


LaTeX Warning: The counter will not be printed.
             The label is: $\bullet $ on input line 10.


Underfull \hbox (badness 10000) in paragraph at lines 23--38

 []


Underfull \hbox (badness 10000) in paragraph at lines 23--38

 []

[32

]
Overfull \hbox (3.82155pt too wide) in paragraph at lines 44--45
[]\T1/bch/m/n/10 Komplexe dif-fe-ren-ti-al-glei-chun-gen kön-nen: []ein-fach gr
a-fisch dar-ge-stellt wer-
 []

[33]
Overfull \hbox (2.73352pt too wide) in paragraph at lines 65--68
\T1/bch/m/n/10 her-un-ter-ge-la-den. Dies geht üb-ri-gens auch für klei-ne Pro-
zes-so-ren und DSPs. 
 []

)) (../section/02ubung.tex [34]
Kapitel 6.
(../ubungen/02ubungen.tex
Underfull \hbox (badness 10000) in paragraph at lines 17--22

 []

LaTeX Font Info:    Trying to load font information for TS1+bch on input line 2
3.
(/usr/local/texlive/2020/texmf-dist/tex/latex/psnfss/ts1bch.fd
File: ts1bch.fd 2004/10/18 font definitions for TS1/bch.
) [35

]
Underfull \hbox (badness 10000) in paragraph at lines 37--40

 []


Underfull \hbox (badness 10000) in paragraph at lines 40--43

 []


Underfull \hbox (badness 10000) in paragraph at lines 43--46

 []


Underfull \hbox (badness 10000) in paragraph at lines 46--51

 []

(../../PROJEKTE/ubungm2a/ubungm2a.m)
<../../PROJEKTE/ubungm2a/ubungm2a.png, id=126, 1124.2pt x 843.15pt>
File: ../../PROJEKTE/ubungm2a/ubungm2a.png Graphic file (type png)
<use ../../PROJEKTE/ubungm2a/ubungm2a.png>
Package pdftex.def Info: ../../PROJEKTE/ubungm2a/ubungm2a.png  used on input li
ne 57.
(pdftex.def)             Requested size: 337.2626pt x 252.94695pt.

Overfull \hbox (6.6626pt too wide) in paragraph at lines 57--58
 [] 
 []

[36] (../../PROJEKTE/ubungm2b/ubungm2b.m)
<../../PROJEKTE/ubungm2b/ubungm2b.png, id=130, 1124.2pt x 843.15pt>
File: ../../PROJEKTE/ubungm2b/ubungm2b.png Graphic file (type png)
<use ../../PROJEKTE/ubungm2b/ubungm2b.png>
Package pdftex.def Info: ../../PROJEKTE/ubungm2b/ubungm2b.png  used on input li
ne 62.
(pdftex.def)             Requested size: 337.2626pt x 252.94695pt.

Overfull \hbox (6.6626pt too wide) in paragraph at lines 62--63
 [] 
 []

[37 <../../PROJEKTE/ubungm2a/ubungm2a.png (PNG copy)>]
(../../PROJEKTE/ubungm2c/ubungm2c.m)
<../../PROJEKTE/ubungm2c/ubungm2c.png, id=135, 1124.2pt x 843.15pt>
File: ../../PROJEKTE/ubungm2c/ubungm2c.png Graphic file (type png)
<use ../../PROJEKTE/ubungm2c/ubungm2c.png>
Package pdftex.def Info: ../../PROJEKTE/ubungm2c/ubungm2c.png  used on input li
ne 67.
(pdftex.def)             Requested size: 337.2626pt x 252.94695pt.

Overfull \hbox (6.6626pt too wide) in paragraph at lines 67--68
 [] 
 []

[38 <../../PROJEKTE/ubungm2b/ubungm2b.png (PNG copy)>]))
(../section/03ubung.tex [39 <../../PROJEKTE/ubungm2c/ubungm2c.png (PNG copy)>]
Kapitel 7.
(../ubungen/03ubungen.tex
Underfull \hbox (badness 10000) in paragraph at lines 25--36

 []

[40

]
<../../PROJEKTE/ubungm3wurfparabel/ubungm3wurfparabel.png, id=145, 1124.2pt x 8
43.15pt>
File: ../../PROJEKTE/ubungm3wurfparabel/ubungm3wurfparabel.png Graphic file (ty
pe png)
<use ../../PROJEKTE/ubungm3wurfparabel/ubungm3wurfparabel.png>
Package pdftex.def Info: ../../PROJEKTE/ubungm3wurfparabel/ubungm3wurfparabel.p
ng  used on input line 37.
(pdftex.def)             Requested size: 337.2626pt x 252.94695pt.
 (../../PROJEKTE/ubungm3wurfparabel/ubungm3wurfparabel.m [41 <../../PROJEKTE/ub
ungm3wurfparabel/ubungm3wurfparabel.png (PNG copy)>])
(../../PROJEKTE/ubungm3a/ubungm3a.m [42])

LaTeX Warning: The counter will not be printed.
             The label is: $\bullet $ on input line 49.

(../../PROJEKTE/ubungm3b/ubungm3b.m)
Overfull \hbox (1.22946pt too wide) in paragraph at lines 62--68
\T1/bch/m/n/10 M3b) (ober-halb die-ses Text-blockes) her-un-ter-la-den und mit-
tels der Pu-blish Funk-
 []


Underfull \hbox (badness 10000) in paragraph at lines 62--68

 []


Underfull \hbox (badness 10000) in paragraph at lines 62--68

 []

[43])) [44] (./index.aux) )
(\end occurred inside a group at level 1)

### simple group (level 1) entered at line 38 ({)
### bottom level 
Here is how much of TeX's memory you used:
 8077 strings out of 480608
 112769 string characters out of 5903630
 717253 words of memory out of 5000000
 23691 multiletter control sequences out of 15000+600000
 571844 words of font info for 64 fonts, out of 8000000 for 9000
 1141 hyphenation exceptions out of 8191
 41i,14n,58p,1259b,2334s stack positions out of 5000i,500n,10000p,200000b,80000s
{/usr/local/texlive/2020/texmf-dist/fonts/enc/dvips/cm-super/cm
-super-t1.enc}{/usr/local/texlive/2020/texmf-dist/fonts/enc/dvips/base/8r.enc}<
/usr/local/texlive/2020/texmf-dist/fonts/type1/bitstrea/charter/bchb8a.pfb></us
r/local/texlive/2020/texmf-dist/fonts/type1/bitstrea/charter/bchr8a.pfb></usr/l
ocal/texlive/2020/texmf-dist/fonts/type1/public/amsfonts/cm/cmex10.pfb></usr/lo
cal/texlive/2020/texmf-dist/fonts/type1/public/amsfonts/cm/cmmi10.pfb></usr/loc
al/texlive/2020/texmf-dist/fonts/type1/public/amsfonts/cm/cmmi7.pfb></usr/local
/texlive/2020/texmf-dist/fonts/type1/public/amsfonts/cm/cmr10.pfb></usr/local/t
exlive/2020/texmf-dist/fonts/type1/public/amsfonts/cm/cmr7.pfb></usr/local/texl
ive/2020/texmf-dist/fonts/type1/public/amsfonts/cm/cmsy10.pfb></usr/local/texli
ve/2020/texmf-dist/fonts/type1/public/amsfonts/cm/cmsy7.pfb></usr/local/texlive
/2020/texmf-dist/fonts/type1/public/amsfonts/symbols/msbm10.pfb></usr/local/tex
live/2020/texmf-dist/fonts/type1/public/cm-super/sfit0800.pfb></usr/local/texli
ve/2020/texmf-dist/fonts/type1/public/cm-super/sftt0800.pfb></usr/local/texlive
/2020/texmf-dist/fonts/type1/public/cm-super/sftt1000.pfb>
Output written on index.pdf (44 pages, 508341 bytes).
PDF statistics:
 206 PDF objects out of 1000 (max. 8388607)
 141 compressed objects within 2 object streams
 0 named destinations out of 1000 (max. 500000)
 21 words of extra memory for PDF output out of 10000 (max. 10000000)

