This is pdfTeX, Version 3.14159265-2.6-1.40.21 (TeX Live 2020) (preloaded format=pdflatex 2020.4.21)  18 AUG 2020 15:36
entering extended mode
 restricted \write18 enabled.
 %&-line parsing enabled.
**index.tex
(./index.tex
LaTeX2e <2020-02-02> patch level 5
L3 programming layer <2020-03-06>
(/usr/local/texlive/2020/texmf-dist/tex/latex/base/report.cls
Document Class: report 2019/12/20 v1.4l Standard LaTeX document class
(/usr/local/texlive/2020/texmf-dist/tex/latex/base/size10.clo
File: size10.clo 2019/12/20 v1.4l Standard LaTeX file (size option)
)
\c@part=\count167
\c@chapter=\count168
\c@section=\count169
\c@subsection=\count170
\c@subsubsection=\count171
\c@paragraph=\count172
\c@subparagraph=\count173
\c@figure=\count174
\c@table=\count175
\abovecaptionskip=\skip47
\belowcaptionskip=\skip48
\bibindent=\dimen134
)
(/usr/local/texlive/2020/texmf-dist/tex/latex/base/inputenc.sty
Package: inputenc 2018/08/11 v1.3c Input encoding file
\inpenc@prehook=\toks15
\inpenc@posthook=\toks16
)
(/usr/local/texlive/2020/texmf-dist/tex/generic/babel/babel.sty
Package: babel 2020/03/22 3.42 The Babel package

(/usr/local/texlive/2020/texmf-dist/tex/generic/babel/switch.def
File: switch.def 2020/03/22 3.42 Babel switching mechanism
)
(/usr/local/texlive/2020/texmf-dist/tex/generic/babel-german/german.ldf
Language: german 2018/12/08 v2.11 German support for babel (pre-1996 orthograph
y)

(/usr/local/texlive/2020/texmf-dist/tex/generic/babel-german/germanb.ldf
Language: germanb 2018/12/08 v2.11 German support for babel (pre-1996 orthograp
hy)

(/usr/local/texlive/2020/texmf-dist/tex/generic/babel/babel.def
File: babel.def 2020/03/22 3.42 Babel common definitions
\babel@savecnt=\count176
\U@D=\dimen135

(/usr/local/texlive/2020/texmf-dist/tex/generic/babel/txtbabel.def)
\bbl@readstream=\read2
\bbl@dirlevel=\count177
)
Package babel Info: Making " an active character on input line 135.
)))
(/usr/local/texlive/2020/texmf-dist/tex/latex/amsfonts/amssymb.sty
Package: amssymb 2013/01/14 v3.01 AMS font symbols

(/usr/local/texlive/2020/texmf-dist/tex/latex/amsfonts/amsfonts.sty
Package: amsfonts 2013/01/14 v3.01 Basic AMSFonts support
\@emptytoks=\toks17
\symAMSa=\mathgroup4
\symAMSb=\mathgroup5
LaTeX Font Info:    Redeclaring math symbol \hbar on input line 98.
LaTeX Font Info:    Overwriting math alphabet `\mathfrak' in version `bold'
(Font)                  U/euf/m/n --> U/euf/b/n on input line 106.
))
(/usr/local/texlive/2020/texmf-dist/tex/latex/amsmath/amsmath.sty
Package: amsmath 2020/01/20 v2.17e AMS math features
\@mathmargin=\skip49

For additional information on amsmath, use the `?' option.
(/usr/local/texlive/2020/texmf-dist/tex/latex/amsmath/amstext.sty
Package: amstext 2000/06/29 v2.01 AMS text

(/usr/local/texlive/2020/texmf-dist/tex/latex/amsmath/amsgen.sty
File: amsgen.sty 1999/11/30 v2.0 generic functions
\@emptytoks=\toks18
\ex@=\dimen136
))
(/usr/local/texlive/2020/texmf-dist/tex/latex/amsmath/amsbsy.sty
Package: amsbsy 1999/11/29 v1.2d Bold Symbols
\pmbraise@=\dimen137
)
(/usr/local/texlive/2020/texmf-dist/tex/latex/amsmath/amsopn.sty
Package: amsopn 2016/03/08 v2.02 operator names
)
\inf@bad=\count178
LaTeX Info: Redefining \frac on input line 227.
\uproot@=\count179
\leftroot@=\count180
LaTeX Info: Redefining \overline on input line 389.
\classnum@=\count181
\DOTSCASE@=\count182
LaTeX Info: Redefining \ldots on input line 486.
LaTeX Info: Redefining \dots on input line 489.
LaTeX Info: Redefining \cdots on input line 610.
\Mathstrutbox@=\box45
\strutbox@=\box46
\big@size=\dimen138
LaTeX Font Info:    Redeclaring font encoding OML on input line 733.
LaTeX Font Info:    Redeclaring font encoding OMS on input line 734.
\macc@depth=\count183
\c@MaxMatrixCols=\count184
\dotsspace@=\muskip16
\c@parentequation=\count185
\dspbrk@lvl=\count186
\tag@help=\toks19
\row@=\count187
\column@=\count188
\maxfields@=\count189
\andhelp@=\toks20
\eqnshift@=\dimen139
\alignsep@=\dimen140
\tagshift@=\dimen141
\tagwidth@=\dimen142
\totwidth@=\dimen143
\lineht@=\dimen144
\@envbody=\toks21
\multlinegap=\skip50
\multlinetaggap=\skip51
\mathdisplay@stack=\toks22
LaTeX Info: Redefining \[ on input line 2859.
LaTeX Info: Redefining \] on input line 2860.
)
(/usr/local/texlive/2020/texmf-dist/tex/latex/cancel/cancel.sty
Package: cancel 2013/04/12 v2.2 Cancel math terms
)
(/usr/local/texlive/2020/texmf-dist/tex/latex/tools/enumerate.sty
Package: enumerate 2015/07/23 v3.00 enumerate extensions (DPC)
\@enLab=\toks23
)
(/usr/local/texlive/2020/texmf-dist/tex/latex/esint/esint.sty
Package: esint 
\symlargesymbolsA=\mathgroup6
)
(/usr/local/texlive/2020/texmf-dist/tex/latex/base/fontenc.sty
Package: fontenc 2020/02/11 v2.0o Standard LaTeX package
)
(/usr/local/texlive/2020/texmf-dist/tex/latex/psnfss/charter.sty
Package: charter 2005/04/12 PSNFSS-v9.2a (P.Dyballa) 
)
(/usr/local/texlive/2020/texmf-dist/tex/latex/float/float.sty
Package: float 2001/11/08 v1.3d Float enhancements (AL)
\c@float@type=\count190
\float@exts=\toks24
\float@box=\box47
\@float@everytoks=\toks25
\@floatcapt=\box48
)
(/usr/local/texlive/2020/texmf-dist/tex/latex/caption/caption.sty
Package: caption 2020/01/03 v3.4h Customizing captions (AR)

(/usr/local/texlive/2020/texmf-dist/tex/latex/caption/caption3.sty
Package: caption3 2020/01/03 v1.8h caption3 kernel (AR)
Package caption3 Info: TeX engine: e-TeX on input line 61.

(/usr/local/texlive/2020/texmf-dist/tex/latex/graphics/keyval.sty
Package: keyval 2014/10/28 v1.15 key=value parser (DPC)
\KV@toks@=\toks26
)
\captionmargin=\dimen145
\captionmargin@=\dimen146
\captionwidth=\dimen147
\caption@tempdima=\dimen148
\caption@indent=\dimen149
\caption@parindent=\dimen150
\caption@hangindent=\dimen151
Package caption Info: Standard document class detected.
)
(/usr/local/texlive/2020/texmf-dist/tex/latex/newfloat/newfloat.sty
Package: newfloat 2019/09/02 v1.1l Defining new floating environments (AR)
Package newfloat Info: Document class `report' detected.
)
\c@caption@flags=\count191
\c@continuedfloat=\count192
Package caption Info: float package is loaded.
)
(/usr/local/texlive/2020/texmf-dist/tex/latex/comment/comment.sty
\CommentStream=\write3

Excluding comment 'comment')
(/usr/local/texlive/2020/texmf-dist/tex/latex/graphics/graphicx.sty
Package: graphicx 2019/11/30 v1.2a Enhanced LaTeX Graphics (DPC,SPQR)

(/usr/local/texlive/2020/texmf-dist/tex/latex/graphics/graphics.sty
Package: graphics 2019/11/30 v1.4a Standard LaTeX Graphics (DPC,SPQR)

(/usr/local/texlive/2020/texmf-dist/tex/latex/graphics/trig.sty
Package: trig 2016/01/03 v1.10 sin cos tan (DPC)
)
(/usr/local/texlive/2020/texmf-dist/tex/latex/graphics-cfg/graphics.cfg
File: graphics.cfg 2016/06/04 v1.11 sample graphics configuration
)
Package graphics Info: Driver file: pdftex.def on input line 105.

(/usr/local/texlive/2020/texmf-dist/tex/latex/graphics-def/pdftex.def
File: pdftex.def 2018/01/08 v1.0l Graphics/color driver for pdftex
))
\Gin@req@height=\dimen152
\Gin@req@width=\dimen153
)
(/usr/local/texlive/2020/texmf-dist/tex/latex/xcolor/xcolor.sty
Package: xcolor 2016/05/11 v2.12 LaTeX color extensions (UK)

(/usr/local/texlive/2020/texmf-dist/tex/latex/graphics-cfg/color.cfg
File: color.cfg 2016/01/02 v1.6 sample color configuration
)
Package xcolor Info: Driver file: pdftex.def on input line 225.
Package xcolor Info: Model `cmy' substituted by `cmy0' on input line 1348.
Package xcolor Info: Model `hsb' substituted by `rgb' on input line 1352.
Package xcolor Info: Model `RGB' extended on input line 1364.
Package xcolor Info: Model `HTML' substituted by `rgb' on input line 1366.
Package xcolor Info: Model `Hsb' substituted by `hsb' on input line 1367.
Package xcolor Info: Model `tHsb' substituted by `hsb' on input line 1368.
Package xcolor Info: Model `HSB' substituted by `hsb' on input line 1369.
Package xcolor Info: Model `Gray' substituted by `gray' on input line 1370.
Package xcolor Info: Model `wave' substituted by `hsb' on input line 1371.
)
(/usr/local/texlive/2020/texmf-dist/tex/latex/wrapfig/wrapfig.sty
\wrapoverhang=\dimen154
\WF@size=\dimen155
\c@WF@wrappedlines=\count193
\WF@box=\box49
\WF@everypar=\toks27
Package: wrapfig 2003/01/31  v 3.6
)
(/usr/local/texlive/2020/texmf-dist/tex/latex/sectsty/sectsty.sty
Package: sectsty 2002/02/25 v2.0.2 Commands to change all sectional heading sty
les


LaTeX Warning: Command \underbar  has changed.
               Check if current package is valid.


LaTeX Warning: Command \underline  has changed.
               Check if current package is valid.

) (/usr/local/texlive/2020/texmf-dist/tex/latex/l3backend/l3backend-pdfmode.def
File: l3backend-pdfmode.def 2020-03-12 L3 backend support: PDF mode
\l__kernel_color_stack_int=\count194
\l__pdf_internal_box=\box50
) (./index.aux)
\openout1 = `index.aux'.

LaTeX Font Info:    Checking defaults for OML/cmm/m/it on input line 44.
LaTeX Font Info:    ... okay on input line 44.
LaTeX Font Info:    Checking defaults for OMS/cmsy/m/n on input line 44.
LaTeX Font Info:    ... okay on input line 44.
LaTeX Font Info:    Checking defaults for OT1/cmr/m/n on input line 44.
LaTeX Font Info:    ... okay on input line 44.
LaTeX Font Info:    Checking defaults for T1/cmr/m/n on input line 44.
LaTeX Font Info:    ... okay on input line 44.
LaTeX Font Info:    Checking defaults for TS1/cmr/m/n on input line 44.
LaTeX Font Info:    ... okay on input line 44.
LaTeX Font Info:    Checking defaults for OMX/cmex/m/n on input line 44.
LaTeX Font Info:    ... okay on input line 44.
LaTeX Font Info:    Checking defaults for U/cmr/m/n on input line 44.
LaTeX Font Info:    ... okay on input line 44.
LaTeX Font Info:    Trying to load font information for T1+bch on input line 44
.
 (/usr/local/texlive/2020/texmf-dist/tex/latex/psnfss/t1bch.fd
File: t1bch.fd 2004/10/18 font definitions for T1/bch.
)
Package caption Info: Begin \AtBeginDocument code.
Package caption Info: wrapfig package is loaded.
Package caption Info: End \AtBeginDocument code.
Package newfloat Info: `float' package detected.
Package newfloat Info: `wrapfig' package detected.

(/usr/local/texlive/2020/texmf-dist/tex/context/base/mkii/supp-pdf.mkii
[Loading MPS to PDF converter (version 2006.09.02).]
\scratchcounter=\count195
\scratchdimen=\dimen156
\scratchbox=\box51
\nofMPsegments=\count196
\nofMParguments=\count197
\everyMPshowfont=\toks28
\MPscratchCnt=\count198
\MPscratchDim=\dimen157
\MPnumerator=\count199
\makeMPintoPDFobject=\count266
\everyMPtoPDFconversion=\toks29
) (/usr/local/texlive/2020/texmf-dist/tex/latex/epstopdf-pkg/epstopdf-base.sty
Package: epstopdf-base 2020-01-24 v2.11 Base part for package epstopdf
Package epstopdf-base Info: Redefining graphics rule for `.eps' on input line 4
85.

(/usr/local/texlive/2020/texmf-dist/tex/latex/latexconfig/epstopdf-sys.cfg
File: epstopdf-sys.cfg 2010/07/13 v1.3 Configuration of (r)epstopdf for TeX Liv
e
))
(../section/01section.tex
Kapitel 1.
(../subsection/01subsection.tex
LaTeX Font Info:    Trying to load font information for U+msa on input line 4.

(/usr/local/texlive/2020/texmf-dist/tex/latex/amsfonts/umsa.fd
File: umsa.fd 2013/01/14 v3.01 AMS symbols A
)
LaTeX Font Info:    Trying to load font information for U+msb on input line 4.

(/usr/local/texlive/2020/texmf-dist/tex/latex/amsfonts/umsb.fd
File: umsb.fd 2013/01/14 v3.01 AMS symbols B
)
LaTeX Font Info:    Trying to load font information for U+esint on input line 4
.

(/usr/local/texlive/2020/texmf-dist/tex/latex/esint/uesint.fd
File: uesint.fd 
) [1


{/usr/local/texlive/2020/texmf-var/fonts/map/pdftex/updmap/pdftex.map}]
Underfull \hbox (badness 10000) in paragraph at lines 54--58

 []

[2] [3]
Overfull \hbox (34.1203pt too wide) in paragraph at lines 90--91
\T1/bch/m/n/10 Für Grenz-wer-te, die auf einen un-be-stimm-ten Aus-druck der Fo
rm "$\OT1/cmr/m/n/10 0\OML/cmm/m/it/10 =\OT1/cmr/m/n/10 0$\T1/bch/m/n/10 öder "
$\OMS/cmsy/m/n/10 1\OML/cmm/m/it/10 =\OMS/cmsy/m/n/10 1$\T1/bch/m/n/10 führen,
 []

[4] [5]
Underfull \hbox (badness 10000) in paragraph at lines 167--171

 []

[6]
Overfull \hbox (0.95276pt too wide) in paragraph at lines 186--193
\T1/bch/m/n/10 Ist $\OML/cmm/m/it/10 x[]$ []\T1/bch/b/n/10 Null-stel-len[] \T1/
bch/m/n/10 der ge-bro-chen-ra-tio-na-le Funk-ti-on $\OML/cmm/m/it/10 f [] \OT1/
cmr/m/n/10 = 0$\T1/bch/m/n/10 , so gel-ten $\OML/cmm/m/it/10 g [] \OT1/cmr/m/n/
10 =
 []


Underfull \hbox (badness 10000) in paragraph at lines 186--193

 []


Underfull \hbox (badness 10000) in paragraph at lines 186--193

 []


Underfull \hbox (badness 10000) in paragraph at lines 186--193

 []


Underfull \hbox (badness 10000) in paragraph at lines 199--203

 []

[7] [8] [9] [10] [11]
Overfull \hbox (39.1554pt too wide) in paragraph at lines 347--348
[]$[] [] \OT1/cmr/m/n/10 = [] [] [] [][] [] \OMS/cmsy/m/n/10 ^^@ [] [][] [] [][
] [] \OT1/cmr/m/n/10 + [] [][] [] [][] [] +
 []

[12] [13] [14]
Underfull \hbox (badness 10000) in paragraph at lines 447--452

 []


Underfull \hbox (badness 10000) in paragraph at lines 447--452

 []


Overfull \hbox (13.34889pt too wide) in paragraph at lines 447--452
\T1/bch/m/n/10 Liegen die Schwin-gun-gen in der []\T1/bch/b/n/10 pha-sen-ver-sc
ho-be-nen Form[] $\OML/cmm/m/it/10 f [] \OT1/cmr/m/n/10 = \OML/cmm/m/it/10 A \O
MS/cmsy/m/n/10 ^^A [] []$
 []

[15] [16] [17] [18] [19] [20] [21] [22] [23]
Overfull \hbox (78.0444pt too wide) in paragraph at lines 724--725
[]$[] [] \OT1/cmr/m/n/10 = [] [][] [] [] [] + [] [][] [] [][] [] + [] [][] [] [
][] [] +
 []


Overfull \hbox (11.8684pt too wide) in paragraph at lines 725--726
[]$[] [] \OT1/cmr/m/n/10 = [][] [] + [] [][] [] [][] [] + [] [][] [] [][] [] +
 []

[24] [25] [26]
Overfull \hbox (9.64626pt too wide) in paragraph at lines 823--824
[]$[] [] \OT1/cmr/m/n/10 = \OMS/cmsy/m/n/10 ^^F[] [] \OT1/cmr/m/n/10 = [] [] = 
[] []$ 
 []


Overfull \hbox (1.86845pt too wide) in paragraph at lines 824--825
[]$[] [] \OT1/cmr/m/n/10 = [] [] = [] [] = [] []$ 
 []

)) (../section/02section.tex [27]
Kapitel 2.
(../subsection/02subsection.tex
Underfull \hbox (badness 10000) in paragraph at lines 18--22

 []

[28

] [29] [30] [31] [32] [33] [34])) (../section/03section.tex [35]
Kapitel 3.
(../subsection/03subsection.tex
Underfull \hbox (badness 10000) in paragraph at lines 4--7

 []

[36

] [37]
Underfull \hbox (badness 10000) in paragraph at lines 58--61

 []


Overfull \hbox (7.82495pt too wide) in paragraph at lines 68--69
\T1/bch/m/n/10 un-be-stimm-tes In-te-gral von $\OML/cmm/m/it/10 f []$ \T1/bch/m
/n/10 be-zeich-net und durch das Sym-bol $[] \OML/cmm/m/it/10 f []  []x$
 []


Overfull \hbox (0.79756pt too wide) in paragraph at lines 72--73
\OML/cmm/m/it/10 f []$ \T1/bch/m/n/10 ist da-her in fol-gen-der Form dar-stell-
bar, wo-bei $\OML/cmm/m/it/10 F []$ \T1/bch/m/n/10 ir-gend-ei-ne Stamm-
 []

[38] [39]
Overfull \hbox (0.19446pt too wide) detected at line 123
[][]
 []

[40]
Overfull \hbox (0.98224pt too wide) in paragraph at lines 135--136
[]$[]$ 
 []


Overfull \hbox (5.49779pt too wide) in paragraph at lines 136--137
[]$[]$ 
 []


Overfull \hbox (22.0522pt too wide) in paragraph at lines 137--138
[]$[]$ 
 []


Overfull \hbox (19.20595pt too wide) in paragraph at lines 138--139
[]$[]$ 
 []

[41]
Overfull \hbox (2.1094pt too wide) in paragraph at lines 141--142
[]$[]$ 
 []


Overfull \hbox (62.16418pt too wide) in paragraph at lines 143--144
[]$[]$ 
 []


Overfull \hbox (24.63936pt too wide) detected at line 153
[][]
 []

[42]
Underfull \hbox (badness 10000) in paragraph at lines 153--157

 []

[43]
Overfull \hbox (29.40114pt too wide) detected at line 200
[][]
 []


Overfull \hbox (6.45346pt too wide) in paragraph at lines 202--203
\T1/bch/m/n/10 Uneigentliche In-te-gra-le wer-den durch Grenz-wer-te er-klärt. 
Ist der je-wei-li-ge Grenz-
 []

[44] [45] [46] [47] [48])) (../section/04section.tex [49]
Kapitel 4.
(../subsection/04subsection.tex
Underfull \hbox (badness 10000) in paragraph at lines 14--17

 []

[50

]
Overfull \hbox (1.35342pt too wide) in paragraph at lines 33--35
\T1/bch/m/n/10 Die kon-ver-gen-te Ver-gleichs-rei-he wird als []\T1/bch/b/n/10 
Ma-jo-ran-te[] \T1/bch/m/n/10 be-zeich-net. Es ge-nügt wenn
 []

[51] [52]
Overfull \hbox (30.76093pt too wide) detected at line 72
[][]
 []

[53]
Overfull \hbox (13.14879pt too wide) detected at line 100
[][]
 []

[54] [55] [56]
Overfull \hbox (43.92935pt too wide) in paragraph at lines 194--195
[]$[] [] \OT1/cmr/m/n/10 = \OML/cmm/m/it/10 x \OMS/cmsy/m/n/10 ^^@ []\OML/cmm/m
/it/10 x[] \OT1/cmr/m/n/10 + []\OML/cmm/m/it/10 x[] \OMS/cmsy/m/n/10 ^^@ []\OML
/cmm/m/it/10 x[] \OT1/cmr/m/n/10 + \OMS/cmsy/m/n/10 ^^@ [] \OT1/cmr/m/n/10 = []
 [][] []\OML/cmm/m/it/10 x[] <
 []

[57] [58] [59]
Overfull \hbox (13.16495pt too wide) detected at line 288
[][]
 []

[60]
LaTeX Font Info:    Trying to load font information for T1+cmtt on input line 3
02.
 (/usr/local/texlive/2020/texmf-dist/tex/latex/base/t1cmtt.fd
File: t1cmtt.fd 2019/12/16 v2.5j Standard LaTeX font definitions
) [61]))
(../section/06section.tex [62]
Kapitel 5.
(../subsection/06subsection.tex
Underfull \hbox (badness 10000) in paragraph at lines 2--7

 []


Underfull \hbox (badness 10000) in paragraph at lines 2--7

 []


Underfull \hbox (badness 10000) in paragraph at lines 16--20

 []

[63

] [64]
Underfull \hbox (badness 10000) in paragraph at lines 63--67

 []


Underfull \hbox (badness 10000) in paragraph at lines 69--73

 []

[65] [66] [67]
Underfull \hbox (badness 10000) in paragraph at lines 172--176

 []


Underfull \hbox (badness 10000) in paragraph at lines 178--182

 []


Underfull \hbox (badness 10000) in paragraph at lines 201--206

 []


Underfull \hbox (badness 10000) in paragraph at lines 201--206

 []

[68] [69]
Underfull \hbox (badness 10000) in paragraph at lines 234--242

 []


Underfull \hbox (badness 10000) in paragraph at lines 234--242

 []


Underfull \hbox (badness 10000) in paragraph at lines 234--242

 []


Underfull \hbox (badness 10000) in paragraph at lines 246--250

 []

[70]
Underfull \hbox (badness 10000) in paragraph at lines 267--271

 []


Underfull \hbox (badness 10000) in paragraph at lines 289--301

 []


Underfull \hbox (badness 10000) in paragraph at lines 289--301

 []


Underfull \hbox (badness 10000) in paragraph at lines 289--301

 []


Underfull \hbox (badness 10000) in paragraph at lines 289--301

 []


Overfull \hbox (9.20018pt too wide) in paragraph at lines 289--301
\T1/bch/m/n/10 zu prü-fen, trans-po-niert man die Ma-trix $\OML/cmm/m/it/10 A$ 
\T1/bch/m/n/10 und bringt sie durch Gauss-Eliminations-
 []


Underfull \hbox (badness 10000) in paragraph at lines 289--301

 []

[71] [72]
Overfull \hbox (34.08366pt too wide) in paragraph at lines 362--364
\T1/bch/m/n/10 so nennt man $[]$ ei-ne im qua-dra-ti-schen Mit-tel be-ste Lö-su
ng. Die Gauss-Normalgleichung
 []

[73]
Underfull \hbox (badness 10000) in paragraph at lines 397--400

 []


Underfull \hbox (badness 10000) in paragraph at lines 406--410

 []

[74]
Overfull \hbox (6.54965pt too wide) in paragraph at lines 429--431
\T1/bch/m/n/10 Sei $\OML/cmm/m/it/10 A \OMS/cmsy/m/n/10 2 \U/msb/m/n/10 R[]$ \T
1/bch/m/n/10 ei-ne qua-dra-ti-sche Ma-trix. Es exi-stiert ei-ne Ma-trix $\OML/c
mm/m/it/10 A[]$ \T1/bch/m/n/10 mit $[] [] \OMS/cmsy/m/n/10 6\OT1/cmr/m/n/10 =
 []

[75] [76]
Overfull \hbox (81.2866pt too wide) detected at line 511
[][]
 []

[77]
Underfull \hbox (badness 10000) in paragraph at lines 518--524

 []


Underfull \hbox (badness 10000) in paragraph at lines 518--524

 []


Overfull \hbox (1.43422pt too wide) in paragraph at lines 542--543
[]\T1/bch/m/n/10 Die De-ter-mi-nan-te ist Null, wenn ent-we-der al-le Ele-men-t
e ei-ner Zei-le/Spalte
 []


Underfull \hbox (badness 10000) in paragraph at lines 550--555

 []


Underfull \hbox (badness 10000) in paragraph at lines 550--555

 []

[78]
Underfull \hbox (badness 10000) in paragraph at lines 561--565

 []

[79] [80]
Underfull \hbox (badness 10000) in paragraph at lines 619--623

 []


Underfull \hbox (badness 10000) in paragraph at lines 624--627

 []

[81]
Underfull \hbox (badness 10000) in paragraph at lines 636--640

 []

[82] [83])) (../section/05section.tex [84]
Kapitel 6.
(../subsection/05subsection.tex
Underfull \hbox (badness 10000) in paragraph at lines 10--14

 []

[85

] [86] [87]
Underfull \hbox (badness 10000) in paragraph at lines 136--139

 []


Underfull \hbox (badness 10000) in paragraph at lines 145--151

 []


Underfull \hbox (badness 10000) in paragraph at lines 145--151

 []

[88]
Overfull \hbox (12.14888pt too wide) in paragraph at lines 170--171
\T1/bch/m/n/10 Die von ei-nem pa-ra-me-ter-ab-hän-gi-gen kom-ple-xen Zei-ger $[
] \OT1/cmr/m/n/10 = [] []$ \T1/bch/m/n/10 in der Gaussschen
 []

[89] [90]

LaTeX Warning: The counter will not be printed.
             The label is: $\texttt {>}\texttt {>}$ on input line 271.


LaTeX Warning: The counter will not be printed.
             The label is: $\texttt {>}\texttt {>}$ on input line 277.

[91]

LaTeX Warning: The counter will not be printed.
             The label is: $\texttt {>}\texttt {>}$ on input line 288.


LaTeX Warning: The counter will not be printed.
             The label is: $\texttt {>}\texttt {>}$ on input line 297.


Overfull \hbox (8.16534pt too wide) in paragraph at lines 302--303
[]\T1/cmtt/m/n/10 double(solve('z^^B3-(-sqrt(3)-i)')) => 0.8099 - 0.9652i, -1.2
408 -
 []


LaTeX Warning: The counter will not be printed.
             The label is: $\texttt {>}\texttt {>}$ on input line 306.

[92]
Overfull \hbox (11.1477pt too wide) in paragraph at lines 315--315
[]\T1/bch/b/n/12 Darstellung ei-ner har-mo-ni-schen Schwin-gung durch einen
 []


Underfull \hbox (badness 10000) in paragraph at lines 319--323

 []


Overfull \hbox (6.98361pt too wide) in paragraph at lines 327--327
[]\T1/bch/b/n/12 Ungestörte über-la-ge-rung gleich-fre-quen-ter har-mo-ni-scher

 []

[93]
Overfull \hbox (2.08278pt too wide) in paragraph at lines 356--356
[]\T1/bch/b/n/14.4 Anwendungen kom-ple-xer Zah-len in der Wech-
 []


Overfull \hbox (0.6395pt too wide) in paragraph at lines 358--359
\T1/bch/m/n/10 Harmonische Schwin-gun-gen sind wich-ti-ge Funk-tio-nen ei-ner u
n-ab-hän-gi-gen Zeit-
 []


Underfull \hbox (badness 10000) in paragraph at lines 375--378

 []


Overfull \hbox (15.21939pt too wide) in paragraph at lines 375--378
\T1/bch/m/n/10 Mit Hil-fe der Ex-po-nen-ti-al-form kann ein sol-cher ro-tie-ren
-der Stab (in der Gauss'schen
 []

[94] [95] [96] [97]

LaTeX Warning: The counter will not be printed.
             The label is: $\texttt {>}\texttt {>}$ on input line 511.

[98]

LaTeX Warning: The counter will not be printed.
             The label is: $\texttt {>}\texttt {>}$ on input line 533.

[99]
Underfull \hbox (badness 10000) in paragraph at lines 556--559

 []

[100] Excluding 'comment' comment.
Overfull \hbox (0.57948pt too wide) in paragraph at lines 657--659
\T1/bch/m/n/10 Orts-kur-ve bein-hal-tet nun al-le Zei-ger-spit-zen der ver-än-d
er-li-chen kom-ple-xen Grös-
 []

[101]
Overfull \hbox (5.3494pt too wide) in paragraph at lines 668--670
\T1/bch/m/n/10 Eine be-son-ders ein-fa-che Form der Be-schrei-bung ei-ner Ge-ra
-den in der Gauss'schen
 []

[102] [103]

LaTeX Warning: The counter will not be printed.
             The label is: $\texttt {>}\texttt {>}$ on input line 751.

[104]
Overfull \hbox (42.16159pt too wide) in paragraph at lines 763--764
[]$ $[]\T1/cmtt/m/n/10 text(xx,yy,strcat('$\OMS/cmsy/m/n/10 n$\T1/cmtt/m/n/10 l
eftarrow $\OMS/cmsy/m/n/10 n$\T1/cmtt/m/n/10 omega=', num2str(omega_w(k)), `1/_
s'))[] 
 []


LaTeX Warning: The counter will not be printed.
             The label is: $\texttt {>}\texttt {>}$ on input line 767.


Overfull \hbox (42.16159pt too wide) in paragraph at lines 776--777
[]$ $[]\T1/cmtt/m/n/10 text(xx,yy,strcat('$\OMS/cmsy/m/n/10 n$\T1/cmtt/m/n/10 l
eftarrow $\OMS/cmsy/m/n/10 n$\T1/cmtt/m/n/10 omega=', num2str(omega_w(k)), `1/_
s'))[] 
 []

)) (../section/07section.tex [105]
Kapitel 7.
(../subsection/07subsection.tex
Overfull \hbox (0.4707pt too wide) in paragraph at lines 3--8
\T1/bch/m/n/10 Ele-ment $\OML/cmm/m/it/10 z$ \T1/bch/m/n/10 aus ei-ner Men-ge $
\OML/cmm/m/it/10 W$ \T1/bch/m/n/10 zu-ord-net. Sym-bo-li-sche Schreib-wei-se: $
\OML/cmm/m/it/10 z \OT1/cmr/m/n/10 = \OML/cmm/m/it/10 f []$\T1/bch/m/n/10 . 
 []


Underfull \hbox (badness 10000) in paragraph at lines 3--8

 []


Underfull \hbox (badness 10000) in paragraph at lines 3--8

 []


Underfull \hbox (badness 10000) in paragraph at lines 22--27

 []


Underfull \hbox (badness 10000) in paragraph at lines 22--27

 []

[106

] [107]
Overfull \hbox (0.54117pt too wide) in paragraph at lines 64--67
\T1/bch/m/n/10 Die Struk-tur ei-ner Funk-ti-on $\OML/cmm/m/it/10 z \OT1/cmr/m/n
/10 = \OML/cmm/m/it/10 f []$ \T1/bch/m/n/10 kann durch Schnittkurven- pder Schn
itt-
 []


Underfull \hbox (badness 10000) in paragraph at lines 64--67

 []


Underfull \hbox (badness 10000) in paragraph at lines 69--73

 []

LaTeX Font Info:    Trying to load font information for TS1+bch on input line 7
4.
(/usr/local/texlive/2020/texmf-dist/tex/latex/psnfss/ts1bch.fd
File: ts1bch.fd 2004/10/18 font definitions for TS1/bch.
) [108]
Underfull \hbox (badness 10000) in paragraph at lines 83--87

 []


Underfull \hbox (badness 10000) in paragraph at lines 100--104

 []

[109]
Underfull \hbox (badness 10000) in paragraph at lines 114--118

 []


Underfull \hbox (badness 10000) in paragraph at lines 126--130

 []


Overfull \hbox (30.73984pt too wide) detected at line 132
[][] [][]
 []

[110]
Overfull \hbox (34.61069pt too wide) detected at line 141
[][] [][]
 []


Overfull \hbox (57.31671pt too wide) detected at line 144
[][] [][]
 []

[111]
Underfull \hbox (badness 10000) in paragraph at lines 160--163

 []


Underfull \hbox (badness 10000) in paragraph at lines 165--169

 []


Underfull \hbox (badness 10000) in paragraph at lines 175--179

 []


Overfull \hbox (0.60947pt too wide) in paragraph at lines 183--185
\T1/bch/m/n/10 Diese Grös-se be-schreibt den Zu-wachs der Hö-hen-ko-or-di-na-te
 und da-mit des Funk-
 []

[112]
Underfull \hbox (badness 10000) in paragraph at lines 189--192

 []


Underfull \hbox (badness 10000) in paragraph at lines 205--209

 []

[113]
Underfull \hbox (badness 10000) in paragraph at lines 215--218

 []


Underfull \hbox (badness 10000) in paragraph at lines 234--237

 []

[114]
Underfull \hbox (badness 10000) in paragraph at lines 245--249

 []


Overfull \hbox (25.19466pt too wide) in paragraph at lines 245--249
\T1/bch/m/n/10 mit-tel-ba-ren Um-ge-bung des Ar-beits-punk-tes $\OML/cmm/m/it/1
0 P$ \T1/bch/m/n/10 kann die Funk-ti-on $\OML/cmm/m/it/10 y \OT1/cmr/m/n/10 = \
OML/cmm/m/it/10 f []$
 []


Underfull \hbox (badness 10000) in paragraph at lines 256--260

 []

[115]
Underfull \hbox (badness 10000) in paragraph at lines 276--279

 []


Underfull \hbox (badness 10000) in paragraph at lines 291--295

 []

[116]
Overfull \hbox (1.41423pt too wide) detected at line 301
[][] [][]
 []


Underfull \hbox (badness 10000) in paragraph at lines 313--317

 []

[117]
Underfull \hbox (badness 10000) in paragraph at lines 333--338

 []


Underfull \hbox (badness 10000) in paragraph at lines 333--338

 []


Underfull \hbox (badness 10000) in paragraph at lines 340--344

 []

[118]
Underfull \hbox (badness 10000) in paragraph at lines 359--365

 []


Underfull \hbox (badness 10000) in paragraph at lines 359--365

 []

[119] [120]
Overfull \hbox (25.42673pt too wide) detected at line 416
[][] [][]
 []


Underfull \hbox (badness 10000) in paragraph at lines 421--425

 []

[121]
Overfull \hbox (6.2446pt too wide) detected at line 450
[][] [][]
 []


Underfull \hbox (badness 10000) in paragraph at lines 455--458

 []

[122]
Underfull \hbox (badness 10000) in paragraph at lines 467--470

 []

[123]
Underfull \hbox (badness 10000) in paragraph at lines 479--484

 []


Underfull \hbox (badness 10000) in paragraph at lines 479--484

 []

[124]
Underfull \hbox (badness 10000) in paragraph at lines 504--508

 []

[125] [126])) (../section/08section.tex [127]
Kapitel 8.
(../subsection/08subsection.tex [128

]
Underfull \hbox (badness 10000) in paragraph at lines 25--30

 []


Underfull \hbox (badness 10000) in paragraph at lines 25--30

 []


Underfull \hbox (badness 10000) in paragraph at lines 32--35

 []

[129]
Underfull \hbox (badness 10000) in paragraph at lines 37--43

 []


Underfull \hbox (badness 10000) in paragraph at lines 37--43

 []

[130] [131] [132]
Overfull \hbox (75.15295pt too wide) detected at line 154
[][]
 []

[133] [134]
Underfull \hbox (badness 10000) in paragraph at lines 215--218

 []

[135]
Overfull \hbox (35.47626pt too wide) detected at line 246
[][] [][] [][]
 []

[136]
Underfull \hbox (badness 10000) in paragraph at lines 255--261

 []


Underfull \hbox (badness 10000) in paragraph at lines 255--261

 []


Overfull \hbox (13.22415pt too wide) in paragraph at lines 255--261
\T1/bch/m/n/10 chungs-sy-stem. Das Sy-stem hat ge-nau ei-ne Lö-sung, wenn die W
ronski-Determinante
 []


Overfull \hbox (15.39568pt too wide) in paragraph at lines 261--261
[]\T1/bch/b/n/12 Integration der ho-mo-ge-nen li-nea-ren Dif-fe-ren-ti-al-glei-
chung 
 []

[137]
Overfull \hbox (50.12439pt too wide) detected at line 290
[][] [][] [][]
 []


Overfull \hbox (86.06094pt too wide) in paragraph at lines 308--320
 [][] 
 []

)) [138] [139] (./index.aux) ) 
Here is how much of TeX's memory you used:
 5469 strings out of 480608
 78016 string characters out of 5903630
 347591 words of memory out of 5000000
 21217 multiletter control sequences out of 15000+600000
 570707 words of font info for 80 fonts, out of 8000000 for 9000
 1141 hyphenation exceptions out of 8191
 41i,29n,42p,811b,304s stack positions out of 5000i,500n,10000p,200000b,80000s
{/usr/local/texlive/2020/texmf-dist/fonts/enc/dvi
ps/cm-super/cm-super-t1.enc}{/usr/local/texlive/2020/texmf-dist/fonts/enc/dvips
/base/8r.enc}</usr/local/texlive/2020/texmf-dist/fonts/type1/bitstrea/charter/b
chb8a.pfb></usr/local/texlive/2020/texmf-dist/fonts/type1/bitstrea/charter/bchr
8a.pfb></usr/local/texlive/2020/texmf-dist/fonts/type1/public/amsfonts/cm/cmex1
0.pfb></usr/local/texlive/2020/texmf-dist/fonts/type1/public/amsfonts/cmextra/c
mex7.pfb></usr/local/texlive/2020/texmf-dist/fonts/type1/public/amsfonts/cm/cmm
i10.pfb></usr/local/texlive/2020/texmf-dist/fonts/type1/public/amsfonts/cm/cmmi
12.pfb></usr/local/texlive/2020/texmf-dist/fonts/type1/public/amsfonts/cm/cmmi5
.pfb></usr/local/texlive/2020/texmf-dist/fonts/type1/public/amsfonts/cm/cmmi7.p
fb></usr/local/texlive/2020/texmf-dist/fonts/type1/public/amsfonts/cm/cmr10.pfb
></usr/local/texlive/2020/texmf-dist/fonts/type1/public/amsfonts/cm/cmr5.pfb></
usr/local/texlive/2020/texmf-dist/fonts/type1/public/amsfonts/cm/cmr7.pfb></usr
/local/texlive/2020/texmf-dist/fonts/type1/public/amsfonts/cm/cmr8.pfb></usr/lo
cal/texlive/2020/texmf-dist/fonts/type1/public/amsfonts/cm/cmsy10.pfb></usr/loc
al/texlive/2020/texmf-dist/fonts/type1/public/amsfonts/cm/cmsy5.pfb></usr/local
/texlive/2020/texmf-dist/fonts/type1/public/amsfonts/cm/cmsy7.pfb></usr/local/t
exlive/2020/texmf-dist/fonts/type1/public/esint-type1/esint10.pfb></usr/local/t
exlive/2020/texmf-dist/fonts/type1/public/amsfonts/symbols/msbm10.pfb></usr/loc
al/texlive/2020/texmf-dist/fonts/type1/public/cm-super/sftt1000.pfb>
Output written on index.pdf (139 pages, 611734 bytes).
PDF statistics:
 527 PDF objects out of 1000 (max. 8388607)
 364 compressed objects within 4 object streams
 0 named destinations out of 1000 (max. 500000)
 1 words of extra memory for PDF output out of 10000 (max. 10000000)

