This is pdfTeX, Version 3.14159265-2.6-1.40.21 (MiKTeX 20.6.29) (preloaded format=pdflatex 2020.7.26)  3 AUG 2020 18:39
entering extended mode
**G:/UNI/public/docs/PROGRAMMIERUNG/MATLAB/ZUSAMMENFASSUNG/index/index.tex
(G:/UNI/public/docs/PROGRAMMIERUNG/MATLAB/ZUSAMMENFASSUNG/index/index.tex
LaTeX2e <2020-02-02> patch level 5
L3 programming layer <2020-06-18>
(C:\Users\robay\AppData\Local\Programs\MiKTeX\tex/latex/koma-script\scrreprt.cl
s
Document Class: scrreprt 2020/04/19 v3.30 KOMA-Script document class (report)

(C:\Users\robay\AppData\Local\Programs\MiKTeX\tex/latex/koma-script\scrkbase.st
y
Package: scrkbase 2020/04/19 v3.30 KOMA-Script package (KOMA-Script-dependent b
asics and keyval usage)

(C:\Users\robay\AppData\Local\Programs\MiKTeX\tex/latex/koma-script\scrbase.sty
Package: scrbase 2020/04/19 v3.30 KOMA-Script package (KOMA-Script-independent 
basics and keyval usage)
(C:\Users\robay\AppData\Local\Programs\MiKTeX\tex/latex/graphics\keyval.sty
Package: keyval 2014/10/28 v1.15 key=value parser (DPC)
\KV@toks@=\toks15
)
(C:\Users\robay\AppData\Local\Programs\MiKTeX\tex/latex/koma-script\scrlfile.st
y
Package: scrlfile 2020/04/19 v3.30 KOMA-Script package (loading files)
)))
(C:\Users\robay\AppData\Local\Programs\MiKTeX\tex/latex/koma-script\tocbasic.st
y
Package: tocbasic 2020/04/19 v3.30 KOMA-Script package (handling toc-files)
\scr@dte@tocline@numberwidth=\skip47
\scr@dte@tocline@numbox=\box45
)
Package tocbasic Info: babel extension for `toc' omitted
(tocbasic)             because of missing \bbl@set@language on input line 137.
Package scrreprt Info: You've used standard option `10pt'.
(scrreprt)             This is correct!
(scrreprt)             Internally I'm using `fontsize=10pt'.
(scrreprt)             If you'd like to set the option with \KOMAoptions,
(scrreprt)             you'd have to use `fontsize=10pt' there
(scrreprt)             instead of `10pt', too.
Class scrreprt Info: File `scrsize10pt.clo' used to setup font sizes on input l
ine 2424.

(C:\Users\robay\AppData\Local\Programs\MiKTeX\tex/latex/koma-script\scrsize10pt
.clo
File: scrsize10pt.clo 2020/04/19 v3.30 KOMA-Script font size class option (10pt
)
)
(C:\Users\robay\AppData\Local\Programs\MiKTeX\tex/latex/koma-script\typearea.st
y
Package: typearea 2020/04/19 v3.30 KOMA-Script package (type area)
\ta@bcor=\skip48
\ta@div=\count167
Package typearea Info: You've used standard option `a4paper'.
(typearea)             This is correct!
(typearea)             Internally I'm using `paper=a4'.
(typearea)             If you'd like to set the option with \KOMAoptions,
(typearea)             you'd have to use `paper=a4' there
(typearea)             instead of `a4paper', too.
\ta@hblk=\skip49
\ta@vblk=\skip50
\ta@temp=\skip51
\footheight=\skip52
Package typearea Info: These are the values describing the layout:
(typearea)             DIV  = 8
(typearea)             BCOR = 0.0pt
(typearea)             \paperwidth      = 597.50793pt
(typearea)              \textwidth      = 373.44246pt
(typearea)              DIV departure   = -4%
(typearea)              \evensidemargin = 39.76274pt
(typearea)              \oddsidemargin  = 39.76274pt
(typearea)             \paperheight     = 845.04694pt
(typearea)              \textheight     = 538.0pt
(typearea)              \topmargin      = 0.36087pt
(typearea)              \headheight     = 15.0pt
(typearea)              \headsep        = 18.0pt
(typearea)              \topskip        = 10.0pt
(typearea)              \footskip       = 42.0pt
(typearea)              \baselineskip   = 12.0pt
(typearea)              on input line 1738.
)
\c@part=\count168
\c@chapter=\count169
\c@section=\count170
\c@subsection=\count171
\c@subsubsection=\count172
\c@paragraph=\count173
\c@subparagraph=\count174
\scr@dte@chapter@maxnumwidth=\skip53
Class scrreprt Info: using compatibility default `afterindent=bysign'
(scrreprt)           for `\chapter on input line 5588.
\scr@dte@section@maxnumwidth=\skip54
Class scrreprt Info: using compatibility default `runin=bysign'
(scrreprt)           for `\section on input line 5598.
Class scrreprt Info: using compatibility default `afterindent=bysign'
(scrreprt)           for `\section on input line 5598.
\scr@dte@part@maxnumwidth=\skip55
Class scrreprt Info: using compatibility default `afterindent=true'
(scrreprt)           for `\part on input line 5607.
\scr@dte@subsection@maxnumwidth=\skip56
Class scrreprt Info: using compatibility default `runin=bysign'
(scrreprt)           for `\subsection on input line 5617.
Class scrreprt Info: using compatibility default `afterindent=bysign'
(scrreprt)           for `\subsection on input line 5617.
\scr@dte@subsubsection@maxnumwidth=\skip57
Class scrreprt Info: using compatibility default `runin=bysign'
(scrreprt)           for `\subsubsection on input line 5627.
Class scrreprt Info: using compatibility default `afterindent=bysign'
(scrreprt)           for `\subsubsection on input line 5627.
\scr@dte@paragraph@maxnumwidth=\skip58
Class scrreprt Info: using compatibility default `runin=bysign'
(scrreprt)           for `\paragraph on input line 5637.
Class scrreprt Info: using compatibility default `afterindent=bysign'
(scrreprt)           for `\paragraph on input line 5637.
\scr@dte@subparagraph@maxnumwidth=\skip59
Class scrreprt Info: using compatibility default `runin=bysign'
(scrreprt)           for `\subparagraph on input line 5647.
Class scrreprt Info: using compatibility default `afterindent=bysign'
(scrreprt)           for `\subparagraph on input line 5647.
\abovecaptionskip=\skip60
\belowcaptionskip=\skip61
\c@pti@nb@sid@b@x=\box46
Package tocbasic Info: babel extension for `lof' omitted
(tocbasic)             because of missing \bbl@set@language on input line 6883.

\scr@dte@figure@maxnumwidth=\skip62
\c@figure=\count175
Package tocbasic Info: babel extension for `lot' omitted
(tocbasic)             because of missing \bbl@set@language on input line 6900.

\scr@dte@table@maxnumwidth=\skip63
\c@table=\count176
Class scrreprt Info: Redefining `\numberline' on input line 7069.
\bibindent=\dimen134
) (C:\Users\robay\AppData\Local\Programs\MiKTeX\tex/latex/base\inputenc.sty
Package: inputenc 2018/08/11 v1.3c Input encoding file
\inpenc@prehook=\toks16
\inpenc@posthook=\toks17
)
(C:\Users\robay\AppData\Local\Programs\MiKTeX\tex/generic/babel\babel.sty
Package: babel 2020/06/10 3.45 The Babel package

(C:\Users\robay\AppData\Local\Programs\MiKTeX\tex/generic/babel\babel.def
File: babel.def 2020/06/10 3.45 Babel common definitions
\babel@savecnt=\count177
\U@D=\dimen135
\l@babelnohyphens=\language79

(C:\Users\robay\AppData\Local\Programs\MiKTeX\tex/generic/babel\txtbabel.def)
\bbl@readstream=\read2
)
\bbl@dirlevel=\count178

*************************************
* Local config file bblopts.cfg used
*
(C:\Users\robay\AppData\Local\Programs\MiKTeX\tex/latex/arabi\bblopts.cfg
File: bblopts.cfg 2005/09/08 v0.1 add Arabic and Farsi to "declared" options of
 babel
)
(C:\Users\robay\AppData\Local\Programs\MiKTeX\tex/latex/babel-german\german.ldf
Language: german 2018/12/08 v2.11 German support for babel (pre-1996 orthograph
y)

(C:\Users\robay\AppData\Local\Programs\MiKTeX\tex/latex/babel-german\germanb.ld
f
Language: germanb 2018/12/08 v2.11 German support for babel (pre-1996 orthograp
hy)
Package babel Info: Making " an active character on input line 135.
))) (C:\Users\robay\AppData\Local\Programs\MiKTeX\tex/latex/base\fontenc.sty
Package: fontenc 2020/02/11 v2.0o Standard LaTeX package
)
(C:\Users\robay\AppData\Local\Programs\MiKTeX\tex/latex/psnfss\charter.sty
Package: charter 2020/03/25 PSNFSS-v9.3 (P.Dyballa) 
)
(C:\Users\robay\AppData\Local\Programs\MiKTeX\tex/latex/geometry\geometry.sty
Package: geometry 2020/01/02 v5.9 Page Geometry

(C:\Users\robay\AppData\Local\Programs\MiKTeX\tex/generic/iftex\ifvtex.sty
Package: ifvtex 2019/10/25 v1.7 ifvtex legacy package. Use iftex instead.

(C:\Users\robay\AppData\Local\Programs\MiKTeX\tex/generic/iftex\iftex.sty
Package: iftex 2020/03/06 v1.0d TeX engine tests
))
\Gm@cnth=\count179
\Gm@cntv=\count180
\c@Gm@tempcnt=\count181
\Gm@bindingoffset=\dimen136
\Gm@wd@mp=\dimen137
\Gm@odd@mp=\dimen138
\Gm@even@mp=\dimen139
\Gm@layoutwidth=\dimen140
\Gm@layoutheight=\dimen141
\Gm@layouthoffset=\dimen142
\Gm@layoutvoffset=\dimen143
\Gm@dimlist=\toks18

(C:\Users\robay\AppData\Local\Programs\MiKTeX\tex/latex/geometry\geometry.cfg))
(C:\Users\robay\AppData\Local\Programs\MiKTeX\tex/latex/tools\multicol.sty
Package: multicol 2019/12/09 v1.8y multicolumn formatting (FMi)
\c@tracingmulticols=\count182
\mult@box=\box47
\multicol@leftmargin=\dimen144
\c@unbalance=\count183
\c@collectmore=\count184
\doublecol@number=\count185
\multicoltolerance=\count186
\multicolpretolerance=\count187
\full@width=\dimen145
\page@free=\dimen146
\premulticols=\dimen147
\postmulticols=\dimen148
\multicolsep=\skip64
\multicolbaselineskip=\skip65
\partial@page=\box48
\last@line=\box49
\maxbalancingoverflow=\dimen149
\mult@rightbox=\box50
\mult@grightbox=\box51
\mult@gfirstbox=\box52
\mult@firstbox=\box53
\@tempa=\box54
\@tempa=\box55
\@tempa=\box56
\@tempa=\box57
\@tempa=\box58
\@tempa=\box59
\@tempa=\box60
\@tempa=\box61
\@tempa=\box62
\@tempa=\box63
\@tempa=\box64
\@tempa=\box65
\@tempa=\box66
\@tempa=\box67
\@tempa=\box68
\@tempa=\box69
\@tempa=\box70
\@tempa=\box71
\@tempa=\box72
\@tempa=\box73
\@tempa=\box74
\@tempa=\box75
\@tempa=\box76
\@tempa=\box77
\@tempa=\box78
\@tempa=\box79
\@tempa=\box80
\@tempa=\box81
\@tempa=\box82
\@tempa=\box83
\@tempa=\box84
\@tempa=\box85
\@tempa=\box86
\@tempa=\box87
\@tempa=\box88
\@tempa=\box89
\@tempa=\box90
\c@minrows=\count188
\c@columnbadness=\count189
\c@finalcolumnbadness=\count190
\last@try=\dimen150
\multicolovershoot=\dimen151
\multicolundershoot=\dimen152
\mult@nat@firstbox=\box91
\colbreak@box=\box92
\mc@col@check@num=\count191
)
(C:\Users\robay\AppData\Local\Programs\MiKTeX\tex/latex/graphics\graphicx.sty
Package: graphicx 2019/11/30 v1.2a Enhanced LaTeX Graphics (DPC,SPQR)

(C:\Users\robay\AppData\Local\Programs\MiKTeX\tex/latex/graphics\graphics.sty
Package: graphics 2019/11/30 v1.4a Standard LaTeX Graphics (DPC,SPQR)

(C:\Users\robay\AppData\Local\Programs\MiKTeX\tex/latex/graphics\trig.sty
Package: trig 2016/01/03 v1.10 sin cos tan (DPC)
)
(C:\Users\robay\AppData\Local\Programs\MiKTeX\tex/latex/graphics-cfg\graphics.c
fg
File: graphics.cfg 2016/06/04 v1.11 sample graphics configuration
)
Package graphics Info: Driver file: pdftex.def on input line 105.

(C:\Users\robay\AppData\Local\Programs\MiKTeX\tex/latex/graphics-def\pdftex.def
File: pdftex.def 2018/01/08 v1.0l Graphics/color driver for pdftex
))
\Gin@req@height=\dimen153
\Gin@req@width=\dimen154
) (C:\Users\robay\AppData\Local\Programs\MiKTeX\tex/latex/xcolor\xcolor.sty
Package: xcolor 2016/05/11 v2.12 LaTeX color extensions (UK)

(C:\Users\robay\AppData\Local\Programs\MiKTeX\tex/latex/graphics-cfg\color.cfg
File: color.cfg 2016/01/02 v1.6 sample color configuration
)
Package xcolor Info: Driver file: pdftex.def on input line 225.
Package xcolor Info: Model `cmy' substituted by `cmy0' on input line 1348.
Package xcolor Info: Model `hsb' substituted by `rgb' on input line 1352.
Package xcolor Info: Model `RGB' extended on input line 1364.
Package xcolor Info: Model `HTML' substituted by `rgb' on input line 1366.
Package xcolor Info: Model `Hsb' substituted by `hsb' on input line 1367.
Package xcolor Info: Model `tHsb' substituted by `hsb' on input line 1368.
Package xcolor Info: Model `HSB' substituted by `hsb' on input line 1369.
Package xcolor Info: Model `Gray' substituted by `gray' on input line 1370.
Package xcolor Info: Model `wave' substituted by `hsb' on input line 1371.
) (C:\Users\robay\AppData\Local\Programs\MiKTeX\tex/latex/wrapfig\wrapfig.sty
\wrapoverhang=\dimen155
\WF@size=\dimen156
\c@WF@wrappedlines=\count192
\WF@box=\box93
\WF@everypar=\toks19
Package: wrapfig 2003/01/31  v 3.6
)
(C:\Users\robay\AppData\Local\Programs\MiKTeX\tex/latex/tools\enumerate.sty
Package: enumerate 2015/07/23 v3.00 enumerate extensions (DPC)
\@enLab=\toks20
)
(C:\Users\robay\AppData\Local\Programs\MiKTeX\tex/latex/comment\comment.sty
\CommentStream=\write3

Excluding comment 'comment')
(C:\Users\robay\AppData\Local\Programs\MiKTeX\tex/latex/titlesec\titlesec.sty
Package: titlesec 2019/10/16 v2.13 Sectioning titles
\ttl@box=\box94
\beforetitleunit=\skip66
\aftertitleunit=\skip67
\ttl@plus=\dimen157
\ttl@minus=\dimen158
\ttl@toksa=\toks21
\titlewidth=\dimen159
\titlewidthlast=\dimen160
\titlewidthfirst=\dimen161


Package titlesec Warning: Non standard sectioning command \section
(titlesec)                detected. Using default spacing and no format.


Package titlesec Warning: Non standard sectioning command \subsection
(titlesec)                detected. Using default spacing and no format.


Package titlesec Warning: Non standard sectioning command \subsubsection
(titlesec)                detected. Using default spacing and no format.


Package titlesec Warning: Non standard sectioning command \paragraph
(titlesec)                detected. Using default spacing and no format.


Package titlesec Warning: Non standard sectioning command \subparagraph
(titlesec)                detected. Using default spacing and no format.

)
Class scrreprt Info: Unknown `titesec' release.
(scrreprt)           Cross your fingers, that is compatible on input line 26.
 (C:\Users\robay\AppData\Local\Programs\MiKTeX\tex/latex/float\float.sty
Package: float 2001/11/08 v1.3d Float enhancements (AL)
\c@float@type=\count193
\float@exts=\toks22
\float@box=\box95
\@float@everytoks=\toks23
\@floatcapt=\box96
)
(C:\Users\robay\AppData\Local\Programs\MiKTeX\tex/latex/caption\caption.sty
Package: caption 2020/05/30 v3.4k Customizing captions (AR)

(C:\Users\robay\AppData\Local\Programs\MiKTeX\tex/latex/caption\caption3.sty
Package: caption3 2020/05/30 v1.12 caption3 kernel (AR)
Package caption3 Info: TeX engine: e-TeX on input line 61.
\captionmargin=\dimen162
\captionmargin@=\dimen163
\captionwidth=\dimen164
\caption@tempdima=\dimen165
\caption@indent=\dimen166
\caption@parindent=\dimen167
\caption@hangindent=\dimen168
Package caption Info: KOMA-Script document class detected.
)
Package caption Info: KOMA-Script document class.
Package caption Info: Option `tablename' requires the `newfloat' package on inp
ut line 266.

(C:\Users\robay\AppData\Local\Programs\MiKTeX\tex/latex/newfloat\newfloat.sty
Package: newfloat 2019/09/02 v1.1l Defining new floating environments (AR)
Package newfloat Info: `wrapfig' package detected.
)
\c@caption@flags=\count194
\c@continuedfloat=\count195
Package caption Info: float package is loaded.
Package caption Info: wrapfig package is loaded.
)
(C:\Users\robay\AppData\Local\Programs\MiKTeX\tex/latex/subfigure\subfigure.sty
Package: subfigure 2002/07/30 v2.1.4 subfigure package
\subfigtopskip=\skip68
\subfigcapskip=\skip69
\subfigcaptopadj=\dimen169
\subfigbottomskip=\skip70
\subfigcapmargin=\dimen170
\subfiglabelskip=\skip71
\c@subfigure=\count196
\c@lofdepth=\count197
\c@subtable=\count198
\c@lotdepth=\count199
****************************************
* Local config file subfigure.cfg used *
****************************************

(C:\Users\robay\AppData\Local\Programs\MiKTeX\tex/latex/subfigure\subfigure.cfg
)
\subfig@top=\skip72
\subfig@bottom=\skip73
)
\@float@every@figure=\toks24
 (C:\Users\robay\AppData\Local\Programs\MiKTeX\tex/latex/amsfonts\amssymb.sty
Package: amssymb 2013/01/14 v3.01 AMS font symbols
(C:\Users\robay\AppData\Local\Programs\MiKTeX\tex/latex/amsfonts\amsfonts.sty
Package: amsfonts 2013/01/14 v3.01 Basic AMSFonts support
\@emptytoks=\toks25
\symAMSa=\mathgroup4
\symAMSb=\mathgroup5
LaTeX Font Info:    Redeclaring math symbol \hbar on input line 98.
LaTeX Font Info:    Overwriting math alphabet `\mathfrak' in version `bold'
(Font)                  U/euf/m/n --> U/euf/b/n on input line 106.
)) (C:\Users\robay\AppData\Local\Programs\MiKTeX\tex/latex/amsmath\amsmath.sty
Package: amsmath 2020/01/20 v2.17e AMS math features
\@mathmargin=\skip74

For additional information on amsmath, use the `?' option.
(C:\Users\robay\AppData\Local\Programs\MiKTeX\tex/latex/amsmath\amstext.sty
Package: amstext 2000/06/29 v2.01 AMS text

(C:\Users\robay\AppData\Local\Programs\MiKTeX\tex/latex/amsmath\amsgen.sty
File: amsgen.sty 1999/11/30 v2.0 generic functions
\@emptytoks=\toks26
\ex@=\dimen171
))
(C:\Users\robay\AppData\Local\Programs\MiKTeX\tex/latex/amsmath\amsbsy.sty
Package: amsbsy 1999/11/29 v1.2d Bold Symbols
\pmbraise@=\dimen172
)
(C:\Users\robay\AppData\Local\Programs\MiKTeX\tex/latex/amsmath\amsopn.sty
Package: amsopn 2016/03/08 v2.02 operator names
)
\inf@bad=\count266
LaTeX Info: Redefining \frac on input line 227.
\uproot@=\count267
\leftroot@=\count268
LaTeX Info: Redefining \overline on input line 389.
\classnum@=\count269
\DOTSCASE@=\count270
LaTeX Info: Redefining \ldots on input line 486.
LaTeX Info: Redefining \dots on input line 489.
LaTeX Info: Redefining \cdots on input line 610.
\Mathstrutbox@=\box97
\strutbox@=\box98
\big@size=\dimen173
LaTeX Font Info:    Redeclaring font encoding OML on input line 733.
LaTeX Font Info:    Redeclaring font encoding OMS on input line 734.
\macc@depth=\count271
\c@MaxMatrixCols=\count272
\dotsspace@=\muskip16
\c@parentequation=\count273
\dspbrk@lvl=\count274
\tag@help=\toks27
\row@=\count275
\column@=\count276
\maxfields@=\count277
\andhelp@=\toks28
\eqnshift@=\dimen174
\alignsep@=\dimen175
\tagshift@=\dimen176
\tagwidth@=\dimen177
\totwidth@=\dimen178
\lineht@=\dimen179
\@envbody=\toks29
\multlinegap=\skip75
\multlinetaggap=\skip76
\mathdisplay@stack=\toks30
LaTeX Info: Redefining \[ on input line 2859.
LaTeX Info: Redefining \] on input line 2860.
)
(C:\Users\robay\AppData\Local\Programs\MiKTeX\tex/latex/cancel\cancel.sty
Package: cancel 2013/04/12 v2.2 Cancel math terms
)
(C:\Users\robay\AppData\Local\Programs\MiKTeX\tex/latex/esint\esint.sty
Package: esint 
\symlargesymbolsA=\mathgroup6
)
(C:\Users\robay\AppData\Local\Programs\MiKTeX\tex/latex/sectsty\sectsty.sty
Package: sectsty 2002/02/25 v2.0.2 Commands to change all sectional heading sty
les


LaTeX Warning: Command \underbar  has changed.
               Check if current package is valid.


LaTeX Warning: Command \underline  has changed.
               Check if current package is valid.

)

Class scrreprt Warning: Incompatible package `sectsty' loaded!
(scrreprt)              Package `sectsty' up to version 2.0.2 is incompatible
(scrreprt)              with KOMA-Script from version 2.8e released in 2001.
(scrreprt)              You should avoid that package and configure the
(scrreprt)              section titles of your document using the KOMA-Script
(scrreprt)              user interface, e.g., \chapterlinesformat,
(scrreprt)              \RedeclareSectionCommand etc. or you should ask
(scrreprt)              the `sectsty' maintainer for a more compatible release.

(scrreprt)              Ignoring this warning could result in several error
(scrreprt)              messages and formatting issues after loading package
(scrreprt)              `sectsty' on input line 41.

(C:\Users\robay\AppData\Local\Programs\MiKTeX\tex/latex/listings\listings.sty
\lst@mode=\count278
\lst@gtempboxa=\box99
\lst@token=\toks31
\lst@length=\count279
\lst@currlwidth=\dimen180
\lst@column=\count280
\lst@pos=\count281
\lst@lostspace=\dimen181
\lst@width=\dimen182
\lst@newlines=\count282
\lst@lineno=\count283
\lst@maxwidth=\dimen183

(C:\Users\robay\AppData\Local\Programs\MiKTeX\tex/latex/listings\lstmisc.sty
File: lstmisc.sty 2020/03/24 1.8d (Carsten Heinz)
\c@lstnumber=\count284
\lst@skipnumbers=\count285
\lst@framebox=\box100
)
(C:\Users\robay\AppData\Local\Programs\MiKTeX\tex/latex/listings\listings.cfg
File: listings.cfg 2020/03/24 1.8d listings configuration
))
Package: listings 2020/03/24 1.8d (Carsten Heinz)
(C:\Users\robay\AppData\Local\Programs\MiKTeX\tex/latex/listings\lstlang1.sty
File: lstlang1.sty 2020/03/24 1.8d listings language file
)
(C:\Users\robay\AppData\Local\Programs\MiKTeX\tex/latex/listings\lstlang1.sty
File: lstlang1.sty 2020/03/24 1.8d listings language file
)
(C:\Users\robay\AppData\Local\Programs\MiKTeX\tex/latex/listings\lstmisc.sty
File: lstmisc.sty 2020/03/24 1.8d (Carsten Heinz)
)
(C:\Users\robay\AppData\Local\Programs\MiKTeX\tex/latex/l3backend\l3backend-pdf
mode.def
File: l3backend-pdfmode.def 2020-06-29 L3 backend support: PDF mode
\l__kernel_color_stack_int=\count286
\l__pdf_internal_box=\box101
) (index.aux)
\openout1 = `index.aux'.

LaTeX Font Info:    Checking defaults for OML/cmm/m/it on input line 95.
LaTeX Font Info:    ... okay on input line 95.
LaTeX Font Info:    Checking defaults for OMS/cmsy/m/n on input line 95.
LaTeX Font Info:    ... okay on input line 95.
LaTeX Font Info:    Checking defaults for OT1/cmr/m/n on input line 95.
LaTeX Font Info:    ... okay on input line 95.
LaTeX Font Info:    Checking defaults for T1/cmr/m/n on input line 95.
LaTeX Font Info:    ... okay on input line 95.
LaTeX Font Info:    Checking defaults for TS1/cmr/m/n on input line 95.
LaTeX Font Info:    ... okay on input line 95.
LaTeX Font Info:    Checking defaults for OMX/cmex/m/n on input line 95.
LaTeX Font Info:    ... okay on input line 95.
LaTeX Font Info:    Checking defaults for U/cmr/m/n on input line 95.
LaTeX Font Info:    ... okay on input line 95.
LaTeX Font Info:    Trying to load font information for T1+bch on input line 95
.

(C:\Users\robay\AppData\Local\Programs\MiKTeX\tex/latex/psnfss\t1bch.fd
File: t1bch.fd 2004/10/18 font definitions for T1/bch.
)
*geometry* driver: auto-detecting
*geometry* detected driver: pdftex
*geometry* verbose mode - [ preamble ] result:
* driver: pdftex
* paper: a4paper
* layout: <same size as paper>
* layoutoffset:(h,v)=(0.0pt,0.0pt)
* modes: landscape includehead includefoot 
* h-part:(L,W,R)=(28.45274pt, 788.14136pt, 28.45274pt)
* v-part:(T,H,B)=(28.45274pt, 540.60239pt, 28.45274pt)
* \paperwidth=845.04684pt
* \paperheight=597.50787pt
* \textwidth=788.14136pt
* \textheight=465.60239pt
* \oddsidemargin=-43.81725pt
* \evensidemargin=-43.81725pt
* \topmargin=-43.81725pt
* \headheight=15.0pt
* \headsep=18.0pt
* \topskip=10.0pt
* \footskip=42.0pt
* \marginparwidth=74.68849pt
* \marginparsep=12.8401pt
* \columnsep=10.0pt
* \skip\footins=9.0pt plus 4.0pt minus 2.0pt
* \hoffset=0.0pt
* \voffset=0.0pt
* \mag=1000
* \@twocolumnfalse
* \@twosidefalse
* \@mparswitchfalse
* \@reversemarginfalse
* (1in=72.27pt=25.4mm, 1cm=28.453pt)


(C:\Users\robay\AppData\Local\Programs\MiKTeX\tex/context/base/mkii\supp-pdf.mk
ii
[Loading MPS to PDF converter (version 2006.09.02).]
\scratchcounter=\count287
\scratchdimen=\dimen184
\scratchbox=\box102
\nofMPsegments=\count288
\nofMParguments=\count289
\everyMPshowfont=\toks32
\MPscratchCnt=\count290
\MPscratchDim=\dimen185
\MPnumerator=\count291
\makeMPintoPDFobject=\count292
\everyMPtoPDFconversion=\toks33
)
(C:\Users\robay\AppData\Local\Programs\MiKTeX\tex/latex/epstopdf-pkg\epstopdf-b
ase.sty
Package: epstopdf-base 2020-01-24 v2.11 Base part for package epstopdf
Package epstopdf-base Info: Redefining graphics rule for `.eps' on input line 4
85.
)
Package caption Info: Begin \AtBeginDocument code.
Package caption Info: listings package is loaded.
Package caption Info: subfigure package is loaded.
Package caption Info: End \AtBeginDocument code.
Package newfloat Info: `float' package detected.
\c@lstlisting=\count293
 (../section/02section.tex
chapter 1.

Class scrreprt Warning: \float@addtolists detected!
(scrreprt)              Implementation of \float@addtolist became
(scrreprt)              deprecated in KOMA-Script v3.01 2008/11/14 and
(scrreprt)              has been replaced by several more flexible
(scrreprt)              features of package `tocbasic`.
(scrreprt)              Since Version 3.12 support for deprecated
(scrreprt)              \float@addtolist interface has been
(scrreprt)              restricted to only some of the KOMA-Script
(scrreprt)              features and been removed from others.
(scrreprt)              Loading of package `scrhack' may help to
(scrreprt)              avoid this warning, if you are using a
(scrreprt)              a package that still implements the
(scrreprt)              deprecated \float@addtolist interface.

(../subsection/02subsection.tex
LaTeX Font Info:    Trying to load font information for T1+cmss on input line 1
.

(C:\Users\robay\AppData\Local\Programs\MiKTeX\tex/latex/base\t1cmss.fd
File: t1cmss.fd 2019/12/16 v2.5j Standard LaTeX font definitions
)
LaTeX Font Info:    Trying to load font information for U+msa on input line 3.

(C:\Users\robay\AppData\Local\Programs\MiKTeX\tex/latex/amsfonts\umsa.fd
File: umsa.fd 2013/01/14 v3.01 AMS symbols A
)
LaTeX Font Info:    Trying to load font information for U+msb on input line 3.

(C:\Users\robay\AppData\Local\Programs\MiKTeX\tex/latex/amsfonts\umsb.fd
File: umsb.fd 2013/01/14 v3.01 AMS symbols B
)
LaTeX Font Info:    Trying to load font information for U+esint on input line 3
.

(C:\Users\robay\AppData\Local\Programs\MiKTeX\tex/latex/esint\uesint.fd
File: uesint.fd 
)
LaTeX Font Info:    Trying to load font information for T1+cmtt on input line 3
.

(C:\Users\robay\AppData\Local\Programs\MiKTeX\tex/latex/base\t1cmtt.fd
File: t1cmtt.fd 2019/12/16 v2.5j Standard LaTeX font definitions
)
LaTeX Font Info:    Font shape `T1/cmtt/bx/n' in size <10> not available
(Font)              Font shape `T1/cmtt/m/n' tried instead on input line 3.

Underfull \hbox (badness 10000) in paragraph at lines 3--18

 []


Underfull \hbox (badness 10000) in paragraph at lines 3--18

 []


Underfull \hbox (badness 7558) in paragraph at lines 3--18
\T1/bch/m/n/10 Der Be-fehl [][][] bil-det die qua-dra-ti-sche \T1/cmtt/m/n/10 n
$\OMS/cmsy/m/n/10 $\T1/cmtt/m/n/10 n\T1/bch/m/n/10 -
 []


Underfull \hbox (badness 10000) in paragraph at lines 3--18

 []


Underfull \hbox (badness 10000) in paragraph at lines 3--18

 []


Underfull \hbox (badness 10000) in paragraph at lines 3--18

 []


Underfull \hbox (badness 10000) in paragraph at lines 3--18

 []


Underfull \hbox (badness 10000) in paragraph at lines 3--18

 []


Underfull \hbox (badness 10000) in paragraph at lines 19--24

 []


Underfull \hbox (badness 10000) in paragraph at lines 19--24

 []

[1

{C:/Users/robay/AppData/Local/MiKTeX/pdftex/config/pdftex.map}]
Underfull \hbox (badness 10000) in paragraph at lines 31--35

 []


Underfull \hbox (badness 10000) in paragraph at lines 41--47

 []


Underfull \hbox (badness 10000) in paragraph at lines 41--47

 []


Underfull \hbox (badness 10000) in paragraph at lines 53--63

 []


Underfull \hbox (badness 10000) in paragraph at lines 53--63

 []


Underfull \hbox (badness 10000) in paragraph at lines 53--63

 []


Underfull \hbox (badness 10000) in paragraph at lines 53--63

 []


Underfull \hbox (badness 10000) in paragraph at lines 65--69

 []

)) (../section/03section.tex
Underfull \hbox (badness 10000) in paragraph at lines 70--1

 []

[2] [3]
chapter 2.
(../subsection/03subsection.tex
Underfull \hbox (badness 10000) in paragraph at lines 3--28

 []


Underfull \hbox (badness 10000) in paragraph at lines 3--28

 []


Underfull \hbox (badness 10000) in paragraph at lines 3--28

 []


Underfull \hbox (badness 10000) in paragraph at lines 3--28

 []


Underfull \hbox (badness 10000) in paragraph at lines 3--28

 []


Underfull \hbox (badness 10000) in paragraph at lines 3--28

 []


Underfull \hbox (badness 10000) in paragraph at lines 3--28

 []


Underfull \hbox (badness 10000) in paragraph at lines 3--28

 []


Underfull \hbox (badness 10000) in paragraph at lines 3--28

 []


Underfull \hbox (badness 10000) in paragraph at lines 3--28

 []


Underfull \hbox (badness 10000) in paragraph at lines 3--28

 []


Underfull \hbox (badness 10000) in paragraph at lines 3--28

 []


Underfull \hbox (badness 10000) in paragraph at lines 29--38

 []


Underfull \hbox (badness 10000) in paragraph at lines 29--38

 []


Underfull \hbox (badness 10000) in paragraph at lines 29--38

 []


Underfull \hbox (badness 10000) in paragraph at lines 29--38

 []


Overfull \hbox (23.85768pt too wide) in paragraph at lines 29--38
\T1/bch/m/n/10 Der Be-fehl [][][]
 []

[4]
Underfull \hbox (badness 10000) in paragraph at lines 39--42

 []


Overfull \hbox (7.23137pt too wide) detected at line 44
[][]
 []


Underfull \hbox (badness 10000) in paragraph at lines 44--50

 []


Underfull \hbox (badness 10000) in paragraph at lines 44--50

 []


Underfull \hbox (badness 10000) in paragraph at lines 51--54

 []


Underfull \hbox (badness 10000) in paragraph at lines 56--65

 []


Underfull \hbox (badness 10000) in paragraph at lines 56--65

 []


Underfull \hbox (badness 10000) in paragraph at lines 56--65

 []


Underfull \hbox (badness 10000) in paragraph at lines 56--65

 []

[5]
Underfull \hbox (badness 10000) in paragraph at lines 66--71

 []


Underfull \hbox (badness 10000) in paragraph at lines 66--71

 []

)) (../section/04section.tex
Underfull \hbox (badness 10000) in paragraph at lines 74--1

 []


Underfull \hbox (badness 5161) in paragraph at lines 74--1
\T1/cmtt/m/n/10 lim=[x$[]$ x$[]$ y$[]$ y$[]$] \T1/bch/m/n/10 wer-den zu-sätz-li
-che Schran-
 []


Underfull \hbox (badness 10000) in paragraph at lines 74--1

 []


Underfull \hbox (badness 10000) in paragraph at lines 74--1

 []


Underfull \hbox (badness 10000) in paragraph at lines 74--1

 []


Underfull \hbox (badness 10000) in paragraph at lines 74--1

 []

[6] [7]
chapter 3.
(../subsection/04subsection.tex
Underfull \hbox (badness 10000) in paragraph at lines 1--4

 []

(C:\Users\robay\AppData\Local\Programs\MiKTeX\tex/latex/listings\lstlang1.sty
File: lstlang1.sty 2020/03/24 1.8d listings language file
)
Underfull \hbox (badness 10000) in paragraph at lines 11--28

 []


Underfull \hbox (badness 10000) in paragraph at lines 11--28

 []


Underfull \hbox (badness 10000) in paragraph at lines 11--28

 []


Underfull \hbox (badness 10000) in paragraph at lines 11--28

 []

(../../PROJEKTE/bspif/bspif.m
LaTeX Font Info:    Font shape `T1/cmtt/bx/n' in size <8> not available
(Font)              Font shape `T1/cmtt/m/n' tried instead on input line 1.
)
Underfull \hbox (badness 10000) in paragraph at lines 29--40

 []


Underfull \hbox (badness 10000) in paragraph at lines 29--40

 []

(../../PROJEKTE/bspfor/bspfor.m) (../../PROJEKTE/bspfor/bspfor2.m)
Underfull \hbox (badness 10000) in paragraph at lines 42--51

 []


Underfull \hbox (badness 10000) in paragraph at lines 42--51

 []

(../../PROJEKTE/bspwhile/bspwhile.m [8])
Underfull \hbox (badness 10000) in paragraph at lines 52--67

 []


Underfull \hbox (badness 10000) in paragraph at lines 52--67

 []

(../../PROJEKTE/bspswitch/bspswitch.m) (../../PROJEKTE/bspswitch/bspswitch2.m)
Underfull \hbox (badness 10000) in paragraph at lines 70--89

 []


Underfull \hbox (badness 10000) in paragraph at lines 70--89

 []


Underfull \hbox (badness 10000) in paragraph at lines 70--89

 []


Underfull \hbox (badness 10000) in paragraph at lines 70--89

 []


Underfull \hbox (badness 10000) in paragraph at lines 70--89

 []


Underfull \hbox (badness 10000) in paragraph at lines 70--89

 []


Underfull \hbox (badness 10000) in paragraph at lines 70--89

 []


Underfull \hbox (badness 10000) in paragraph at lines 70--89

 []


Underfull \hbox (badness 10000) in paragraph at lines 70--89

 []

(../../PROJEKTE/functions/botta.m [9])
Underfull \hbox (badness 10000) in paragraph at lines 90--93

 []

(../../PROJEKTE/bspnargin/bspnargin.m)
Underfull \hbox (badness 10000) in paragraph at lines 94--97

 []

(../../PROJEKTE/bspnargout/bspnargout.m)
Underfull \hbox (badness 10000) in paragraph at lines 98--101

 []

(../../PROJEKTE/bspglobal/bspglobal.m)
Underfull \hbox (badness 10000) in paragraph at lines 103--112

 []


Underfull \hbox (badness 10000) in paragraph at lines 103--112

 []


Underfull \hbox (badness 10000) in paragraph at lines 103--112

 []


Underfull \hbox (badness 10000) in paragraph at lines 103--112

 []

[10])) [11] (../section/01ubung.tex
chapter 4.
(../ubungen/01ubungen.tex

LaTeX Warning: The counter will not be printed.
             The label is: $\bullet $ on input line 2.


LaTeX Warning: The counter will not be printed.
             The label is: $\bullet $ on input line 10.


Underfull \hbox (badness 10000) in paragraph at lines 23--38

 []


Underfull \hbox (badness 10000) in paragraph at lines 23--38

 []

[12])) (../section/02ubung.tex [13]
chapter 5.
(../ubungen/02ubungen.tex
Underfull \hbox (badness 10000) in paragraph at lines 17--22

 []

LaTeX Font Info:    Trying to load font information for TS1+bch on input line 2
3.
(C:\Users\robay\AppData\Local\Programs\MiKTeX\tex/latex/psnfss\ts1bch.fd
File: ts1bch.fd 2004/10/18 font definitions for TS1/bch.
)
Underfull \hbox (badness 10000) in paragraph at lines 37--40

 []


Underfull \hbox (badness 10000) in paragraph at lines 40--43

 []


Underfull \hbox (badness 10000) in paragraph at lines 43--46

 []


Underfull \hbox (badness 10000) in paragraph at lines 46--51

 []

(../../PROJEKTE/ubungm2a/ubungm2a.m)
<../../PROJEKTE/ubungm2a/ubungm2a.png, id=59, 1124.2pt x 843.15pt>
File: ../../PROJEKTE/ubungm2a/ubungm2a.png Graphic file (type png)
<use ../../PROJEKTE/ubungm2a/ubungm2a.png>
Package pdftex.def Info: ../../PROJEKTE/ubungm2a/ubungm2a.png  used on input li
ne 57.
(pdftex.def)             Requested size: 337.2626pt x 252.94695pt.
 [14] (../../PROJEKTE/ubungm2b/ubungm2b.m)
<../../PROJEKTE/ubungm2b/ubungm2b.png, id=63, 1124.2pt x 843.15pt>
File: ../../PROJEKTE/ubungm2b/ubungm2b.png Graphic file (type png)
<use ../../PROJEKTE/ubungm2b/ubungm2b.png>
Package pdftex.def Info: ../../PROJEKTE/ubungm2b/ubungm2b.png  used on input li
ne 62.
(pdftex.def)             Requested size: 337.2626pt x 252.94695pt.

(../../PROJEKTE/ubungm2c/ubungm2c.m [15 <../../PROJEKTE/ubungm2a/ubungm2a.png (
PNG copy)> <../../PROJEKTE/ubungm2b/ubungm2b.png (PNG copy)>])
<../../PROJEKTE/ubungm2c/ubungm2c.png, id=67, 1124.2pt x 843.15pt>
File: ../../PROJEKTE/ubungm2c/ubungm2c.png Graphic file (type png)
<use ../../PROJEKTE/ubungm2c/ubungm2c.png>
Package pdftex.def Info: ../../PROJEKTE/ubungm2c/ubungm2c.png  used on input li
ne 67.
(pdftex.def)             Requested size: 337.2626pt x 252.94695pt.
))
(../section/03ubung.tex [16 <../../PROJEKTE/ubungm2c/ubungm2c.png (PNG copy)>]
chapter 6.
(../ubungen/03ubungen.tex
Underfull \hbox (badness 10000) in paragraph at lines 25--36

 []

<../../PROJEKTE/ubungm3wurfparabel/ubungm3wurfparabel.png, id=71, 1124.2pt x 84
3.15pt>
File: ../../PROJEKTE/ubungm3wurfparabel/ubungm3wurfparabel.png Graphic file (ty
pe png)
<use ../../PROJEKTE/ubungm3wurfparabel/ubungm3wurfparabel.png>
Package pdftex.def Info: ../../PROJEKTE/ubungm3wurfparabel/ubungm3wurfparabel.p
ng  used on input line 37.
(pdftex.def)             Requested size: 337.2626pt x 252.94695pt.
(../../PROJEKTE/ubungm3wurfparabel/ubungm3wurfparabel.m [17 <../../PROJEKTE/ubu
ngm3wurfparabel/ubungm3wurfparabel.png (PNG copy)>])
(../../PROJEKTE/ubungm3a/ubungm3a.m)

LaTeX Warning: The counter will not be printed.
             The label is: $\bullet $ on input line 49.

[18] (../../PROJEKTE/ubungm3b/ubungm3b.m)
Underfull \hbox (badness 10000) in paragraph at lines 62--68

 []


Underfull \hbox (badness 10000) in paragraph at lines 62--68

 []

)) [19] (index.aux) ) 
Here is how much of TeX's memory you used:
 11800 strings out of 480790
 194632 string characters out of 2897301
 952456 words of memory out of 3000000
 27537 multiletter control sequences out of 15000+200000
 562235 words of font info for 60 fonts, out of 3000000 for 9000
 1141 hyphenation exceptions out of 8191
 45i,14n,72p,10190b,2041s stack positions out of 5000i,500n,10000p,200000b,50000s
 <C:\Users\robay\AppData\Local\MiKTeX\fonts/pk/ljfour/jkna
ppen/ec/dpi600\ecit0800.pk> <C:\Users\robay\AppData\Local\MiKTeX\fonts/pk/ljfou
r/jknappen/ec/dpi600\ectt0800.pk> <C:\Users\robay\AppData\Local\MiKTeX\fonts/pk
/ljfour/jknappen/ec/dpi525\ectt0800.pk> <C:\Users\robay\AppData\Local\MiKTeX\fo
nts/pk/ljfour/jknappen/ec/dpi600\ectt1000.pk>{C:/Users/robay/AppData/Local/Prog
rams/MiKTeX/fonts/enc/dvips/base/8r.enc} <C:\Users\robay\AppData\Local\MiKTeX\f
onts/pk/ljfour/jknappen/ec/dpi600\ecsx1200.pk> <C:\Users\robay\AppData\Local\Mi
KTeX\fonts/pk/ljfour/jknappen/ec/dpi600\ecsx1440.pk><C:/Users/robay/AppData/Loc
al/Programs/MiKTeX/fonts/type1/bitstrea/charter/bchb8a.pfb><C:/Users/robay/AppD
ata/Local/Programs/MiKTeX/fonts/type1/bitstrea/charter/bchr8a.pfb><C:/Users/rob
ay/AppData/Local/Programs/MiKTeX/fonts/type1/public/amsfonts/cm/cmex10.pfb><C:/
Users/robay/AppData/Local/Programs/MiKTeX/fonts/type1/public/amsfonts/cm/cmmi10
.pfb><C:/Users/robay/AppData/Local/Programs/MiKTeX/fonts/type1/public/amsfonts/
cm/cmmi7.pfb><C:/Users/robay/AppData/Local/Programs/MiKTeX/fonts/type1/public/a
msfonts/cm/cmr10.pfb><C:/Users/robay/AppData/Local/Programs/MiKTeX/fonts/type1/
public/amsfonts/cm/cmr7.pfb><C:/Users/robay/AppData/Local/Programs/MiKTeX/fonts
/type1/public/amsfonts/cm/cmsy10.pfb><C:/Users/robay/AppData/Local/Programs/MiK
TeX/fonts/type1/public/amsfonts/cm/cmsy7.pfb><C:/Users/robay/AppData/Local/Prog
rams/MiKTeX/fonts/type1/public/amsfonts/symbols/msbm10.pfb>
Output written on index.pdf (19 pages, 471958 bytes).
PDF statistics:
 455 PDF objects out of 1000 (max. 8388607)
 0 named destinations out of 1000 (max. 500000)
 21 words of extra memory for PDF output out of 10000 (max. 10000000)

