This is pdfTeX, Version 3.14159265-2.6-1.40.21 (TeX Live 2020) (preloaded format=pdflatex 2020.4.21)  18 AUG 2020 22:04
entering extended mode
 restricted \write18 enabled.
 %&-line parsing enabled.
**index.tex
(./index.tex
LaTeX2e <2020-02-02> patch level 5
L3 programming layer <2020-03-06>
(/usr/local/texlive/2020/texmf-dist/tex/latex/base/report.cls
Document Class: report 2019/12/20 v1.4l Standard LaTeX document class
(/usr/local/texlive/2020/texmf-dist/tex/latex/base/size10.clo
File: size10.clo 2019/12/20 v1.4l Standard LaTeX file (size option)
)
\c@part=\count167
\c@chapter=\count168
\c@section=\count169
\c@subsection=\count170
\c@subsubsection=\count171
\c@paragraph=\count172
\c@subparagraph=\count173
\c@figure=\count174
\c@table=\count175
\abovecaptionskip=\skip47
\belowcaptionskip=\skip48
\bibindent=\dimen134
)
(/usr/local/texlive/2020/texmf-dist/tex/latex/base/inputenc.sty
Package: inputenc 2018/08/11 v1.3c Input encoding file
\inpenc@prehook=\toks15
\inpenc@posthook=\toks16
)
(/usr/local/texlive/2020/texmf-dist/tex/generic/babel/babel.sty
Package: babel 2020/03/22 3.42 The Babel package

(/usr/local/texlive/2020/texmf-dist/tex/generic/babel/switch.def
File: switch.def 2020/03/22 3.42 Babel switching mechanism
)
(/usr/local/texlive/2020/texmf-dist/tex/generic/babel-german/german.ldf
Language: german 2018/12/08 v2.11 German support for babel (pre-1996 orthograph
y)

(/usr/local/texlive/2020/texmf-dist/tex/generic/babel-german/germanb.ldf
Language: germanb 2018/12/08 v2.11 German support for babel (pre-1996 orthograp
hy)

(/usr/local/texlive/2020/texmf-dist/tex/generic/babel/babel.def
File: babel.def 2020/03/22 3.42 Babel common definitions
\babel@savecnt=\count176
\U@D=\dimen135

(/usr/local/texlive/2020/texmf-dist/tex/generic/babel/txtbabel.def)
\bbl@readstream=\read2
\bbl@dirlevel=\count177
)
Package babel Info: Making " an active character on input line 135.
)))
(/usr/local/texlive/2020/texmf-dist/tex/latex/amsfonts/amssymb.sty
Package: amssymb 2013/01/14 v3.01 AMS font symbols

(/usr/local/texlive/2020/texmf-dist/tex/latex/amsfonts/amsfonts.sty
Package: amsfonts 2013/01/14 v3.01 Basic AMSFonts support
\@emptytoks=\toks17
\symAMSa=\mathgroup4
\symAMSb=\mathgroup5
LaTeX Font Info:    Redeclaring math symbol \hbar on input line 98.
LaTeX Font Info:    Overwriting math alphabet `\mathfrak' in version `bold'
(Font)                  U/euf/m/n --> U/euf/b/n on input line 106.
))
(/usr/local/texlive/2020/texmf-dist/tex/latex/amsmath/amsmath.sty
Package: amsmath 2020/01/20 v2.17e AMS math features
\@mathmargin=\skip49

For additional information on amsmath, use the `?' option.
(/usr/local/texlive/2020/texmf-dist/tex/latex/amsmath/amstext.sty
Package: amstext 2000/06/29 v2.01 AMS text

(/usr/local/texlive/2020/texmf-dist/tex/latex/amsmath/amsgen.sty
File: amsgen.sty 1999/11/30 v2.0 generic functions
\@emptytoks=\toks18
\ex@=\dimen136
))
(/usr/local/texlive/2020/texmf-dist/tex/latex/amsmath/amsbsy.sty
Package: amsbsy 1999/11/29 v1.2d Bold Symbols
\pmbraise@=\dimen137
)
(/usr/local/texlive/2020/texmf-dist/tex/latex/amsmath/amsopn.sty
Package: amsopn 2016/03/08 v2.02 operator names
)
\inf@bad=\count178
LaTeX Info: Redefining \frac on input line 227.
\uproot@=\count179
\leftroot@=\count180
LaTeX Info: Redefining \overline on input line 389.
\classnum@=\count181
\DOTSCASE@=\count182
LaTeX Info: Redefining \ldots on input line 486.
LaTeX Info: Redefining \dots on input line 489.
LaTeX Info: Redefining \cdots on input line 610.
\Mathstrutbox@=\box45
\strutbox@=\box46
\big@size=\dimen138
LaTeX Font Info:    Redeclaring font encoding OML on input line 733.
LaTeX Font Info:    Redeclaring font encoding OMS on input line 734.
\macc@depth=\count183
\c@MaxMatrixCols=\count184
\dotsspace@=\muskip16
\c@parentequation=\count185
\dspbrk@lvl=\count186
\tag@help=\toks19
\row@=\count187
\column@=\count188
\maxfields@=\count189
\andhelp@=\toks20
\eqnshift@=\dimen139
\alignsep@=\dimen140
\tagshift@=\dimen141
\tagwidth@=\dimen142
\totwidth@=\dimen143
\lineht@=\dimen144
\@envbody=\toks21
\multlinegap=\skip50
\multlinetaggap=\skip51
\mathdisplay@stack=\toks22
LaTeX Info: Redefining \[ on input line 2859.
LaTeX Info: Redefining \] on input line 2860.
)
(/usr/local/texlive/2020/texmf-dist/tex/latex/cancel/cancel.sty
Package: cancel 2013/04/12 v2.2 Cancel math terms
)
(/usr/local/texlive/2020/texmf-dist/tex/latex/tools/enumerate.sty
Package: enumerate 2015/07/23 v3.00 enumerate extensions (DPC)
\@enLab=\toks23
)
(/usr/local/texlive/2020/texmf-dist/tex/latex/esint/esint.sty
Package: esint 
\symlargesymbolsA=\mathgroup6
)
(/usr/local/texlive/2020/texmf-dist/tex/latex/base/fontenc.sty
Package: fontenc 2020/02/11 v2.0o Standard LaTeX package
)
(/usr/local/texlive/2020/texmf-dist/tex/latex/psnfss/charter.sty
Package: charter 2005/04/12 PSNFSS-v9.2a (P.Dyballa) 
)
(/usr/local/texlive/2020/texmf-dist/tex/latex/float/float.sty
Package: float 2001/11/08 v1.3d Float enhancements (AL)
\c@float@type=\count190
\float@exts=\toks24
\float@box=\box47
\@float@everytoks=\toks25
\@floatcapt=\box48
)
(/usr/local/texlive/2020/texmf-dist/tex/latex/caption/caption.sty
Package: caption 2020/01/03 v3.4h Customizing captions (AR)

(/usr/local/texlive/2020/texmf-dist/tex/latex/caption/caption3.sty
Package: caption3 2020/01/03 v1.8h caption3 kernel (AR)
Package caption3 Info: TeX engine: e-TeX on input line 61.

(/usr/local/texlive/2020/texmf-dist/tex/latex/graphics/keyval.sty
Package: keyval 2014/10/28 v1.15 key=value parser (DPC)
\KV@toks@=\toks26
)
\captionmargin=\dimen145
\captionmargin@=\dimen146
\captionwidth=\dimen147
\caption@tempdima=\dimen148
\caption@indent=\dimen149
\caption@parindent=\dimen150
\caption@hangindent=\dimen151
Package caption Info: Standard document class detected.
)
(/usr/local/texlive/2020/texmf-dist/tex/latex/newfloat/newfloat.sty
Package: newfloat 2019/09/02 v1.1l Defining new floating environments (AR)
Package newfloat Info: Document class `report' detected.
)
\c@caption@flags=\count191
\c@continuedfloat=\count192
Package caption Info: float package is loaded.
)
(/usr/local/texlive/2020/texmf-dist/tex/latex/comment/comment.sty
\CommentStream=\write3

Excluding comment 'comment')
(/usr/local/texlive/2020/texmf-dist/tex/latex/graphics/graphicx.sty
Package: graphicx 2019/11/30 v1.2a Enhanced LaTeX Graphics (DPC,SPQR)

(/usr/local/texlive/2020/texmf-dist/tex/latex/graphics/graphics.sty
Package: graphics 2019/11/30 v1.4a Standard LaTeX Graphics (DPC,SPQR)

(/usr/local/texlive/2020/texmf-dist/tex/latex/graphics/trig.sty
Package: trig 2016/01/03 v1.10 sin cos tan (DPC)
)
(/usr/local/texlive/2020/texmf-dist/tex/latex/graphics-cfg/graphics.cfg
File: graphics.cfg 2016/06/04 v1.11 sample graphics configuration
)
Package graphics Info: Driver file: pdftex.def on input line 105.

(/usr/local/texlive/2020/texmf-dist/tex/latex/graphics-def/pdftex.def
File: pdftex.def 2018/01/08 v1.0l Graphics/color driver for pdftex
))
\Gin@req@height=\dimen152
\Gin@req@width=\dimen153
)
(/usr/local/texlive/2020/texmf-dist/tex/latex/xcolor/xcolor.sty
Package: xcolor 2016/05/11 v2.12 LaTeX color extensions (UK)

(/usr/local/texlive/2020/texmf-dist/tex/latex/graphics-cfg/color.cfg
File: color.cfg 2016/01/02 v1.6 sample color configuration
)
Package xcolor Info: Driver file: pdftex.def on input line 225.
Package xcolor Info: Model `cmy' substituted by `cmy0' on input line 1348.
Package xcolor Info: Model `hsb' substituted by `rgb' on input line 1352.
Package xcolor Info: Model `RGB' extended on input line 1364.
Package xcolor Info: Model `HTML' substituted by `rgb' on input line 1366.
Package xcolor Info: Model `Hsb' substituted by `hsb' on input line 1367.
Package xcolor Info: Model `tHsb' substituted by `hsb' on input line 1368.
Package xcolor Info: Model `HSB' substituted by `hsb' on input line 1369.
Package xcolor Info: Model `Gray' substituted by `gray' on input line 1370.
Package xcolor Info: Model `wave' substituted by `hsb' on input line 1371.
)
(/usr/local/texlive/2020/texmf-dist/tex/latex/wrapfig/wrapfig.sty
\wrapoverhang=\dimen154
\WF@size=\dimen155
\c@WF@wrappedlines=\count193
\WF@box=\box49
\WF@everypar=\toks27
Package: wrapfig 2003/01/31  v 3.6
)
(/usr/local/texlive/2020/texmf-dist/tex/latex/sectsty/sectsty.sty
Package: sectsty 2002/02/25 v2.0.2 Commands to change all sectional heading sty
les


LaTeX Warning: Command \underbar  has changed.
               Check if current package is valid.


LaTeX Warning: Command \underline  has changed.
               Check if current package is valid.

) (/usr/local/texlive/2020/texmf-dist/tex/latex/l3backend/l3backend-pdfmode.def
File: l3backend-pdfmode.def 2020-03-12 L3 backend support: PDF mode
\l__kernel_color_stack_int=\count194
\l__pdf_internal_box=\box50
) (./index.aux)
\openout1 = `index.aux'.

LaTeX Font Info:    Checking defaults for OML/cmm/m/it on input line 44.
LaTeX Font Info:    ... okay on input line 44.
LaTeX Font Info:    Checking defaults for OMS/cmsy/m/n on input line 44.
LaTeX Font Info:    ... okay on input line 44.
LaTeX Font Info:    Checking defaults for OT1/cmr/m/n on input line 44.
LaTeX Font Info:    ... okay on input line 44.
LaTeX Font Info:    Checking defaults for T1/cmr/m/n on input line 44.
LaTeX Font Info:    ... okay on input line 44.
LaTeX Font Info:    Checking defaults for TS1/cmr/m/n on input line 44.
LaTeX Font Info:    ... okay on input line 44.
LaTeX Font Info:    Checking defaults for OMX/cmex/m/n on input line 44.
LaTeX Font Info:    ... okay on input line 44.
LaTeX Font Info:    Checking defaults for U/cmr/m/n on input line 44.
LaTeX Font Info:    ... okay on input line 44.
LaTeX Font Info:    Trying to load font information for T1+bch on input line 44
.
 (/usr/local/texlive/2020/texmf-dist/tex/latex/psnfss/t1bch.fd
File: t1bch.fd 2004/10/18 font definitions for T1/bch.
)
Package caption Info: Begin \AtBeginDocument code.
Package caption Info: wrapfig package is loaded.
Package caption Info: End \AtBeginDocument code.
Package newfloat Info: `float' package detected.
Package newfloat Info: `wrapfig' package detected.

(/usr/local/texlive/2020/texmf-dist/tex/context/base/mkii/supp-pdf.mkii
[Loading MPS to PDF converter (version 2006.09.02).]
\scratchcounter=\count195
\scratchdimen=\dimen156
\scratchbox=\box51
\nofMPsegments=\count196
\nofMParguments=\count197
\everyMPshowfont=\toks28
\MPscratchCnt=\count198
\MPscratchDim=\dimen157
\MPnumerator=\count199
\makeMPintoPDFobject=\count266
\everyMPtoPDFconversion=\toks29
) (/usr/local/texlive/2020/texmf-dist/tex/latex/epstopdf-pkg/epstopdf-base.sty
Package: epstopdf-base 2020-01-24 v2.11 Base part for package epstopdf
Package epstopdf-base Info: Redefining graphics rule for `.eps' on input line 4
85.

(/usr/local/texlive/2020/texmf-dist/tex/latex/latexconfig/epstopdf-sys.cfg
File: epstopdf-sys.cfg 2010/07/13 v1.3 Configuration of (r)epstopdf for TeX Liv
e
))
(../section/01section.tex
Kapitel 1.
(../subsection/01subsection.tex
LaTeX Font Info:    Trying to load font information for U+msa on input line 1.

(/usr/local/texlive/2020/texmf-dist/tex/latex/amsfonts/umsa.fd
File: umsa.fd 2013/01/14 v3.01 AMS symbols A
)
LaTeX Font Info:    Trying to load font information for U+msb on input line 1.

(/usr/local/texlive/2020/texmf-dist/tex/latex/amsfonts/umsb.fd
File: umsb.fd 2013/01/14 v3.01 AMS symbols B
)
LaTeX Font Info:    Trying to load font information for U+esint on input line 1
.

(/usr/local/texlive/2020/texmf-dist/tex/latex/esint/uesint.fd
File: uesint.fd 
)
Underfull \hbox (badness 10000) in paragraph at lines 4--9

 []


Underfull \hbox (badness 10000) in paragraph at lines 4--9

 []


Underfull \hbox (badness 10000) in paragraph at lines 4--9

 []


Underfull \hbox (badness 10000) in paragraph at lines 10--13

 []

[1


{/usr/local/texlive/2020/texmf-var/fonts/map/pdftex/updmap/pdftex.map}]
Underfull \hbox (badness 10000) in paragraph at lines 15--20

 []


Underfull \hbox (badness 10000) in paragraph at lines 24--28

 []


Underfull \hbox (badness 10000) in paragraph at lines 34--41

 []


Underfull \hbox (badness 10000) in paragraph at lines 34--41

 []

[2]
Overfull \hbox (3.33054pt too wide) in paragraph at lines 45--49
\T1/bch/m/n/10 Der Ab-stand $\OML/cmm/m/it/10 r \OT1/cmr/m/n/10 := []$ \T1/bch/
m/n/10 so-wie die Win-kel $\OML/cmm/m/it/10 ^^R \OT1/cmr/m/n/10 := \U/msa/m/n/1
0 ] []$ \T1/bch/m/n/10 und $\OML/cmm/m/it/10   \OT1/cmr/m/n/10 = \U/msa/m/n/10 
] []$
 []


Underfull \hbox (badness 10000) in paragraph at lines 45--49

 []

) (../subsection/02subsection.tex
Underfull \hbox (badness 10000) in paragraph at lines 4--14

 []


Underfull \hbox (badness 10000) in paragraph at lines 4--14

 []


Underfull \hbox (badness 10000) in paragraph at lines 4--14

 []


Underfull \hbox (badness 10000) in paragraph at lines 4--14

 []

[3] [4]) (../subsection/03subsection.tex
Underfull \hbox (badness 10000) in paragraph at lines 18--22

 []

[5] [6] [7] [8]) (../subsection/04subsection.tex [9] [10]
Underfull \hbox (badness 10000) in paragraph at lines 35--38

 []


Overfull \hbox (4.98943pt too wide) in paragraph at lines 40--46
\T1/bch/m/n/10 Diese ge-mein-sa-me Win-kel-ge-schwin-dig-keit heisst []\T1/bch/
b/n/10 Ro-ta-ti-ons-ge-schwin-dig-keit[] \T1/bch/m/n/10 und
 []


Underfull \hbox (badness 10000) in paragraph at lines 40--46

 []


Underfull \hbox (badness 10000) in paragraph at lines 40--46

 []


Underfull \hbox (badness 10000) in paragraph at lines 48--52

 []


Underfull \hbox (badness 10000) in paragraph at lines 48--52

 []


Underfull \hbox (badness 10000) in paragraph at lines 53--59

 []


Underfull \hbox (badness 10000) in paragraph at lines 53--59

 []

[11]
Underfull \hbox (badness 10000) in paragraph at lines 60--63

 []


Underfull \hbox (badness 10000) in paragraph at lines 67--71

 []

[12]
Underfull \hbox (badness 10000) in paragraph at lines 88--91

 []


Overfull \hbox (12.91023pt too wide) detected at line 106
[][]
 []

[13]
Overfull \hbox (2.94278pt too wide) in paragraph at lines 126--127
\T1/bch/m/n/10 Auf ei-ner Ge-ra-den $\OML/cmm/m/it/10 g$ \T1/bch/m/n/10 be-trac
h-te man einen Be-zugs-punkt $\OML/cmm/m/it/10 B$ \T1/bch/m/n/10 mit Ki-ne-ma-t
e $\OMS/cmsy/m/n/10 f[][]\OML/cmm/m/it/10 ; []\OMS/cmsy/m/n/10 g$
 []


Underfull \hbox (badness 10000) in paragraph at lines 137--147

 []


Underfull \hbox (badness 10000) in paragraph at lines 137--147

 []


Underfull \hbox (badness 10000) in paragraph at lines 137--147

 []


Underfull \hbox (badness 10000) in paragraph at lines 137--147

 []

[14]
Underfull \hbox (badness 10000) in paragraph at lines 174--177

 []

[15]
Underfull \hbox (badness 10000) in paragraph at lines 198--202

 []

)) (../section/02section.tex [16]
Kapitel 2.
(../subsection/05subsection.tex
Underfull \hbox (badness 10000) in paragraph at lines 3--6

 []


Underfull \hbox (badness 10000) in paragraph at lines 12--21

 []


Underfull \hbox (badness 10000) in paragraph at lines 12--21

 []


Underfull \hbox (badness 10000) in paragraph at lines 12--21

 []

[17

]
Underfull \hbox (badness 10000) in paragraph at lines 22--26

 []


Underfull \hbox (badness 10000) in paragraph at lines 30--33

 []

[18]) (../subsection/06subsection.tex [19]
Underfull \hbox (badness 10000) in paragraph at lines 21--25

 []


Overfull \hbox (21.90825pt too wide) detected at line 54
[][]
 []

) (../subsection/07subsection.tex [20]
Underfull \hbox (badness 10000) in paragraph at lines 17--20

 []


Underfull \hbox (badness 10000) in paragraph at lines 17--20

 []


Underfull \hbox (badness 10000) in paragraph at lines 31--37

 []


Underfull \hbox (badness 10000) in paragraph at lines 31--37

 []

[21] [22]
Underfull \hbox (badness 10000) in paragraph at lines 89--94

 []


Underfull \hbox (badness 10000) in paragraph at lines 95--105

 []


Underfull \hbox (badness 10000) in paragraph at lines 95--105

 []


Underfull \hbox (badness 10000) in paragraph at lines 95--105

 []

[23]
Underfull \hbox (badness 10000) in paragraph at lines 107--111

 []


Overfull \hbox (12.57014pt too wide) in paragraph at lines 107--111
\T1/bch/m/n/10 Eine aus zwei par-al-le-len Kräf-ten be-ste-hen-de Kräf-te-grup-
pe $[]$
 []

[24]
Underfull \hbox (badness 10000) in paragraph at lines 129--136

 []


Underfull \hbox (badness 10000) in paragraph at lines 129--136

 []


Underfull \hbox (badness 10000) in paragraph at lines 140--145

 []


Underfull \hbox (badness 10000) in paragraph at lines 146--151

 []


Underfull \hbox (badness 10000) in paragraph at lines 146--151

 []

[25])
Underfull \hbox (badness 10000) in paragraph at lines 164--7

 []


Underfull \hbox (badness 10000) in paragraph at lines 164--7

 []


Underfull \hbox (badness 10000) in paragraph at lines 164--7

 []

[26] (../subsection/08subsection.tex
Underfull \hbox (badness 10000) in paragraph at lines 10--18

 []


Underfull \hbox (badness 10000) in paragraph at lines 10--18

 []


Underfull \hbox (badness 10000) in paragraph at lines 10--18

 []

[27] [28]
Overfull \hbox (21.77824pt too wide) detected at line 69
[][]
 []

[29]
Underfull \hbox (badness 10000) in paragraph at lines 76--82

 []


Underfull \hbox (badness 10000) in paragraph at lines 76--82

 []

[30]
Underfull \hbox (badness 10000) in paragraph at lines 111--115

 []

[31]
Underfull \hbox (badness 10000) in paragraph at lines 125--129

 []


Underfull \hbox (badness 10000) in paragraph at lines 135--139

 []

[32]) (../subsection/09subsection.tex
Underfull \hbox (badness 10000) in paragraph at lines 7--24

 []


Underfull \hbox (badness 10000) in paragraph at lines 7--24

 []


Underfull \hbox (badness 10000) in paragraph at lines 7--24

 []


Underfull \hbox (badness 10000) in paragraph at lines 7--24

 []


Underfull \hbox (badness 10000) in paragraph at lines 7--24

 []


Underfull \hbox (badness 10000) in paragraph at lines 7--24

 []


Underfull \hbox (badness 10000) in paragraph at lines 7--24

 []

[33]
Underfull \hbox (badness 10000) in paragraph at lines 32--35

 []

[34]
Underfull \hbox (badness 10000) in paragraph at lines 44--48

 []

)
Underfull \hbox (badness 10000) in paragraph at lines 50--11

 []


Underfull \hbox (badness 10000) in paragraph at lines 50--11

 []


Underfull \hbox (badness 10000) in paragraph at lines 50--11

 []

(../subsection/10subsection.tex [35]
Underfull \hbox (badness 10000) in paragraph at lines 2--7

 []


Underfull \hbox (badness 10000) in paragraph at lines 2--7

 []


Overfull \hbox (3.68782pt too wide) in paragraph at lines 9--10
[][]\T1/bch/b/n/10 Auflager:[] \T1/bch/m/n/10 Sie wir-ken ein-sei-tig und ver-h
in-dert die Be-we-gung der Berührungs-
 []

[36]
Underfull \hbox (badness 10000) in paragraph at lines 32--45

 []


Underfull \hbox (badness 10000) in paragraph at lines 32--45

 []


Underfull \hbox (badness 10000) in paragraph at lines 32--45

 []


Underfull \hbox (badness 10000) in paragraph at lines 32--45

 []


Underfull \hbox (badness 10000) in paragraph at lines 32--45

 []


Underfull \hbox (badness 10000) in paragraph at lines 32--45

 []

[37] [38]) (../subsection/11subsection.tex
Underfull \hbox (badness 10000) in paragraph at lines 13--17

 []

[39]
Underfull \hbox (badness 10000) in paragraph at lines 18--23

 []


Underfull \hbox (badness 10000) in paragraph at lines 18--23

 []


Underfull \hbox (badness 10000) in paragraph at lines 35--40

 []


Underfull \hbox (badness 10000) in paragraph at lines 35--40

 []

[40])
Underfull \hbox (badness 10000) in paragraph at lines 41--16

 []

(../subsection/12subsection.tex
Underfull \hbox (badness 10000) in paragraph at lines 2--7

 []


Underfull \hbox (badness 10000) in paragraph at lines 2--7

 []

[41]
Underfull \hbox (badness 10000) in paragraph at lines 13--19

 []


Underfull \hbox (badness 10000) in paragraph at lines 13--19

 []

[42]
Underfull \hbox (badness 10000) in paragraph at lines 20--23

 []


Overfull \hbox (5.2434pt too wide) in paragraph at lines 28--29
\T1/bch/m/n/10 digkeit des ma-te-ri-el-len Mas-sen-an-griffs-punk-tes ent-ge-ge
n-ge-setzt ist. Der Rei-bungs-
 []

)) [43] [44] (./index.aux) ) 
Here is how much of TeX's memory you used:
 5365 strings out of 480608
 76346 string characters out of 5903630
 353591 words of memory out of 5000000
 21137 multiletter control sequences out of 15000+600000
 564605 words of font info for 55 fonts, out of 8000000 for 9000
 1141 hyphenation exceptions out of 8191
 41i,29n,42p,1137b,227s stack positions out of 5000i,500n,10000p,200000b,80000s
{/usr/local/texlive/2020/texmf-dist/fonts/enc/dvips
/base/8r.enc}</usr/local/texlive/2020/texmf-dist/fonts/type1/bitstrea/charter/b
chb8a.pfb></usr/local/texlive/2020/texmf-dist/fonts/type1/bitstrea/charter/bchr
8a.pfb></usr/local/texlive/2020/texmf-dist/fonts/type1/public/amsfonts/cm/cmex1
0.pfb></usr/local/texlive/2020/texmf-dist/fonts/type1/public/amsfonts/cm/cmmi10
.pfb></usr/local/texlive/2020/texmf-dist/fonts/type1/public/amsfonts/cm/cmmi5.p
fb></usr/local/texlive/2020/texmf-dist/fonts/type1/public/amsfonts/cm/cmmi7.pfb
></usr/local/texlive/2020/texmf-dist/fonts/type1/public/amsfonts/cm/cmr10.pfb><
/usr/local/texlive/2020/texmf-dist/fonts/type1/public/amsfonts/cm/cmr5.pfb></us
r/local/texlive/2020/texmf-dist/fonts/type1/public/amsfonts/cm/cmr7.pfb></usr/l
ocal/texlive/2020/texmf-dist/fonts/type1/public/amsfonts/cm/cmsy10.pfb></usr/lo
cal/texlive/2020/texmf-dist/fonts/type1/public/amsfonts/cm/cmsy5.pfb></usr/loca
l/texlive/2020/texmf-dist/fonts/type1/public/amsfonts/cm/cmsy7.pfb></usr/local/
texlive/2020/texmf-dist/fonts/type1/public/esint-type1/esint10.pfb></usr/local/
texlive/2020/texmf-dist/fonts/type1/public/amsfonts/latxfont/line10.pfb></usr/l
ocal/texlive/2020/texmf-dist/fonts/type1/public/amsfonts/symbols/msam10.pfb>
Output written on index.pdf (44 pages, 293995 bytes).
PDF statistics:
 209 PDF objects out of 1000 (max. 8388607)
 146 compressed objects within 2 object streams
 0 named destinations out of 1000 (max. 500000)
 1 words of extra memory for PDF output out of 10000 (max. 10000000)

