This is pdfTeX, Version 3.14159265-2.6-1.40.21 (TeX Live 2020) (preloaded format=pdflatex 2020.4.21)  18 AUG 2020 22:04
entering extended mode
 restricted \write18 enabled.
 %&-line parsing enabled.
**index.tex
(./index.tex
LaTeX2e <2020-02-02> patch level 5
L3 programming layer <2020-03-06>
(/usr/local/texlive/2020/texmf-dist/tex/latex/base/report.cls
Document Class: report 2019/12/20 v1.4l Standard LaTeX document class
(/usr/local/texlive/2020/texmf-dist/tex/latex/base/size10.clo
File: size10.clo 2019/12/20 v1.4l Standard LaTeX file (size option)
)
\c@part=\count167
\c@chapter=\count168
\c@section=\count169
\c@subsection=\count170
\c@subsubsection=\count171
\c@paragraph=\count172
\c@subparagraph=\count173
\c@figure=\count174
\c@table=\count175
\abovecaptionskip=\skip47
\belowcaptionskip=\skip48
\bibindent=\dimen134
)
(/usr/local/texlive/2020/texmf-dist/tex/latex/base/inputenc.sty
Package: inputenc 2018/08/11 v1.3c Input encoding file
\inpenc@prehook=\toks15
\inpenc@posthook=\toks16
)
(/usr/local/texlive/2020/texmf-dist/tex/generic/babel/babel.sty
Package: babel 2020/03/22 3.42 The Babel package

(/usr/local/texlive/2020/texmf-dist/tex/generic/babel/switch.def
File: switch.def 2020/03/22 3.42 Babel switching mechanism
)
(/usr/local/texlive/2020/texmf-dist/tex/generic/babel-german/german.ldf
Language: german 2018/12/08 v2.11 German support for babel (pre-1996 orthograph
y)

(/usr/local/texlive/2020/texmf-dist/tex/generic/babel-german/germanb.ldf
Language: germanb 2018/12/08 v2.11 German support for babel (pre-1996 orthograp
hy)

(/usr/local/texlive/2020/texmf-dist/tex/generic/babel/babel.def
File: babel.def 2020/03/22 3.42 Babel common definitions
\babel@savecnt=\count176
\U@D=\dimen135

(/usr/local/texlive/2020/texmf-dist/tex/generic/babel/txtbabel.def)
\bbl@readstream=\read2
\bbl@dirlevel=\count177
)
Package babel Info: Making " an active character on input line 135.
)))
(/usr/local/texlive/2020/texmf-dist/tex/latex/amsfonts/amssymb.sty
Package: amssymb 2013/01/14 v3.01 AMS font symbols

(/usr/local/texlive/2020/texmf-dist/tex/latex/amsfonts/amsfonts.sty
Package: amsfonts 2013/01/14 v3.01 Basic AMSFonts support
\@emptytoks=\toks17
\symAMSa=\mathgroup4
\symAMSb=\mathgroup5
LaTeX Font Info:    Redeclaring math symbol \hbar on input line 98.
LaTeX Font Info:    Overwriting math alphabet `\mathfrak' in version `bold'
(Font)                  U/euf/m/n --> U/euf/b/n on input line 106.
))
(/usr/local/texlive/2020/texmf-dist/tex/latex/amsmath/amsmath.sty
Package: amsmath 2020/01/20 v2.17e AMS math features
\@mathmargin=\skip49

For additional information on amsmath, use the `?' option.
(/usr/local/texlive/2020/texmf-dist/tex/latex/amsmath/amstext.sty
Package: amstext 2000/06/29 v2.01 AMS text

(/usr/local/texlive/2020/texmf-dist/tex/latex/amsmath/amsgen.sty
File: amsgen.sty 1999/11/30 v2.0 generic functions
\@emptytoks=\toks18
\ex@=\dimen136
))
(/usr/local/texlive/2020/texmf-dist/tex/latex/amsmath/amsbsy.sty
Package: amsbsy 1999/11/29 v1.2d Bold Symbols
\pmbraise@=\dimen137
)
(/usr/local/texlive/2020/texmf-dist/tex/latex/amsmath/amsopn.sty
Package: amsopn 2016/03/08 v2.02 operator names
)
\inf@bad=\count178
LaTeX Info: Redefining \frac on input line 227.
\uproot@=\count179
\leftroot@=\count180
LaTeX Info: Redefining \overline on input line 389.
\classnum@=\count181
\DOTSCASE@=\count182
LaTeX Info: Redefining \ldots on input line 486.
LaTeX Info: Redefining \dots on input line 489.
LaTeX Info: Redefining \cdots on input line 610.
\Mathstrutbox@=\box45
\strutbox@=\box46
\big@size=\dimen138
LaTeX Font Info:    Redeclaring font encoding OML on input line 733.
LaTeX Font Info:    Redeclaring font encoding OMS on input line 734.
\macc@depth=\count183
\c@MaxMatrixCols=\count184
\dotsspace@=\muskip16
\c@parentequation=\count185
\dspbrk@lvl=\count186
\tag@help=\toks19
\row@=\count187
\column@=\count188
\maxfields@=\count189
\andhelp@=\toks20
\eqnshift@=\dimen139
\alignsep@=\dimen140
\tagshift@=\dimen141
\tagwidth@=\dimen142
\totwidth@=\dimen143
\lineht@=\dimen144
\@envbody=\toks21
\multlinegap=\skip50
\multlinetaggap=\skip51
\mathdisplay@stack=\toks22
LaTeX Info: Redefining \[ on input line 2859.
LaTeX Info: Redefining \] on input line 2860.
)
(/usr/local/texlive/2020/texmf-dist/tex/latex/cancel/cancel.sty
Package: cancel 2013/04/12 v2.2 Cancel math terms
)
(/usr/local/texlive/2020/texmf-dist/tex/latex/tools/enumerate.sty
Package: enumerate 2015/07/23 v3.00 enumerate extensions (DPC)
\@enLab=\toks23
)
(/usr/local/texlive/2020/texmf-dist/tex/latex/esint/esint.sty
Package: esint 
\symlargesymbolsA=\mathgroup6
)
(/usr/local/texlive/2020/texmf-dist/tex/latex/base/fontenc.sty
Package: fontenc 2020/02/11 v2.0o Standard LaTeX package
)
(/usr/local/texlive/2020/texmf-dist/tex/latex/psnfss/charter.sty
Package: charter 2005/04/12 PSNFSS-v9.2a (P.Dyballa) 
)
(/usr/local/texlive/2020/texmf-dist/tex/latex/float/float.sty
Package: float 2001/11/08 v1.3d Float enhancements (AL)
\c@float@type=\count190
\float@exts=\toks24
\float@box=\box47
\@float@everytoks=\toks25
\@floatcapt=\box48
)
(/usr/local/texlive/2020/texmf-dist/tex/latex/caption/caption.sty
Package: caption 2020/01/03 v3.4h Customizing captions (AR)

(/usr/local/texlive/2020/texmf-dist/tex/latex/caption/caption3.sty
Package: caption3 2020/01/03 v1.8h caption3 kernel (AR)
Package caption3 Info: TeX engine: e-TeX on input line 61.

(/usr/local/texlive/2020/texmf-dist/tex/latex/graphics/keyval.sty
Package: keyval 2014/10/28 v1.15 key=value parser (DPC)
\KV@toks@=\toks26
)
\captionmargin=\dimen145
\captionmargin@=\dimen146
\captionwidth=\dimen147
\caption@tempdima=\dimen148
\caption@indent=\dimen149
\caption@parindent=\dimen150
\caption@hangindent=\dimen151
Package caption Info: Standard document class detected.
)
(/usr/local/texlive/2020/texmf-dist/tex/latex/newfloat/newfloat.sty
Package: newfloat 2019/09/02 v1.1l Defining new floating environments (AR)
Package newfloat Info: Document class `report' detected.
)
\c@caption@flags=\count191
\c@continuedfloat=\count192
Package caption Info: float package is loaded.
)
(/usr/local/texlive/2020/texmf-dist/tex/latex/comment/comment.sty
\CommentStream=\write3

Excluding comment 'comment')
(/usr/local/texlive/2020/texmf-dist/tex/latex/graphics/graphicx.sty
Package: graphicx 2019/11/30 v1.2a Enhanced LaTeX Graphics (DPC,SPQR)

(/usr/local/texlive/2020/texmf-dist/tex/latex/graphics/graphics.sty
Package: graphics 2019/11/30 v1.4a Standard LaTeX Graphics (DPC,SPQR)

(/usr/local/texlive/2020/texmf-dist/tex/latex/graphics/trig.sty
Package: trig 2016/01/03 v1.10 sin cos tan (DPC)
)
(/usr/local/texlive/2020/texmf-dist/tex/latex/graphics-cfg/graphics.cfg
File: graphics.cfg 2016/06/04 v1.11 sample graphics configuration
)
Package graphics Info: Driver file: pdftex.def on input line 105.

(/usr/local/texlive/2020/texmf-dist/tex/latex/graphics-def/pdftex.def
File: pdftex.def 2018/01/08 v1.0l Graphics/color driver for pdftex
))
\Gin@req@height=\dimen152
\Gin@req@width=\dimen153
)
(/usr/local/texlive/2020/texmf-dist/tex/latex/xcolor/xcolor.sty
Package: xcolor 2016/05/11 v2.12 LaTeX color extensions (UK)

(/usr/local/texlive/2020/texmf-dist/tex/latex/graphics-cfg/color.cfg
File: color.cfg 2016/01/02 v1.6 sample color configuration
)
Package xcolor Info: Driver file: pdftex.def on input line 225.
Package xcolor Info: Model `cmy' substituted by `cmy0' on input line 1348.
Package xcolor Info: Model `hsb' substituted by `rgb' on input line 1352.
Package xcolor Info: Model `RGB' extended on input line 1364.
Package xcolor Info: Model `HTML' substituted by `rgb' on input line 1366.
Package xcolor Info: Model `Hsb' substituted by `hsb' on input line 1367.
Package xcolor Info: Model `tHsb' substituted by `hsb' on input line 1368.
Package xcolor Info: Model `HSB' substituted by `hsb' on input line 1369.
Package xcolor Info: Model `Gray' substituted by `gray' on input line 1370.
Package xcolor Info: Model `wave' substituted by `hsb' on input line 1371.
)
(/usr/local/texlive/2020/texmf-dist/tex/latex/wrapfig/wrapfig.sty
\wrapoverhang=\dimen154
\WF@size=\dimen155
\c@WF@wrappedlines=\count193
\WF@box=\box49
\WF@everypar=\toks27
Package: wrapfig 2003/01/31  v 3.6
)
(/usr/local/texlive/2020/texmf-dist/tex/latex/sectsty/sectsty.sty
Package: sectsty 2002/02/25 v2.0.2 Commands to change all sectional heading sty
les


LaTeX Warning: Command \underbar  has changed.
               Check if current package is valid.


LaTeX Warning: Command \underline  has changed.
               Check if current package is valid.

) (/usr/local/texlive/2020/texmf-dist/tex/latex/l3backend/l3backend-pdfmode.def
File: l3backend-pdfmode.def 2020-03-12 L3 backend support: PDF mode
\l__kernel_color_stack_int=\count194
\l__pdf_internal_box=\box50
) (./index.aux)
\openout1 = `index.aux'.

LaTeX Font Info:    Checking defaults for OML/cmm/m/it on input line 44.
LaTeX Font Info:    ... okay on input line 44.
LaTeX Font Info:    Checking defaults for OMS/cmsy/m/n on input line 44.
LaTeX Font Info:    ... okay on input line 44.
LaTeX Font Info:    Checking defaults for OT1/cmr/m/n on input line 44.
LaTeX Font Info:    ... okay on input line 44.
LaTeX Font Info:    Checking defaults for T1/cmr/m/n on input line 44.
LaTeX Font Info:    ... okay on input line 44.
LaTeX Font Info:    Checking defaults for TS1/cmr/m/n on input line 44.
LaTeX Font Info:    ... okay on input line 44.
LaTeX Font Info:    Checking defaults for OMX/cmex/m/n on input line 44.
LaTeX Font Info:    ... okay on input line 44.
LaTeX Font Info:    Checking defaults for U/cmr/m/n on input line 44.
LaTeX Font Info:    ... okay on input line 44.
LaTeX Font Info:    Trying to load font information for T1+bch on input line 44
.
 (/usr/local/texlive/2020/texmf-dist/tex/latex/psnfss/t1bch.fd
File: t1bch.fd 2004/10/18 font definitions for T1/bch.
)
Package caption Info: Begin \AtBeginDocument code.
Package caption Info: wrapfig package is loaded.
Package caption Info: End \AtBeginDocument code.
Package newfloat Info: `float' package detected.
Package newfloat Info: `wrapfig' package detected.

(/usr/local/texlive/2020/texmf-dist/tex/context/base/mkii/supp-pdf.mkii
[Loading MPS to PDF converter (version 2006.09.02).]
\scratchcounter=\count195
\scratchdimen=\dimen156
\scratchbox=\box51
\nofMPsegments=\count196
\nofMParguments=\count197
\everyMPshowfont=\toks28
\MPscratchCnt=\count198
\MPscratchDim=\dimen157
\MPnumerator=\count199
\makeMPintoPDFobject=\count266
\everyMPtoPDFconversion=\toks29
) (/usr/local/texlive/2020/texmf-dist/tex/latex/epstopdf-pkg/epstopdf-base.sty
Package: epstopdf-base 2020-01-24 v2.11 Base part for package epstopdf
Package epstopdf-base Info: Redefining graphics rule for `.eps' on input line 4
85.

(/usr/local/texlive/2020/texmf-dist/tex/latex/latexconfig/epstopdf-sys.cfg
File: epstopdf-sys.cfg 2010/07/13 v1.3 Configuration of (r)epstopdf for TeX Liv
e
))
(../section/01section.tex
Kapitel 1.
(../subsection/01subsection.tex
LaTeX Font Info:    Trying to load font information for U+msa on input line 3.

(/usr/local/texlive/2020/texmf-dist/tex/latex/amsfonts/umsa.fd
File: umsa.fd 2013/01/14 v3.01 AMS symbols A
)
LaTeX Font Info:    Trying to load font information for U+msb on input line 3.

(/usr/local/texlive/2020/texmf-dist/tex/latex/amsfonts/umsb.fd
File: umsb.fd 2013/01/14 v3.01 AMS symbols B
)
LaTeX Font Info:    Trying to load font information for U+esint on input line 3
.

(/usr/local/texlive/2020/texmf-dist/tex/latex/esint/uesint.fd
File: uesint.fd 
)
<../img/I/Ia.png, id=1, 252.945pt x 111.41624pt>
File: ../img/I/Ia.png Graphic file (type png)
<use ../img/I/Ia.png>
Package pdftex.def Info: ../img/I/Ia.png  used on input line 13.
(pdftex.def)             Requested size: 126.47218pt x 55.70798pt.
<../img/I/Ib.png, id=3, 261.97874pt x 158.5925pt>
File: ../img/I/Ib.png Graphic file (type png)
<use ../img/I/Ib.png>
Package pdftex.def Info: ../img/I/Ib.png  used on input line 20.
(pdftex.def)             Requested size: 130.98904pt x 79.29604pt.
 [1


{/usr/local/texlive/2020/texmf-var/fonts/map/pdftex/updmap/pdftex.map} <../img/
I/Ia.png>]
Underfull \hbox (badness 10000) in paragraph at lines 30--33

 []

<../img/I/Ic.png, id=17, 149.55875pt x 181.67876pt>
File: ../img/I/Ic.png Graphic file (type png)
<use ../img/I/Ic.png>
Package pdftex.def Info: ../img/I/Ic.png  used on input line 37.
(pdftex.def)             Requested size: 74.77919pt x 90.83914pt.
[2 <../img/I/Ib.png> <../img/I/Ic.png>]
Underfull \hbox (badness 10000) in paragraph at lines 65--69

 []

[3]
Underfull \hbox (badness 10000) in paragraph at lines 78--82

 []


Overfull \hbox (2.97441pt too wide) in paragraph at lines 78--82
\T1/bch/m/n/10 stem fliesst, wird als []\T1/bch/b/n/10 Lei-stung[] $\OML/cmm/m/
it/10 P$ \T1/bch/m/n/10 be-zeich-net und hat die Ein-heit [$\OML/cmm/m/it/10 P$
\T1/bch/m/n/10 ]=Watt=Js$[]$. 
 []


Overfull \hbox (0.43353pt too wide) in paragraph at lines 86--89
\T1/bch/m/n/10 Wärme und Tem-pe-ra-tur wird stän-dig ver-wech-selt. Tem-pe-ra-t
ur ist ei-ne Zu-stands-
 []


Underfull \hbox (badness 10000) in paragraph at lines 86--89

 []


Underfull \hbox (badness 10000) in paragraph at lines 90--93

 []

[4]
<../img/I/Id.png, id=32, 493.845pt x 343.2825pt>
File: ../img/I/Id.png Graphic file (type png)
<use ../img/I/Id.png>
Package pdftex.def Info: ../img/I/Id.png  used on input line 101.
(pdftex.def)             Requested size: 296.30928pt x 205.97107pt.

Underfull \hbox (badness 10000) in paragraph at lines 106--109

 []

[5 <../img/I/Id.png>]
<../img/I/Ie.png, id=37, 482.80376pt x 211.79124pt>
File: ../img/I/Ie.png Graphic file (type png)
<use ../img/I/Ie.png>
Package pdftex.def Info: ../img/I/Ie.png  used on input line 126.
(pdftex.def)             Requested size: 289.6845pt x 127.07571pt.
<../img/I/If.png, id=38, 95.35625pt x 230.8625pt>
File: ../img/I/If.png Graphic file (type png)
<use ../img/I/If.png>
Package pdftex.def Info: ../img/I/If.png  used on input line 127.
(pdftex.def)             Requested size: 57.21417pt x 138.51855pt.

Underfull \hbox (badness 10000) in paragraph at lines 132--135

 []

[6 <../img/I/Ie.png> <../img/I/If.png>]
<../img/I/Ig.png, id=44, 312.16624pt x 186.6975pt>
File: ../img/I/Ig.png Graphic file (type png)
<use ../img/I/Ig.png>
Package pdftex.def Info: ../img/I/Ig.png  used on input line 143.
(pdftex.def)             Requested size: 187.3012pt x 112.01935pt.
 [7 <../img/I/Ig.png>]
Underfull \hbox (badness 10000) in paragraph at lines 156--161

 []


Underfull \hbox (badness 10000) in paragraph at lines 156--161

 []


Overfull \hbox (5.08017pt too wide) in paragraph at lines 169--170
\T1/bch/m/n/10 nem Stoff ab-ge-ge-ben und vom an-de-ren auf-ge-nom-men, bis das
 ther-mi-sche Gleich-
 []


Underfull \hbox (badness 10000) in paragraph at lines 174--177

 []

[8]
Underfull \hbox (badness 10000) in paragraph at lines 185--188

 []


Underfull \hbox (badness 10000) in paragraph at lines 189--192

 []

<../img/I/Ih.png, id=54, 140.525pt x 171.64125pt>
File: ../img/I/Ih.png Graphic file (type png)
<use ../img/I/Ih.png>
Package pdftex.def Info: ../img/I/Ih.png  used on input line 194.
(pdftex.def)             Requested size: 70.26231pt x 85.8204pt.
[9]
Overfull \hbox (35.37009pt too wide) detected at line 202
[][] [][]
 []


Overfull \hbox (3.46849pt too wide) in paragraph at lines 202--204
\T1/bch/m/n/10 Der []\T1/bch/b/n/10 ther-mi-sche Wi-der-stand[] $\OML/cmm/m/it/
10 R[]$\T1/bch/m/n/10 , in Ana-lo-gie zum elek-tri-schen Wi-der-stand $\OML/cmm
/m/it/10 R[] \OT1/cmr/m/n/10 =
 []

<../img/I/Ij.png, id=58, 209.78375pt x 198.7425pt>
File: ../img/I/Ij.png Graphic file (type png)
<use ../img/I/Ij.png>
Package pdftex.def Info: ../img/I/Ij.png  used on input line 206.
(pdftex.def)             Requested size: 146.84761pt x 139.11879pt.
<../img/I/Ik.png, id=59, 156.585pt x 151.56625pt>
File: ../img/I/Ik.png Graphic file (type png)
<use ../img/I/Ik.png>
Package pdftex.def Info: ../img/I/Ik.png  used on input line 207.
(pdftex.def)             Requested size: 109.60873pt x 106.09564pt.

Overfull \hbox (2.39015pt too wide) in paragraph at lines 212--213
\T1/bch/m/n/10 ad-die-ren sich die ther-mi-schen Wi-der-stän-de, äqui-va-lent z
ur Se-ri-en-schal-tung elek-
 []

[10 <../img/I/Ih.png> <../img/I/Ij.png> <../img/I/Ik.png>]
<../img/I/Il.png, id=67, 202.7575pt x 275.0275pt>
File: ../img/I/Il.png Graphic file (type png)
<use ../img/I/Il.png>
Package pdftex.def Info: ../img/I/Il.png  used on input line 230.
(pdftex.def)             Requested size: 141.92928pt x 192.51793pt.
 [11 <../img/I/Il.png>]
Underfull \hbox (badness 10000) in paragraph at lines 261--266

 []


Underfull \hbox (badness 10000) in paragraph at lines 261--266

 []


Underfull \hbox (badness 10000) in paragraph at lines 267--270

 []

[12]
<../img/I/Im.png, id=75, 265.99374pt x 196.735pt>
File: ../img/I/Im.png Graphic file (type png)
<use ../img/I/Im.png>
Package pdftex.def Info: ../img/I/Im.png  used on input line 274.
(pdftex.def)             Requested size: 159.59747pt x 118.04189pt.
<../img/I/In.png, id=76, 264.99pt x 165.61874pt>
File: ../img/I/In.png Graphic file (type png)
<use ../img/I/In.png>
Package pdftex.def Info: ../img/I/In.png  used on input line 282.
(pdftex.def)             Requested size: 185.49173pt x 115.93231pt.
 [13 <../img/I/Im.png>]
<../img/I/Io.png, id=82, 294.09875pt x 206.7725pt>
File: ../img/I/Io.png Graphic file (type png)
<use ../img/I/Io.png>
Package pdftex.def Info: ../img/I/Io.png  used on input line 290.
(pdftex.def)             Requested size: 176.4606pt x 124.06445pt.
 [14 <../img/I/In.png> <../img/I/Io.png>]
<../img/I/Ip.png, id=88, 175.65625pt x 163.61125pt>
File: ../img/I/Ip.png Graphic file (type png)
<use ../img/I/Ip.png>
Package pdftex.def Info: ../img/I/Ip.png  used on input line 316.
(pdftex.def)             Requested size: 122.95853pt x 114.52708pt.

Overfull \hbox (9.31946pt too wide) in paragraph at lines 322--325
\T1/bch/m/n/10 Die Um-ge-bungs-luft ent-hält im-mer auch ei-ne ge-wis-se Men-ge
 Was-ser-dampf,welcher
 []


Underfull \hbox (badness 10000) in paragraph at lines 322--325

 []

<../img/I/Iq.png, id=89, 176.66pt x 155.58125pt>
File: ../img/I/Iq.png Graphic file (type png)
<use ../img/I/Iq.png>
Package pdftex.def Info: ../img/I/Iq.png  used on input line 336.
(pdftex.def)             Requested size: 123.66115pt x 108.90611pt.

Underfull \hbox (badness 10000) in paragraph at lines 331--340

 []

[15 <../img/I/Ip.png>]
<../img/I/Ir.png, id=94, 203.76125pt x 159.59625pt>
File: ../img/I/Ir.png Graphic file (type png)
<use ../img/I/Ir.png>
Package pdftex.def Info: ../img/I/Ir.png  used on input line 342.
(pdftex.def)             Requested size: 142.6319pt x 111.7166pt.
)) (../section/02section.tex [16 <../img/I/Iq.png> <../img/I/Ir.png>]
Kapitel 2.
(../subsection/02subsection.tex
Underfull \hbox (badness 10000) in paragraph at lines 3--10

 []


Underfull \hbox (badness 10000) in paragraph at lines 3--10

 []


Underfull \hbox (badness 10000) in paragraph at lines 3--10

 []

[17

]
Underfull \hbox (badness 10000) in paragraph at lines 27--38

 []


Underfull \hbox (badness 10000) in paragraph at lines 27--38

 []


Underfull \hbox (badness 10000) in paragraph at lines 27--38

 []


Underfull \hbox (badness 10000) in paragraph at lines 27--38

 []


Underfull \hbox (badness 10000) in paragraph at lines 27--38

 []

[18]
Underfull \hbox (badness 10000) in paragraph at lines 40--43

 []


Underfull \hbox (badness 10000) in paragraph at lines 52--57

 []


Underfull \hbox (badness 10000) in paragraph at lines 52--57

 []

[19]
Underfull \hbox (badness 10000) in paragraph at lines 64--67

 []

[20]
Underfull \hbox (badness 10000) in paragraph at lines 72--75

 []

)) [21] (./index.aux) ) 
Here is how much of TeX's memory you used:
 5488 strings out of 480608
 77800 string characters out of 5903630
 329591 words of memory out of 5000000
 21270 multiletter control sequences out of 15000+600000
 571671 words of font info for 59 fonts, out of 8000000 for 9000
 1141 hyphenation exceptions out of 8191
 41i,21n,42p,1035b,352s stack positions out of 5000i,500n,10000p,200000b,80000s
{/usr/local/texlive/2020/texmf-dist/fonts/enc/dvips/base
/8r.enc}</usr/local/texlive/2020/texmf-dist/fonts/type1/bitstrea/charter/bchb8a
.pfb></usr/local/texlive/2020/texmf-dist/fonts/type1/bitstrea/charter/bchbi8a.p
fb></usr/local/texlive/2020/texmf-dist/fonts/type1/bitstrea/charter/bchr8a.pfb>
</usr/local/texlive/2020/texmf-dist/fonts/type1/public/amsfonts/cm/cmex10.pfb><
/usr/local/texlive/2020/texmf-dist/fonts/type1/public/amsfonts/cm/cmmi10.pfb></
usr/local/texlive/2020/texmf-dist/fonts/type1/public/amsfonts/cm/cmmi7.pfb></us
r/local/texlive/2020/texmf-dist/fonts/type1/public/amsfonts/cm/cmr10.pfb></usr/
local/texlive/2020/texmf-dist/fonts/type1/public/amsfonts/cm/cmr5.pfb></usr/loc
al/texlive/2020/texmf-dist/fonts/type1/public/amsfonts/cm/cmr7.pfb></usr/local/
texlive/2020/texmf-dist/fonts/type1/public/amsfonts/cm/cmsy10.pfb></usr/local/t
exlive/2020/texmf-dist/fonts/type1/public/amsfonts/cm/cmsy7.pfb></usr/local/tex
live/2020/texmf-dist/fonts/type1/public/esint-type1/esint10.pfb></usr/local/tex
live/2020/texmf-dist/fonts/type1/public/amsfonts/symbols/msbm10.pfb>
Output written on index.pdf (21 pages, 1374171 bytes).
PDF statistics:
 160 PDF objects out of 1000 (max. 8388607)
 89 compressed objects within 1 object stream
 0 named destinations out of 1000 (max. 500000)
 86 words of extra memory for PDF output out of 10000 (max. 10000000)

