This is pdfTeX, Version 3.14159265-2.6-1.40.21 (TeX Live 2020) (preloaded format=pdflatex 2020.4.21)  18 AUG 2020 22:41
entering extended mode
 restricted \write18 enabled.
 %&-line parsing enabled.
**index.tex
(./index.tex
LaTeX2e <2020-02-02> patch level 5
L3 programming layer <2020-03-06>
(/usr/local/texlive/2020/texmf-dist/tex/latex/base/report.cls
Document Class: report 2019/12/20 v1.4l Standard LaTeX document class
(/usr/local/texlive/2020/texmf-dist/tex/latex/base/size10.clo
File: size10.clo 2019/12/20 v1.4l Standard LaTeX file (size option)
)
\c@part=\count167
\c@chapter=\count168
\c@section=\count169
\c@subsection=\count170
\c@subsubsection=\count171
\c@paragraph=\count172
\c@subparagraph=\count173
\c@figure=\count174
\c@table=\count175
\abovecaptionskip=\skip47
\belowcaptionskip=\skip48
\bibindent=\dimen134
)
(/usr/local/texlive/2020/texmf-dist/tex/latex/base/inputenc.sty
Package: inputenc 2018/08/11 v1.3c Input encoding file
\inpenc@prehook=\toks15
\inpenc@posthook=\toks16
)
(/usr/local/texlive/2020/texmf-dist/tex/generic/babel/babel.sty
Package: babel 2020/03/22 3.42 The Babel package

(/usr/local/texlive/2020/texmf-dist/tex/generic/babel/switch.def
File: switch.def 2020/03/22 3.42 Babel switching mechanism
)
(/usr/local/texlive/2020/texmf-dist/tex/generic/babel-german/german.ldf
Language: german 2018/12/08 v2.11 German support for babel (pre-1996 orthograph
y)

(/usr/local/texlive/2020/texmf-dist/tex/generic/babel-german/germanb.ldf
Language: germanb 2018/12/08 v2.11 German support for babel (pre-1996 orthograp
hy)

(/usr/local/texlive/2020/texmf-dist/tex/generic/babel/babel.def
File: babel.def 2020/03/22 3.42 Babel common definitions
\babel@savecnt=\count176
\U@D=\dimen135

(/usr/local/texlive/2020/texmf-dist/tex/generic/babel/txtbabel.def)
\bbl@readstream=\read2
\bbl@dirlevel=\count177
)
Package babel Info: Making " an active character on input line 135.
)))
(/usr/local/texlive/2020/texmf-dist/tex/latex/amsfonts/amssymb.sty
Package: amssymb 2013/01/14 v3.01 AMS font symbols

(/usr/local/texlive/2020/texmf-dist/tex/latex/amsfonts/amsfonts.sty
Package: amsfonts 2013/01/14 v3.01 Basic AMSFonts support
\@emptytoks=\toks17
\symAMSa=\mathgroup4
\symAMSb=\mathgroup5
LaTeX Font Info:    Redeclaring math symbol \hbar on input line 98.
LaTeX Font Info:    Overwriting math alphabet `\mathfrak' in version `bold'
(Font)                  U/euf/m/n --> U/euf/b/n on input line 106.
))
(/usr/local/texlive/2020/texmf-dist/tex/latex/amsmath/amsmath.sty
Package: amsmath 2020/01/20 v2.17e AMS math features
\@mathmargin=\skip49

For additional information on amsmath, use the `?' option.
(/usr/local/texlive/2020/texmf-dist/tex/latex/amsmath/amstext.sty
Package: amstext 2000/06/29 v2.01 AMS text

(/usr/local/texlive/2020/texmf-dist/tex/latex/amsmath/amsgen.sty
File: amsgen.sty 1999/11/30 v2.0 generic functions
\@emptytoks=\toks18
\ex@=\dimen136
))
(/usr/local/texlive/2020/texmf-dist/tex/latex/amsmath/amsbsy.sty
Package: amsbsy 1999/11/29 v1.2d Bold Symbols
\pmbraise@=\dimen137
)
(/usr/local/texlive/2020/texmf-dist/tex/latex/amsmath/amsopn.sty
Package: amsopn 2016/03/08 v2.02 operator names
)
\inf@bad=\count178
LaTeX Info: Redefining \frac on input line 227.
\uproot@=\count179
\leftroot@=\count180
LaTeX Info: Redefining \overline on input line 389.
\classnum@=\count181
\DOTSCASE@=\count182
LaTeX Info: Redefining \ldots on input line 486.
LaTeX Info: Redefining \dots on input line 489.
LaTeX Info: Redefining \cdots on input line 610.
\Mathstrutbox@=\box45
\strutbox@=\box46
\big@size=\dimen138
LaTeX Font Info:    Redeclaring font encoding OML on input line 733.
LaTeX Font Info:    Redeclaring font encoding OMS on input line 734.
\macc@depth=\count183
\c@MaxMatrixCols=\count184
\dotsspace@=\muskip16
\c@parentequation=\count185
\dspbrk@lvl=\count186
\tag@help=\toks19
\row@=\count187
\column@=\count188
\maxfields@=\count189
\andhelp@=\toks20
\eqnshift@=\dimen139
\alignsep@=\dimen140
\tagshift@=\dimen141
\tagwidth@=\dimen142
\totwidth@=\dimen143
\lineht@=\dimen144
\@envbody=\toks21
\multlinegap=\skip50
\multlinetaggap=\skip51
\mathdisplay@stack=\toks22
LaTeX Info: Redefining \[ on input line 2859.
LaTeX Info: Redefining \] on input line 2860.
)
(/usr/local/texlive/2020/texmf-dist/tex/latex/cancel/cancel.sty
Package: cancel 2013/04/12 v2.2 Cancel math terms
)
(/usr/local/texlive/2020/texmf-dist/tex/latex/tools/enumerate.sty
Package: enumerate 2015/07/23 v3.00 enumerate extensions (DPC)
\@enLab=\toks23
)
(/usr/local/texlive/2020/texmf-dist/tex/latex/esint/esint.sty
Package: esint 
\symlargesymbolsA=\mathgroup6
)
(/usr/local/texlive/2020/texmf-dist/tex/latex/base/fontenc.sty
Package: fontenc 2020/02/11 v2.0o Standard LaTeX package
)
(/usr/local/texlive/2020/texmf-dist/tex/latex/psnfss/charter.sty
Package: charter 2005/04/12 PSNFSS-v9.2a (P.Dyballa) 
)
(/usr/local/texlive/2020/texmf-dist/tex/latex/float/float.sty
Package: float 2001/11/08 v1.3d Float enhancements (AL)
\c@float@type=\count190
\float@exts=\toks24
\float@box=\box47
\@float@everytoks=\toks25
\@floatcapt=\box48
)
(/usr/local/texlive/2020/texmf-dist/tex/latex/caption/caption.sty
Package: caption 2020/01/03 v3.4h Customizing captions (AR)

(/usr/local/texlive/2020/texmf-dist/tex/latex/caption/caption3.sty
Package: caption3 2020/01/03 v1.8h caption3 kernel (AR)
Package caption3 Info: TeX engine: e-TeX on input line 61.

(/usr/local/texlive/2020/texmf-dist/tex/latex/graphics/keyval.sty
Package: keyval 2014/10/28 v1.15 key=value parser (DPC)
\KV@toks@=\toks26
)
\captionmargin=\dimen145
\captionmargin@=\dimen146
\captionwidth=\dimen147
\caption@tempdima=\dimen148
\caption@indent=\dimen149
\caption@parindent=\dimen150
\caption@hangindent=\dimen151
Package caption Info: Standard document class detected.
)
(/usr/local/texlive/2020/texmf-dist/tex/latex/newfloat/newfloat.sty
Package: newfloat 2019/09/02 v1.1l Defining new floating environments (AR)
Package newfloat Info: Document class `report' detected.
)
\c@caption@flags=\count191
\c@continuedfloat=\count192
Package caption Info: float package is loaded.
)
(/usr/local/texlive/2020/texmf-dist/tex/latex/comment/comment.sty
\CommentStream=\write3

Excluding comment 'comment')
(/usr/local/texlive/2020/texmf-dist/tex/latex/graphics/graphicx.sty
Package: graphicx 2019/11/30 v1.2a Enhanced LaTeX Graphics (DPC,SPQR)

(/usr/local/texlive/2020/texmf-dist/tex/latex/graphics/graphics.sty
Package: graphics 2019/11/30 v1.4a Standard LaTeX Graphics (DPC,SPQR)

(/usr/local/texlive/2020/texmf-dist/tex/latex/graphics/trig.sty
Package: trig 2016/01/03 v1.10 sin cos tan (DPC)
)
(/usr/local/texlive/2020/texmf-dist/tex/latex/graphics-cfg/graphics.cfg
File: graphics.cfg 2016/06/04 v1.11 sample graphics configuration
)
Package graphics Info: Driver file: pdftex.def on input line 105.

(/usr/local/texlive/2020/texmf-dist/tex/latex/graphics-def/pdftex.def
File: pdftex.def 2018/01/08 v1.0l Graphics/color driver for pdftex
))
\Gin@req@height=\dimen152
\Gin@req@width=\dimen153
)
(/usr/local/texlive/2020/texmf-dist/tex/latex/xcolor/xcolor.sty
Package: xcolor 2016/05/11 v2.12 LaTeX color extensions (UK)

(/usr/local/texlive/2020/texmf-dist/tex/latex/graphics-cfg/color.cfg
File: color.cfg 2016/01/02 v1.6 sample color configuration
)
Package xcolor Info: Driver file: pdftex.def on input line 225.
Package xcolor Info: Model `cmy' substituted by `cmy0' on input line 1348.
Package xcolor Info: Model `hsb' substituted by `rgb' on input line 1352.
Package xcolor Info: Model `RGB' extended on input line 1364.
Package xcolor Info: Model `HTML' substituted by `rgb' on input line 1366.
Package xcolor Info: Model `Hsb' substituted by `hsb' on input line 1367.
Package xcolor Info: Model `tHsb' substituted by `hsb' on input line 1368.
Package xcolor Info: Model `HSB' substituted by `hsb' on input line 1369.
Package xcolor Info: Model `Gray' substituted by `gray' on input line 1370.
Package xcolor Info: Model `wave' substituted by `hsb' on input line 1371.
)
(/usr/local/texlive/2020/texmf-dist/tex/latex/wrapfig/wrapfig.sty
\wrapoverhang=\dimen154
\WF@size=\dimen155
\c@WF@wrappedlines=\count193
\WF@box=\box49
\WF@everypar=\toks27
Package: wrapfig 2003/01/31  v 3.6
)
(/usr/local/texlive/2020/texmf-dist/tex/latex/sectsty/sectsty.sty
Package: sectsty 2002/02/25 v2.0.2 Commands to change all sectional heading sty
les


LaTeX Warning: Command \underbar  has changed.
               Check if current package is valid.


LaTeX Warning: Command \underline  has changed.
               Check if current package is valid.

) (/usr/local/texlive/2020/texmf-dist/tex/latex/listings/listings.sty
\lst@mode=\count194
\lst@gtempboxa=\box50
\lst@token=\toks28
\lst@length=\count195
\lst@currlwidth=\dimen156
\lst@column=\count196
\lst@pos=\count197
\lst@lostspace=\dimen157
\lst@width=\dimen158
\lst@newlines=\count198
\lst@lineno=\count199
\lst@maxwidth=\dimen159

(/usr/local/texlive/2020/texmf-dist/tex/latex/listings/lstmisc.sty
File: lstmisc.sty 2020/03/24 1.8d (Carsten Heinz)
\c@lstnumber=\count266
\lst@skipnumbers=\count267
\lst@framebox=\box51
)
(/usr/local/texlive/2020/texmf-dist/tex/latex/listings/listings.cfg
File: listings.cfg 2020/03/24 1.8d listings configuration
))
Package: listings 2020/03/24 1.8d (Carsten Heinz)

(/usr/local/texlive/2020/texmf-dist/tex/latex/listings/lstlang1.sty
File: lstlang1.sty 2020/03/24 1.8d listings language file
)
(/usr/local/texlive/2020/texmf-dist/tex/latex/listings/lstlang1.sty
File: lstlang1.sty 2020/03/24 1.8d listings language file
)
(/usr/local/texlive/2020/texmf-dist/tex/latex/listings/lstmisc.sty
File: lstmisc.sty 2020/03/24 1.8d (Carsten Heinz)
)
(/usr/local/texlive/2020/texmf-dist/tex/latex/l3backend/l3backend-pdfmode.def
File: l3backend-pdfmode.def 2020-03-12 L3 backend support: PDF mode
\l__kernel_color_stack_int=\count268
\l__pdf_internal_box=\box52
)
(./index.aux)
\openout1 = `index.aux'.

LaTeX Font Info:    Checking defaults for OML/cmm/m/it on input line 73.
LaTeX Font Info:    ... okay on input line 73.
LaTeX Font Info:    Checking defaults for OMS/cmsy/m/n on input line 73.
LaTeX Font Info:    ... okay on input line 73.
LaTeX Font Info:    Checking defaults for OT1/cmr/m/n on input line 73.
LaTeX Font Info:    ... okay on input line 73.
LaTeX Font Info:    Checking defaults for T1/cmr/m/n on input line 73.
LaTeX Font Info:    ... okay on input line 73.
LaTeX Font Info:    Checking defaults for TS1/cmr/m/n on input line 73.
LaTeX Font Info:    ... okay on input line 73.
LaTeX Font Info:    Checking defaults for OMX/cmex/m/n on input line 73.
LaTeX Font Info:    ... okay on input line 73.
LaTeX Font Info:    Checking defaults for U/cmr/m/n on input line 73.
LaTeX Font Info:    ... okay on input line 73.
LaTeX Font Info:    Trying to load font information for T1+bch on input line 73
.
 (/usr/local/texlive/2020/texmf-dist/tex/latex/psnfss/t1bch.fd
File: t1bch.fd 2004/10/18 font definitions for T1/bch.
)
Package caption Info: Begin \AtBeginDocument code.
Package caption Info: listings package is loaded.
Package caption Info: wrapfig package is loaded.
Package caption Info: End \AtBeginDocument code.
Package newfloat Info: `float' package detected.
Package newfloat Info: `wrapfig' package detected.

(/usr/local/texlive/2020/texmf-dist/tex/context/base/mkii/supp-pdf.mkii
[Loading MPS to PDF converter (version 2006.09.02).]
\scratchcounter=\count269
\scratchdimen=\dimen160
\scratchbox=\box53
\nofMPsegments=\count270
\nofMParguments=\count271
\everyMPshowfont=\toks29
\MPscratchCnt=\count272
\MPscratchDim=\dimen161
\MPnumerator=\count273
\makeMPintoPDFobject=\count274
\everyMPtoPDFconversion=\toks30
) (/usr/local/texlive/2020/texmf-dist/tex/latex/epstopdf-pkg/epstopdf-base.sty
Package: epstopdf-base 2020-01-24 v2.11 Base part for package epstopdf
Package epstopdf-base Info: Redefining graphics rule for `.eps' on input line 4
85.

(/usr/local/texlive/2020/texmf-dist/tex/latex/latexconfig/epstopdf-sys.cfg
File: epstopdf-sys.cfg 2010/07/13 v1.3 Configuration of (r)epstopdf for TeX Liv
e
))
\c@lstlisting=\count275

(../section/01section.tex
Kapitel 1.
(../subsection/01subsection.tex
Underfull \hbox (badness 10000) in paragraph at lines 2--9

 []


Underfull \hbox (badness 10000) in paragraph at lines 2--9

 []


Underfull \hbox (badness 10000) in paragraph at lines 2--9

 []


Underfull \hbox (badness 10000) in paragraph at lines 10--27

 []


Underfull \hbox (badness 10000) in paragraph at lines 10--27

 []


Underfull \hbox (badness 10000) in paragraph at lines 10--27

 []


Underfull \hbox (badness 10000) in paragraph at lines 10--27

 []


Underfull \hbox (badness 10000) in paragraph at lines 10--27

 []


Underfull \hbox (badness 10000) in paragraph at lines 10--27

 []


Underfull \hbox (badness 10000) in paragraph at lines 10--27

 []


Underfull \hbox (badness 10000) in paragraph at lines 10--27

 []

[1


{/usr/local/texlive/2020/texmf-var/fonts/map/pdftex/updmap/pdftex.map}]
Underfull \hbox (badness 10000) in paragraph at lines 28--45

 []


Underfull \hbox (badness 10000) in paragraph at lines 28--45

 []


Underfull \hbox (badness 10000) in paragraph at lines 28--45

 []


Underfull \hbox (badness 10000) in paragraph at lines 28--45

 []


Underfull \hbox (badness 10000) in paragraph at lines 28--45

 []


Underfull \hbox (badness 10000) in paragraph at lines 28--45

 []


Underfull \hbox (badness 10000) in paragraph at lines 28--45

 []


Underfull \hbox (badness 10000) in paragraph at lines 28--45

 []

[2]) [3]
Kapitel 2.
(../subsection/02subsection.tex
Underfull \hbox (badness 10000) in paragraph at lines 7--14

 []


Overfull \hbox (2.3095pt too wide) in paragraph at lines 7--14
\T1/bch/m/n/10 Primitive Da-ten-ty-pen für nu-me-ri-sche Zah-len oder Unicode-Z
eichen wer-den nicht
 []


Underfull \hbox (badness 10000) in paragraph at lines 7--14

 []


Underfull \hbox (badness 10000) in paragraph at lines 7--14

 []

[4

]
Overfull \hbox (16.74023pt too wide) in paragraph at lines 15--18
\T1/bch/m/n/10 gram-me, et-wa zur Si-gnie-rung von Java-Archiven oder zum Start
 ei-ner Management-
 []


Underfull \hbox (badness 10000) in paragraph at lines 15--18

 []


Overfull \hbox (13.4128pt too wide) in paragraph at lines 15--18
\T1/bch/m/n/10 Programmen nö-tig ist. Die Dis-tri-bu-ti-on um-fasst nur die JVM
 und Java-Bibliotheken,
 []

LaTeX Font Info:    Trying to load font information for T1+cmtt on input line 1
9.
(/usr/local/texlive/2020/texmf-dist/tex/latex/base/t1cmtt.fd
File: t1cmtt.fd 2019/12/16 v2.5j Standard LaTeX font definitions
)
Underfull \hbox (badness 10000) in paragraph at lines 19--26

 []


Underfull \hbox (badness 10000) in paragraph at lines 19--26

 []


Underfull \hbox (badness 10000) in paragraph at lines 19--26

 []

LaTeX Font Info:    Trying to load font information for U+msa on input line 40.

(/usr/local/texlive/2020/texmf-dist/tex/latex/amsfonts/umsa.fd
File: umsa.fd 2013/01/14 v3.01 AMS symbols A
)
LaTeX Font Info:    Trying to load font information for U+msb on input line 40.


(/usr/local/texlive/2020/texmf-dist/tex/latex/amsfonts/umsb.fd
File: umsb.fd 2013/01/14 v3.01 AMS symbols B
)
LaTeX Font Info:    Trying to load font information for U+esint on input line 4
0.

(/usr/local/texlive/2020/texmf-dist/tex/latex/esint/uesint.fd
File: uesint.fd 
)
Underfull \hbox (badness 10000) in paragraph at lines 28--47

 []


Underfull \hbox (badness 10000) in paragraph at lines 28--47

 []


Overfull \hbox (6.0908pt too wide) in paragraph at lines 28--47
[]\T1/bch/b/n/10 Whitespaces[] \T1/bch/m/n/10 sind Leer-zei-chen, Ta-bu-la-to-r
en, Zei-len-vor-schub und Sei-ten-vor-schub-
 []


Underfull \hbox (badness 10000) in paragraph at lines 28--47

 []


Underfull \hbox (badness 10000) in paragraph at lines 28--47

 []


Underfull \hbox (badness 10000) in paragraph at lines 28--47

 []


Underfull \hbox (badness 10000) in paragraph at lines 28--47

 []


Overfull \hbox (2.16147pt too wide) in paragraph at lines 28--47
\T1/bch/m/n/10 In-te-gra-le Li-te-ra-le für Zah-len, Flies-skom-ma-li-te-ra-le,
 Zei-chen-li-te-ra-le wie $\OMS/cmsy/m/n/10 n$\T1/bch/m/n/10 n, String-
 []


Underfull \hbox (badness 10000) in paragraph at lines 28--47

 []


Underfull \hbox (badness 10000) in paragraph at lines 28--47

 []


Overfull \hbox (37.714pt too wide) in paragraph at lines 28--47
\T1/cmtt/m/n/10 abstract\T1/bch/m/n/10 , \T1/cmtt/m/n/10 continue\T1/bch/m/n/10
 , \T1/cmtt/m/n/10 for\T1/bch/m/n/10 , \T1/cmtt/m/n/10 new\T1/bch/m/n/10 , \T1/
cmtt/m/n/10 switch\T1/bch/m/n/10 , \T1/cmtt/m/n/10 assert\T1/bch/m/n/10 , \T1/c
mtt/m/n/10 default\T1/bch/m/n/10 , \T1/cmtt/m/n/10 goto\T1/bch/m/n/10 , \T1/cmt
t/m/n/10 package\T1/bch/m/n/10 , \T1/cmtt/m/n/10 synchronized\T1/bch/m/n/10 ,
 []


Overfull \hbox (0.97298pt too wide) in paragraph at lines 28--47
\T1/cmtt/m/n/10 boolean\T1/bch/m/n/10 , \T1/cmtt/m/n/10 do\T1/bch/m/n/10 , \T1/
cmtt/m/n/10 if\T1/bch/m/n/10 , \T1/cmtt/m/n/10 private\T1/bch/m/n/10 , \T1/cmtt
/m/n/10 this\T1/bch/m/n/10 , \T1/cmtt/m/n/10 break\T1/bch/m/n/10 , \T1/cmtt/m/n
/10 double\T1/bch/m/n/10 , \T1/cmtt/m/n/10 implements\T1/bch/m/n/10 , \T1/cmtt/
m/n/10 protected\T1/bch/m/n/10 , \T1/cmtt/m/n/10 throw\T1/bch/m/n/10 ,
 []


Overfull \hbox (11.47041pt too wide) in paragraph at lines 28--47
\T1/cmtt/m/n/10 byte\T1/bch/m/n/10 , \T1/cmtt/m/n/10 else\T1/bch/m/n/10 , \T1/c
mtt/m/n/10 import\T1/bch/m/n/10 , \T1/cmtt/m/n/10 public\T1/bch/m/n/10 , \T1/cm
tt/m/n/10 throws\T1/bch/m/n/10 , \T1/cmtt/m/n/10 case\T1/bch/m/n/10 , \T1/cmtt/
m/n/10 enum\T1/bch/m/n/10 , \T1/cmtt/m/n/10 instanceof\T1/bch/m/n/10 , \T1/cmtt
/m/n/10 return\T1/bch/m/n/10 , \T1/cmtt/m/n/10 transient\T1/bch/m/n/10 ,
 []


Overfull \hbox (0.61493pt too wide) in paragraph at lines 28--47
\T1/cmtt/m/n/10 catch\T1/bch/m/n/10 , \T1/cmtt/m/n/10 extends\T1/bch/m/n/10 , \
T1/cmtt/m/n/10 int\T1/bch/m/n/10 , \T1/cmtt/m/n/10 short\T1/bch/m/n/10 , \T1/cm
tt/m/n/10 try\T1/bch/m/n/10 , \T1/cmtt/m/n/10 char\T1/bch/m/n/10 , \T1/cmtt/m/n
/10 final\T1/bch/m/n/10 , \T1/cmtt/m/n/10 interface\T1/bch/m/n/10 , \T1/cmtt/m/
n/10 static\T1/bch/m/n/10 , \T1/cmtt/m/n/10 void\T1/bch/m/n/10 , \T1/cmtt/m/n/1
0 class\T1/bch/m/n/10 ,
 []


Underfull \hbox (badness 10000) in paragraph at lines 28--47

 []


Overfull \hbox (28.34006pt too wide) in paragraph at lines 28--47
\T1/bch/m/n/10 schreibt die Me-tho-de oder die Pa-ra-me-ter, aus de-nen sich sp
ä-ter die API-Dokumentation
 []

[5]
Underfull \hbox (badness 10000) in paragraph at lines 48--59

 []


Overfull \hbox (5.69086pt too wide) in paragraph at lines 48--59
\T1/bch/m/n/10 Aus-drucks-an-wei-sun-gen, Zu-wei-sun-gen oder Me-tho-den-auf-ru
-fe, Fall-un-ter-schei-dun-
 []


Underfull \hbox (badness 10000) in paragraph at lines 48--59

 []


Underfull \hbox (badness 10000) in paragraph at lines 48--59

 []


Overfull \hbox (57.91093pt too wide) in paragraph at lines 48--59
\T1/bch/m/n/10 Eine be-son-de-re Me-tho-de ist \T1/cmtt/m/n/10 public static vo
id(String[] args){}\T1/bch/m/n/10 . Die \T1/cmtt/m/n/10 main(String[])\T1/bch/m
/n/10 -
 []


Underfull \hbox (badness 10000) in paragraph at lines 48--59

 []


Underfull \hbox (badness 10000) in paragraph at lines 48--59

 []

[6] (../../PROJEKTE/000001HelloWorld/src/PrimeraClase.java
LaTeX Font Info:    Font shape `T1/cmtt/bx/n' in size <8> not available
(Font)              Font shape `T1/cmtt/m/n' tried instead on input line 2.
) [7]
Underfull \hbox (badness 10000) in paragraph at lines 81--92

 []


Underfull \hbox (badness 10000) in paragraph at lines 81--92

 []


Overfull \hbox (8.91815pt too wide) in paragraph at lines 81--92
\T1/bch/m/n/10 rich-tet die An-fra-ge ge-nau an die-ses be-stimm-te Ob-jekt. Di
e Me-tho-de \T1/cmtt/m/n/10 println(...)
 []


Underfull \hbox (badness 10000) in paragraph at lines 81--92

 []


Underfull \hbox (badness 10000) in paragraph at lines 81--92

 []


Underfull \hbox (badness 10000) in paragraph at lines 81--92

 []


Underfull \hbox (badness 10000) in paragraph at lines 93--111

 []


Underfull \hbox (badness 10000) in paragraph at lines 93--111

 []


Overfull \hbox (60.53976pt too wide) in paragraph at lines 93--111
[] 
 []


Underfull \hbox (badness 10000) in paragraph at lines 93--111

 []

[8])) [9] (./index.aux) ) 
Here is how much of TeX's memory you used:
 7101 strings out of 480608
 99362 string characters out of 5903630
 587253 words of memory out of 5000000
 22875 multiletter control sequences out of 15000+600000
 565546 words of font info for 58 fonts, out of 8000000 for 9000
 1141 hyphenation exceptions out of 8191
 41i,6n,58p,933b,1286s stack positions out of 5000i,500n,10000p,200000b,80000s
{/usr/local/texlive/2020/texmf-dist/fonts/enc/dvips/cm
-super/cm-super-t1.enc}{/usr/local/texlive/2020/texmf-dist/fonts/enc/dvips/base
/8r.enc}</usr/local/texlive/2020/texmf-dist/fonts/type1/bitstrea/charter/bchb8a
.pfb></usr/local/texlive/2020/texmf-dist/fonts/type1/bitstrea/charter/bchr8a.pf
b></usr/local/texlive/2020/texmf-dist/fonts/type1/public/amsfonts/cm/cmsy10.pfb
></usr/local/texlive/2020/texmf-dist/fonts/type1/public/cm-super/sfit0800.pfb><
/usr/local/texlive/2020/texmf-dist/fonts/type1/public/cm-super/sftt0800.pfb></u
sr/local/texlive/2020/texmf-dist/fonts/type1/public/cm-super/sftt1000.pfb>
Output written on index.pdf (9 pages, 146001 bytes).
PDF statistics:
 60 PDF objects out of 1000 (max. 8388607)
 42 compressed objects within 1 object stream
 0 named destinations out of 1000 (max. 500000)
 1 words of extra memory for PDF output out of 10000 (max. 10000000)

